Clock: clk
Sources: 
Generated: no
Virtual: yes
Propagated: no
Period: 50.000000

===========================================================================
report_clock_properties
============================================================================
Clock                   Period          Waveform
----------------------------------------------------
clk                  50.000000    0.000000 25.000000

===========================================================================
report_clock_latency
============================================================================
Clock clk
rise -> rise
    min     max
0.000000 0.000000 source latency
10.615661         network latency _6881_/CLK
        11.510601 network latency _6888_/CLK
---------------
10.615661 11.510601 latency
        0.894940 skew

rise -> fall
    min     max
0.000000 0.000000 source latency
10.551393         network latency _6881_/CLK
        11.331239 network latency _6888_/CLK
---------------
10.551393 11.331239 latency
        0.779846 skew



===========================================================================
report_clock_min_period
============================================================================
clk period_min = 0.00 fmax = inf
