┏━━━━━━━┳━━━━━━━━━┳━━━━━━━━━━┳━━━━━━━━┳━━━━━━━━━━━━━┳━━━━━━━┓
┃ P / R ┃ Partial ┃ Required ┃ Net    ┃ Pin         ┃ Layer ┃
┡━━━━━━━╇━━━━━━━━━╇━━━━━━━━━━╇━━━━━━━━╇━━━━━━━━━━━━━╇━━━━━━━┩
│ 5.42  │ 2166.49 │ 400.00   │ net28  │ fanout402/A │ met3  │
│ 2.08  │ 831.98  │ 400.00   │ net29  │ fanout392/A │ met3  │
│ 2.08  │ 831.98  │ 400.00   │ net29  │ fanout394/A │ met3  │
│ 2.06  │ 825.85  │ 400.00   │ net321 │ _3881_/B    │ met1  │
│ 1.80  │ 720.96  │ 400.00   │ net328 │ _3856_/B    │ met1  │
│ 1.75  │ 698.53  │ 400.00   │ net339 │ _3836_/B    │ met1  │
│ 1.59  │ 636.24  │ 400.00   │ net475 │ _4720_/A    │ met1  │
│ 1.58  │ 633.63  │ 400.00   │ net197 │ _5367_/B    │ met3  │
│ 1.46  │ 584.44  │ 400.00   │ _3004_ │ _3833_/A    │ met3  │
│ 1.46  │ 584.44  │ 400.00   │ net5   │ _5924_/A1   │ met3  │
│ 1.44  │ 576.57  │ 400.00   │ a[27]  │ input20/A   │ met3  │
│ 1.41  │ 563.62  │ 400.00   │ a[31]  │ input25/A   │ met3  │
│ 1.36  │ 544.01  │ 400.00   │ net326 │ fanout324/A │ met1  │
│ 1.16  │ 463.43  │ 400.00   │ net40  │ fanout308/A │ met1  │
│ 1.15  │ 461.24  │ 400.00   │ net418 │ fanout415/A │ met1  │
│ 1.15  │ 459.92  │ 400.00   │ b[29]  │ input54/A   │ met3  │
│ 1.12  │ 449.66  │ 400.00   │ a[29]  │ input22/A   │ met3  │
│ 1.12  │ 447.05  │ 400.00   │ _2868_ │ _3666_/B    │ met3  │
│ 1.06  │ 425.34  │ 400.00   │ net381 │ fanout380/A │ met1  │
│ 1.04  │ 416.01  │ 400.00   │ net366 │ fanout365/A │ met1  │
│ 1.04  │ 414.36  │ 400.00   │ net44  │ fanout281/A │ met1  │
│ 1.03  │ 413.18  │ 400.00   │ net402 │ _4958_/A    │ met1  │
│ 1.03  │ 410.47  │ 400.00   │ _2998_ │ _3803_/A2   │ met3  │
│ 1.02  │ 409.22  │ 400.00   │ net333 │ _3829_/B    │ met1  │
│ 1.02  │ 409.22  │ 400.00   │ net333 │ _3862_/A_N  │ met1  │
│ 1.02  │ 406.56  │ 400.00   │ net320 │ _6829_/B    │ met1  │
│ 1.01  │ 405.19  │ 400.00   │ net188 │ fanout186/A │ met1  │
│ 1.01  │ 404.02  │ 400.00   │ net384 │ fanout382/A │ met2  │
└───────┴─────────┴──────────┴────────┴─────────────┴───────┘
