Clock: clk
Sources: 
Generated: no
Virtual: yes
Propagated: no
Period: 50.000000

===========================================================================
report_clock_properties
============================================================================
Clock                   Period          Waveform
----------------------------------------------------
clk                  50.000000    0.000000 25.000000

===========================================================================
report_clock_latency
============================================================================
Clock clk
rise -> rise
    min     max
0.000000 0.000000 source latency
10.355928         network latency _6881_/CLK
        10.860338 network latency _6888_/CLK
---------------
10.355928 10.860338 latency
        0.504410 skew

rise -> fall
    min     max
0.000000 0.000000 source latency
10.285863         network latency _6881_/CLK
        10.714291 network latency _6888_/CLK
---------------
10.285863 10.714291 latency
        0.428428 skew



===========================================================================
report_clock_min_period
============================================================================
clk period_min = 0.00 fmax = inf
