
 /----------------------------------------------------------------------------\
 |  yosys -- Yosys Open SYnthesis Suite                                       |
 |  Copyright (C) 2012 - 2026  Claire Xenia Wolf <claire@yosyshq.com>         |
 |  Distributed under an ISC-like license, type "license" to see terms        |
 \----------------------------------------------------------------------------/
 Yosys 0.63+87 (git sha1 2f1cdc2df, clang++ 18.1.8 -fPIC -O3)

-- Executing script file `design_smt2.ys' --

1. Executing RTLIL frontend.
Input filename: design_prep.il

2. Executing HIERARCHY pass (managing design hierarchy).
Attribute `top' found on module `fifo_system_top_formal'. Setting top module to fifo_system_top_formal.

2.1. Analyzing design hierarchy..
Top module:  \fifo_system_top_formal

2.2. Analyzing design hierarchy..
Top module:  \fifo_system_top_formal
Removed 0 unused modules.
Module fifo_system_top_formal directly or indirectly contains formal properties -> setting "keep" attribute.

3. Executing FORMALFF pass.

4. Executing DFFUNMAP pass (unmap clock enable and synchronous reset from FFs).

5. Printing statistics.

=== fifo_system_top_formal ===

        +----------Local Count, excluding submodules.
        | 
       28 wires
       31 wire bits
        9 public wires
       12 public wire bits
        9 ports
       12 port bits
       28 cells
        3   $assert
        6   $assume
        5   $ff
        4   $logic_and
        3   $logic_not
        1   $lt
        4   $mux
        2   $not

6. Executing SMT2 backend.

6.1. Executing BMUXMAP pass.

6.2. Executing DEMUXMAP pass.
Creating SMT-LIBv2 representation of module fifo_system_top_formal.

End of script. Logfile hash: 21f217a36b, CPU: user 0.02s system 0.00s, MEM: 15.31 MB peak
Yosys 0.63+87 (git sha1 2f1cdc2df, clang++ 18.1.8 -fPIC -O3)
Time spent: 53% 2x write_smt2 (0 sec), 23% 2x read_rtlil (0 sec), ...
