
 /----------------------------------------------------------------------------\
 |  yosys -- Yosys Open SYnthesis Suite                                       |
 |  Copyright (C) 2012 - 2026  Claire Xenia Wolf <claire@yosyshq.com>         |
 |  Distributed under an ISC-like license, type "license" to see terms        |
 \----------------------------------------------------------------------------/
 Yosys 0.63+87 (git sha1 2f1cdc2df, clang++ 18.1.8 -fPIC -O3)

-- Executing script file `design_prep.ys' --

1. Executing RTLIL frontend.
Input filename: design.il

2. Executing SCC pass (detecting logic loops).
Found 0 SCCs in module riscv_top.
Found 0 SCCs.

3. Executing SIMPLEMAP pass (map simple cells to gate primitives).

4. Executing MEMORY_NORDFF pass (extracting $dff cells from memories).

5. Executing ASYNC2SYNC pass.

6. Executing OPT_CLEAN pass (remove unused cells and wires).
Finding unused cells or wires in module \riscv_top..

7. Executing FORMALFF pass.

8. Executing OPT_CLEAN pass (remove unused cells and wires).
Finding unused cells or wires in module \riscv_top..

9. Executing CHECK pass (checking for obvious problems).
Checking module riscv_top...
Found and reported 0 problems.

10. Executing SETUNDEF pass (replace undef values with defined constants).

11. Executing OPT pass (performing simple optimizations).

11.1. Executing OPT_EXPR pass (perform const folding).
Optimizing module riscv_top.

11.2. Executing OPT_MERGE pass (detect identical cells).
Finding identical cells in module `\riscv_top'.
Computing hashes of 0 cells of `\riscv_top'.
Finding duplicate cells in `\riscv_top'.
Removed a total of 0 cells.

11.3. Executing OPT_DFF pass (perform DFF optimizations).

11.4. Executing OPT_CLEAN pass (remove unused cells and wires).
Finding unused cells or wires in module \riscv_top..

11.5. Finished fast OPT passes.

12. Executing OPT_CLEAN pass (remove unused cells and wires).
Finding unused cells or wires in module \riscv_top..

13. Executing RTLIL backend.
Output filename: ../model/design_prep.il

End of script. Logfile hash: 41b128b865, CPU: user 0.02s system 0.01s, MEM: 14.72 MB peak
Yosys 0.63+87 (git sha1 2f1cdc2df, clang++ 18.1.8 -fPIC -O3)
Time spent: 22% 2x read_rtlil (0 sec), 18% 1x setundef (0 sec), ...
