Clock: clk
Sources: 
Generated: no
Virtual: yes
Propagated: no
Period: 50.000000

===========================================================================
report_clock_properties
============================================================================
Clock                   Period          Waveform
----------------------------------------------------
clk                  50.000000    0.000000 25.000000

===========================================================================
report_clock_latency
============================================================================
Clock clk
rise -> rise
    min     max
0.000000 0.000000 source latency
10.283078         network latency _6881_/CLK
        10.678403 network latency _6888_/CLK
---------------
10.283078 10.678403 latency
        0.395325 skew

rise -> fall
    min     max
0.000000 0.000000 source latency
10.247012         network latency _6881_/CLK
        10.586475 network latency _6888_/CLK
---------------
10.247012 10.586475 latency
        0.339463 skew



===========================================================================
report_clock_min_period
============================================================================
clk period_min = 0.00 fmax = inf
