Clock: clk
Sources: 
Generated: no
Virtual: yes
Propagated: no
Period: 50.000000

===========================================================================
report_clock_properties
============================================================================
Clock                   Period          Waveform
----------------------------------------------------
clk                  50.000000    0.000000 25.000000

===========================================================================
report_clock_latency
============================================================================
Clock clk
rise -> rise
    min     max
0.000000 0.000000 source latency
10.296989         network latency _6881_/CLK
        10.712177 network latency _6888_/CLK
---------------
10.296989 10.712177 latency
        0.415188 skew

rise -> fall
    min     max
0.000000 0.000000 source latency
10.254796         network latency _6881_/CLK
        10.610104 network latency _6888_/CLK
---------------
10.254796 10.610104 latency
        0.355307 skew



===========================================================================
report_clock_min_period
============================================================================
clk period_min = 0.00 fmax = inf
