
===========================================================================
report_checks -unconstrained
===========================================================================
======================= min_ss_100C_1v60 Corner ===================================

Startpoint: b[4] (input port clocked by clk)
Endpoint: return_port[31] (output port clocked by clk)
Path Group: clk
Path Type: max

Fanout         Cap        Slew       Delay        Time   Description
---------------------------------------------------------------------------------------------
                      0.000000    0.000000    0.000000   clock clk (rise edge)
                                  0.000000    0.000000   clock network delay (ideal)
                                 10.000000   10.000000 ^ input external delay
     1    0.005892    0.053239    0.032055   10.032056 ^ b[4] (in)
                                                         b[4] (net)
                      0.053240    0.000000   10.032056 ^ input59/A (sky130_fd_sc_hd__buf_1)
     1    0.014168    0.277112    0.290643   10.322699 ^ input59/X (sky130_fd_sc_hd__buf_1)
                                                         net59 (net)
                      0.277116    0.000838   10.323536 ^ fanout230/A (sky130_fd_sc_hd__clkbuf_4)
     6    0.058042    0.283698    0.499528   10.823065 ^ fanout230/X (sky130_fd_sc_hd__clkbuf_4)
                                                         net230 (net)
                      0.283698    0.000454   10.823519 ^ fanout229/A (sky130_fd_sc_hd__clkbuf_2)
     5    0.028821    0.251038    0.415923   11.239442 ^ fanout229/X (sky130_fd_sc_hd__clkbuf_2)
                                                         net229 (net)
                      0.251038    0.000655   11.240097 ^ fanout228/A (sky130_fd_sc_hd__dlymetal6s2s_1)
     5    0.022591    0.365195    0.452939   11.693036 ^ fanout228/X (sky130_fd_sc_hd__dlymetal6s2s_1)
                                                         net228 (net)
                      0.365195    0.000081   11.693117 ^ fanout227/A (sky130_fd_sc_hd__buf_2)
    10    0.039219    0.309729    0.496677   12.189795 ^ fanout227/X (sky130_fd_sc_hd__buf_2)
                                                         net227 (net)
                      0.309729    0.000775   12.190570 ^ _4978_/A1 (sky130_fd_sc_hd__a22o_1)
     3    0.007675    0.151936    0.414253   12.604822 ^ _4978_/X (sky130_fd_sc_hd__a22o_1)
                                                         _0736_ (net)
                      0.151936    0.000020   12.604843 ^ _4980_/D_N (sky130_fd_sc_hd__or4b_1)
     2    0.007781    0.234571    1.147268   13.752110 v _4980_/X (sky130_fd_sc_hd__or4b_1)
                                                         _0738_ (net)
                      0.234571    0.000135   13.752246 v _4982_/B (sky130_fd_sc_hd__and3_1)
     2    0.004749    0.087521    0.432386   14.184631 v _4982_/X (sky130_fd_sc_hd__and3_1)
                                                         _0740_ (net)
                      0.087521    0.000039   14.184670 v _4984_/A (sky130_fd_sc_hd__nor2_1)
     1    0.006103    0.225353    0.242489   14.427159 ^ _4984_/Y (sky130_fd_sc_hd__nor2_1)
                                                         _0742_ (net)
                      0.225353    0.000082   14.427241 ^ _4985_/B (sky130_fd_sc_hd__xnor2_1)
     2    0.008693    0.388927    0.320861   14.748102 ^ _4985_/Y (sky130_fd_sc_hd__xnor2_1)
                                                         _0743_ (net)
                      0.388927    0.000096   14.748198 ^ _4987_/B (sky130_fd_sc_hd__xnor2_1)
     2    0.010660    0.440596    0.394390   15.142588 ^ _4987_/Y (sky130_fd_sc_hd__xnor2_1)
                                                         _0745_ (net)
                      0.440596    0.000220   15.142808 ^ _4989_/B (sky130_fd_sc_hd__xnor2_1)
     2    0.008150    0.174205    0.314261   15.457069 v _4989_/Y (sky130_fd_sc_hd__xnor2_1)
                                                         _0747_ (net)
                      0.174205    0.000112   15.457181 v _5010_/A (sky130_fd_sc_hd__and3_2)
     4    0.019480    0.142388    0.501856   15.959037 v _5010_/X (sky130_fd_sc_hd__and3_2)
                                                         _0769_ (net)
                      0.142388    0.000151   15.959188 v _5012_/A2 (sky130_fd_sc_hd__o21a_1)
     2    0.011148    0.138818    0.411792   16.370979 v _5012_/X (sky130_fd_sc_hd__o21a_1)
                                                         _0771_ (net)
                      0.138818    0.000028   16.371008 v _5014_/A2 (sky130_fd_sc_hd__o211a_1)
     2    0.004768    0.089883    0.424746   16.795755 v _5014_/X (sky130_fd_sc_hd__o211a_1)
                                                         _0773_ (net)
                      0.089883    0.000039   16.795794 v _5015_/C (sky130_fd_sc_hd__or3_2)
     4    0.012954    0.223644    1.084640   17.880434 v _5015_/X (sky130_fd_sc_hd__or3_2)
                                                         _0774_ (net)
                      0.223644    0.000158   17.880592 v _5108_/A (sky130_fd_sc_hd__or3_2)
     4    0.021270    0.265779    1.336547   19.217138 v _5108_/X (sky130_fd_sc_hd__or3_2)
                                                         _0876_ (net)
                      0.265779    0.000199   19.217337 v _5111_/A1 (sky130_fd_sc_hd__a211o_1)
     2    0.006250    0.116111    0.601316   19.818653 v _5111_/X (sky130_fd_sc_hd__a211o_1)
                                                         _0879_ (net)
                      0.116111    0.000091   19.818745 v _5113_/A2 (sky130_fd_sc_hd__a211oi_1)
     2    0.008392    0.577985    0.609246   20.427990 ^ _5113_/Y (sky130_fd_sc_hd__a211oi_1)
                                                         _0881_ (net)
                      0.577985    0.000094   20.428085 ^ _5114_/C1 (sky130_fd_sc_hd__a211oi_2)
     4    0.013861    0.175037    0.271371   20.699455 v _5114_/Y (sky130_fd_sc_hd__a211oi_2)
                                                         _0882_ (net)
                      0.175037    0.000068   20.699522 v _5116_/A1 (sky130_fd_sc_hd__o211a_1)
     3    0.006894    0.106777    0.486009   21.185532 v _5116_/X (sky130_fd_sc_hd__o211a_1)
                                                         _0884_ (net)
                      0.106777    0.000050   21.185581 v _5216_/C (sky130_fd_sc_hd__or4b_1)
     2    0.007202    0.238324    1.193364   22.378946 v _5216_/X (sky130_fd_sc_hd__or4b_1)
                                                         _0993_ (net)
                      0.238324    0.000060   22.379005 v _5416_/A3 (sky130_fd_sc_hd__o311a_1)
     2    0.011003    0.167773    0.698099   23.077105 v _5416_/X (sky130_fd_sc_hd__o311a_1)
                                                         _1211_ (net)
                      0.167773    0.000414   23.077518 v _5885_/A2 (sky130_fd_sc_hd__o31a_1)
     3    0.011601    0.162452    0.647274   23.724794 v _5885_/X (sky130_fd_sc_hd__o31a_1)
                                                         _1723_ (net)
                      0.162452    0.000377   23.725170 v _6151_/C (sky130_fd_sc_hd__or4b_2)
     4    0.016156    0.314102    1.654934   25.380104 v _6151_/X (sky130_fd_sc_hd__or4b_2)
                                                         _2013_ (net)
                      0.314102    0.000458   25.380562 v _6745_/A1 (sky130_fd_sc_hd__a2111o_1)
     2    0.009027    0.167948    0.877245   26.257807 v _6745_/X (sky130_fd_sc_hd__a2111o_1)
                                                         _2661_ (net)
                      0.167948    0.000187   26.257994 v _6747_/A1 (sky130_fd_sc_hd__a211o_1)
     3    0.008815    0.138308    0.587344   26.845337 v _6747_/X (sky130_fd_sc_hd__a211o_1)
                                                         _2664_ (net)
                      0.138308    0.000085   26.845423 v _6867_/A2 (sky130_fd_sc_hd__a31o_1)
     1    0.002151    0.060033    0.386169   27.231592 v _6867_/X (sky130_fd_sc_hd__a31o_1)
                                                         _2795_ (net)
                      0.060033    0.000023   27.231615 v _6868_/A2_N (sky130_fd_sc_hd__a2bb2o_1)
     1    0.017080    0.271294    0.628964   27.860579 ^ _6868_/X (sky130_fd_sc_hd__a2bb2o_1)
                                                         net101 (net)
                      0.271294    0.001101   27.861679 ^ output101/A (sky130_fd_sc_hd__clkbuf_4)
     1    0.036570    0.190079    0.427699   28.289379 ^ output101/X (sky130_fd_sc_hd__clkbuf_4)
                                                         return_port[31] (net)
                      0.190082    0.001114   28.290493 ^ return_port[31] (out)
                                             28.290493   data arrival time

                      0.000000   50.000000   50.000000   clock clk (rise edge)
                                  0.000000   50.000000   clock network delay (ideal)
                                 -0.250000   49.749996   clock uncertainty
                                  0.000000   49.749996   clock reconvergence pessimism
                                -10.000000   39.749996   output external delay
                                             39.749996   data required time
---------------------------------------------------------------------------------------------
                                             39.749996   data required time
                                            -28.290493   data arrival time
---------------------------------------------------------------------------------------------
                                             11.459504   slack (MET)




===========================================================================
report_checks --slack_max -0.01
============================================================================
======================= min_ss_100C_1v60 Corner ===================================

No paths found.


===========================================================================
 report_check_types -max_slew -max_cap -max_fanout -violators
============================================================================
======================= min_ss_100C_1v60 Corner ===================================

max slew

Pin                                        Limit        Slew       Slack
------------------------------------------------------------------------
_5867_/Y                                0.750000    0.941424   -0.191424 (VIOLATED)
_5869_/B1                               0.750000    0.941424   -0.191424 (VIOLATED)
_5871_/A1                               0.750000    0.941424   -0.191424 (VIOLATED)
max_cap110/A                            0.750000    0.941424   -0.191424 (VIOLATED)
_5401_/Y                                0.750000    0.941242   -0.191242 (VIOLATED)
_5403_/B1                               0.750000    0.941242   -0.191242 (VIOLATED)
_5404_/A1                               0.750000    0.941242   -0.191242 (VIOLATED)
max_cap111/A                            0.750000    0.941242   -0.191242 (VIOLATED)
fanout150/A                             0.750000    0.844725   -0.094725 (VIOLATED)
_4271_/Y                                0.750000    0.844703   -0.094703 (VIOLATED)
fanout149/A                             0.750000    0.844703   -0.094703 (VIOLATED)
_5954_/Y                                0.750000    0.835524   -0.085524 (VIOLATED)
_6091_/A2                               0.750000    0.835524   -0.085524 (VIOLATED)
_6092_/C1                               0.750000    0.835524   -0.085524 (VIOLATED)
max_cap113/A                            0.750000    0.835524   -0.085524 (VIOLATED)
_6138_/Y                                0.750000    0.797675   -0.047675 (VIOLATED)
_6285_/A2                               0.750000    0.797675   -0.047675 (VIOLATED)
_6286_/C1                               0.750000    0.797675   -0.047675 (VIOLATED)
max_cap109/A                            0.750000    0.797675   -0.047675 (VIOLATED)
_3705_/A1                               0.750000    0.770762   -0.020762 (VIOLATED)
_3439_/Y                                0.750000    0.770758   -0.020758 (VIOLATED)
fanout145/A                             0.750000    0.770758   -0.020758 (VIOLATED)

max fanout

Pin                                   Limit Fanout  Slack
---------------------------------------------------------
fanout320/X                              10     12     -2 (VIOLATED)
fanout321/X                              10     11        (VIOLATED)
fanout382/X                              10     11        (VIOLATED)



===========================================================================
report_parasitic_annotation -report_unannotated
============================================================================
Found 0 unannotated drivers.
Found 0 partially unannotated drivers.

===========================================================================
max slew violation count 22
max fanout violation count 3
max cap violation count 0
============================================================================

===========================================================================
check_setup -verbose -unconstrained_endpoints -multiple_clock -no_clock -no_input_delay -loops -generated_clocks
===========================================================================
Warning: There are 36 unclocked register/latch pins.
  _6874_/CLK
  _6875_/CLK
  _6876_/CLK
  _6877_/CLK
  _6878_/CLK
  _6879_/CLK
  _6880_/CLK
  _6881_/CLK
  _6882_/CLK
  _6883_/CLK
  _6884_/CLK
  _6885_/CLK
  _6886_/CLK
  _6887_/CLK
  _6888_/CLK
  _6889_/CLK
  _6890_/CLK
  _6891_/CLK
  _6892_/CLK
  _6893_/CLK
  _6894_/CLK
  _6895_/CLK
  _6896_/CLK
  _6897_/CLK
  _6898_/CLK
  _6899_/CLK
  _6900_/CLK
  _6901_/CLK
  _6902_/CLK
  _6903_/CLK
  _6904_/CLK
  _6905_/CLK
  _6906_/CLK
  _6907_/CLK
  _6908_/CLK
  _6909_/CLK
Warning: There are 37 unconstrained endpoints.
  done_port
  _6874_/D
  _6875_/D
  _6876_/D
  _6877_/D
  _6878_/D
  _6879_/D
  _6880_/D
  _6881_/D
  _6882_/D
  _6883_/D
  _6884_/D
  _6885_/D
  _6886_/D
  _6887_/D
  _6888_/D
  _6889_/D
  _6890_/D
  _6891_/D
  _6892_/D
  _6893_/D
  _6894_/D
  _6895_/D
  _6896_/D
  _6897_/D
  _6898_/D
  _6899_/D
  _6900_/D
  _6901_/D
  _6902_/D
  _6903_/D
  _6904_/D
  _6905_/D
  _6906_/D
  _6907_/D
  _6908_/D
  _6909_/D
