Startpoint: shift_amt[0] (input port clocked by clk)
Endpoint: y (output port clocked by clk)
Path Group: clk
Path Type: max

  Delay    Time   Description
---------------------------------------------------------
   0.00    0.00   clock clk (rise edge)
   0.00    0.00   clock network delay (ideal)
   2.00    2.00 v input external delay
   0.00    2.00 v shift_amt[0] (in)
   0.35    2.35 v _1_/X (sky130_fd_sc_hd__maj3_1)
   0.15    2.50 v _2_/X (sky130_fd_sc_hd__xor2_1)
   0.49    2.99 v _3_/X (sky130_fd_sc_hd__mux2_1)
   0.00    2.99 v y (out)
           2.99   data arrival time

  10.00   10.00   clock clk (rise edge)
   0.00   10.00   clock network delay (ideal)
   0.00   10.00   clock reconvergence pessimism
  -2.00    8.00   output external delay
           8.00   data required time
---------------------------------------------------------
           8.00   data required time
          -2.99   data arrival time
---------------------------------------------------------
           5.01   slack (MET)


