Clock: clk
Sources: 
Generated: no
Virtual: yes
Propagated: no
Period: 50.000000

===========================================================================
report_clock_properties
============================================================================
Clock                   Period          Waveform
----------------------------------------------------
clk                  50.000000    0.000000 25.000000

===========================================================================
report_clock_latency
============================================================================
Clock clk
rise -> rise
    min     max
0.000000 0.000000 source latency
10.308644         network latency _6874_/CLK
        10.308644 network latency _6874_/CLK
---------------
10.308644 10.308644 latency
        0.000000 skew

rise -> fall
    min     max
0.000000 0.000000 source latency
10.176077         network latency _6874_/CLK
        10.176077 network latency _6874_/CLK
---------------
10.176077 10.176077 latency
        0.000000 skew



===========================================================================
report_clock_min_period
============================================================================
clk period_min = 0.00 fmax = inf
