Reading timing models for corner nom_tt_025C_1v80…
Reading timing library for the 'nom_tt_025C_1v80' corner at '/home/asiclab/.ciel/ciel/sky130/versions/0fe599b2afb6708d281543108caf8310912f54af/sky130A/libs.ref/sky130_fd_sc_hd/lib/sky130_fd_sc_hd__tt_025C_1v80.lib'…
Reading timing models for corner nom_ff_n40C_1v95…
Reading timing library for the 'nom_ff_n40C_1v95' corner at '/home/asiclab/.ciel/ciel/sky130/versions/0fe599b2afb6708d281543108caf8310912f54af/sky130A/libs.ref/sky130_fd_sc_hd/lib/sky130_fd_sc_hd__ff_n40C_1v95.lib'…
Reading timing models for corner nom_ss_100C_1v60…
Reading timing library for the 'nom_ss_100C_1v60' corner at '/home/asiclab/.ciel/ciel/sky130/versions/0fe599b2afb6708d281543108caf8310912f54af/sky130A/libs.ref/sky130_fd_sc_hd/lib/sky130_fd_sc_hd__ss_100C_1v60.lib'…
Reading OpenROAD database at '/home/asiclab/Desktop/Lab2/runs/RUN_2026-02-22_21-45-16/27-openroad-globalplacement/alu.odb'…
Reading design constraints file at '/nix/store/7g0vizqj28nnagzfcf4gm732zlaywx9g-python3-3.11.9-env/lib/python3.11/site-packages/librelane/scripts/base.sdc'…
[WARNING STA-0366] port 'clk' not found.
[INFO] Using clock clk…
[INFO] Setting output delay to: 10
[INFO] Setting input delay to: 10
[WARNING STA-0366] port 'clk' not found.
[INFO] Setting load to: 0.033442
[INFO] Setting clock uncertainty to: 0.25
[INFO] Setting clock transition to: 0.1499999999999999944488848768742172978818416595458984375
[WARNING STA-0419] transition time can not be specified for virtual clocks.
[INFO] Setting timing derate to: 5%
[WARNING STA-0450] virtual clock clk can not be propagated.
[INFO] Setting RC values…
[INFO RSZ-0027] Inserted 75 input buffers.
[INFO RSZ-0028] Inserted 33 output buffers.
[INFO RSZ-0058] Using max wire length 6335um.
Iteration | Resized | Buffers | Nets repaired | Remaining
---------------------------------------------------------
        0 |       0 |       0 |             0 |      3688
      100 |      84 |       0 |             0 |      3588
      200 |     177 |       0 |             0 |      3488
      300 |     264 |       0 |             0 |      3388
      400 |     352 |       0 |             0 |      3288
      500 |     433 |       1 |             1 |      3188
      600 |     514 |       1 |             1 |      3088
      700 |     597 |       3 |             3 |      2988
      800 |     680 |       5 |             4 |      2888
      900 |     764 |       6 |             5 |      2788
     1000 |     851 |       7 |             7 |      2688
     1100 |     929 |       7 |             7 |      2588
     1200 |    1012 |       8 |             8 |      2488
     1300 |    1103 |       8 |             8 |      2388
     1400 |    1188 |       8 |             9 |      2288
     1500 |    1272 |       8 |            14 |      2188
     1600 |    1362 |       8 |            21 |      2088
     1700 |    1445 |       8 |            23 |      1988
     1800 |    1529 |       8 |            26 |      1888
     1900 |    1620 |      14 |            30 |      1788
     2000 |    1708 |      14 |            30 |      1688
     2100 |    1784 |      14 |            35 |      1588
     2200 |    1886 |      31 |            43 |      1488
     2300 |    1976 |      31 |            46 |      1388
     2400 |    2066 |      31 |            46 |      1288
     2500 |    2139 |      37 |            52 |      1188
     2600 |    2228 |      37 |            60 |      1088
     2700 |    2320 |      37 |            71 |       988
     2800 |    2413 |      42 |            82 |       888
     2900 |    2487 |      42 |            94 |       788
     3000 |    2587 |      42 |           116 |       688
     3100 |    2686 |      42 |           157 |       588
     3200 |    2781 |      42 |           195 |       488
     3300 |    2875 |      42 |           238 |       388
     3400 |    2974 |      42 |           269 |       288
     3500 |    3048 |      42 |           302 |       188
     3600 |    3384 |     318 |           362 |        88
    final |    3442 |     367 |           376 |         0
---------------------------------------------------------
[INFO RSZ-0034] Found 306 slew violations.
[INFO RSZ-0035] Found 75 fanout violations.
[INFO RSZ-0038] Inserted 367 buffers in 376 nets.
[INFO RSZ-0039] Resized 3442 instances.
Placement Analysis
---------------------------------
total displacement       7616.0 u
average displacement        1.3 u
max displacement           11.7 u
original HPWL          123436.8 u
legalized HPWL         129544.3 u
delta HPWL                    5 %

[INFO DPL-0020] Mirrored 1630 instances
[INFO DPL-0021] HPWL before          129544.3 u
[INFO DPL-0022] HPWL after           126924.3 u
[INFO DPL-0023] HPWL delta               -2.0 %
[INFO] Setting RC values…
Setting global connections for newly added cells…
[INFO] Setting global connections...
Updating metrics…
Cell type report:                       Count       Area
  Fill cell                               234     878.34
  Tap cell                               1428    1786.71
  Timing Repair Buffer                    475    2961.59
  Inverter                                 83     311.55
  Sequential cell                          36     720.69
  Multi-Input combinational cell         3386   26434.10
  Total                                  5642   33092.99
Writing OpenROAD database to '/home/asiclab/Desktop/Lab2/runs/RUN_2026-02-22_21-45-16/31-openroad-repairdesignpostgpl/alu.odb'…
Writing netlist to '/home/asiclab/Desktop/Lab2/runs/RUN_2026-02-22_21-45-16/31-openroad-repairdesignpostgpl/alu.nl.v'…
Writing powered netlist to '/home/asiclab/Desktop/Lab2/runs/RUN_2026-02-22_21-45-16/31-openroad-repairdesignpostgpl/alu.pnl.v'…
Writing layout to '/home/asiclab/Desktop/Lab2/runs/RUN_2026-02-22_21-45-16/31-openroad-repairdesignpostgpl/alu.def'…
Writing timing constraints to '/home/asiclab/Desktop/Lab2/runs/RUN_2026-02-22_21-45-16/31-openroad-repairdesignpostgpl/alu.sdc'…
