Startpoint: _3406_ (rising edge-triggered flip-flop clocked by clk)
Endpoint: _3542_ (rising edge-triggered flip-flop clocked by clk)
Path Group: clk
Path Type: max

Fanout       Cap      Slew     Delay      Time   Description
-------------------------------------------------------------------------------------
                    0.0000    0.0000    0.0000   clock clk (rise edge)
                              0.0000    0.0000   clock network delay (ideal)
                    0.0000    0.0000    0.0000 ^ _3406_/CLK (sky130_fd_sc_hd__dfxtp_1)
 32985  156.7138 1439.6141 1009.8212 1009.8212 ^ _3406_/Q (sky130_fd_sc_hd__dfxtp_1)
                                                 ex_mem_alu_result[0] (net)
                 1439.6141    0.0000 1009.8212 ^ u_mem/u_dmem/_427250_/B (sky130_fd_sc_hd__xor2_1)
  6577   15.3800 8234.9990 63619.7539 64629.5742 v u_mem/u_dmem/_427250_/X (sky130_fd_sc_hd__xor2_1)
                                                 u_mem/u_dmem/_152011_ (net)
                 8234.9990    0.0000 64629.5742 v u_mem/u_dmem/_495486_/S0 (sky130_fd_sc_hd__mux4_2)
     1    0.0022  215.2798 3198.1763 67827.7500 v u_mem/u_dmem/_495486_/X (sky130_fd_sc_hd__mux4_2)
                                                 u_mem/u_dmem/_220224_ (net)
                  215.2798    0.0000 67827.7500 v u_mem/u_dmem/_495491_/A2 (sky130_fd_sc_hd__o221ai_1)
     1    0.0024   30.4272   59.3136 67887.0625 ^ u_mem/u_dmem/_495491_/Y (sky130_fd_sc_hd__o221ai_1)
                                                 u_mem/u_dmem/_220229_ (net)
                   30.4272    0.0000 67887.0625 ^ u_mem/u_dmem/_495506_/A1 (sky130_fd_sc_hd__a21oi_1)
     1    0.0022    3.0088    0.1673 67887.2344 v u_mem/u_dmem/_495506_/Y (sky130_fd_sc_hd__a21oi_1)
                                                 u_mem/u_dmem/_220244_ (net)
                    3.0088    0.0000 67887.2344 v u_mem/u_dmem/_495890_/B1 (sky130_fd_sc_hd__a211o_1)
     1    0.0022    0.0883    1.0841 67888.3203 v u_mem/u_dmem/_495890_/X (sky130_fd_sc_hd__a211o_1)
                                                 u_mem/u_dmem/_220628_ (net)
                    0.0883    0.0000 67888.3203 v u_mem/u_dmem/_495891_/A3 (sky130_fd_sc_hd__a311oi_1)
     1    0.0025    0.2705    0.2619 67888.5781 ^ u_mem/u_dmem/_495891_/Y (sky130_fd_sc_hd__a311oi_1)
                                                 u_mem/u_dmem/_220629_ (net)
                    0.2705    0.0000 67888.5781 ^ u_mem/u_dmem/_495897_/B (sky130_fd_sc_hd__nor3_1)
     1    0.0022    0.1330    0.0800 67888.6562 v u_mem/u_dmem/_495897_/Y (sky130_fd_sc_hd__nor3_1)
                                                 u_mem/u_dmem/_220635_ (net)
                    0.1330    0.0000 67888.6562 v u_mem/u_dmem/_496461_/B (sky130_fd_sc_hd__nor3_1)
     1    0.0024    0.1460    0.1819 67888.8438 ^ u_mem/u_dmem/_496461_/Y (sky130_fd_sc_hd__nor3_1)
                                                 u_mem/u_dmem/_221199_ (net)
                    0.1460    0.0000 67888.8438 ^ u_mem/u_dmem/_496463_/B1 (sky130_fd_sc_hd__o221ai_1)
     1    0.0022    1.4044    0.1310 67888.9688 v u_mem/u_dmem/_496463_/Y (sky130_fd_sc_hd__o221ai_1)
                                                 mem_load_data[31] (net)
                    1.4044    0.0000 67888.9688 v _2896_/A1 (sky130_fd_sc_hd__o31ai_1)
     1    0.0025    2.4038    0.5530 67889.5234 ^ _2896_/Y (sky130_fd_sc_hd__o31ai_1)
                                                 _1448_ (net)
                    2.4038    0.0000 67889.5234 ^ _2897_/B1 (sky130_fd_sc_hd__a21oi_1)
     1    0.0017    0.3017    0.0146 67889.5391 v _2897_/Y (sky130_fd_sc_hd__a21oi_1)
                                                 _0580_ (net)
                    0.3017    0.0000 67889.5391 v _3542_/D (sky130_fd_sc_hd__dfxtp_1)
                                     67889.5391   data arrival time

                    0.0000 100000.0000 100000.0000   clock clk (rise edge)
                              0.0000 100000.0000   clock network delay (ideal)
                             -0.1000 99999.8984   clock uncertainty
                              0.0000 99999.8984   clock reconvergence pessimism
                                     99999.8984 ^ _3542_/CLK (sky130_fd_sc_hd__dfxtp_1)
                             -0.2340 99999.6641   library setup time
                                     99999.6641   data required time
-------------------------------------------------------------------------------------
                                     99999.6641   data required time
                                     -67889.5391   data arrival time
-------------------------------------------------------------------------------------
                                     32110.1270   slack (MET)


