
 /----------------------------------------------------------------------------\
 |  yosys -- Yosys Open SYnthesis Suite                                       |
 |  Copyright (C) 2012 - 2026  Claire Xenia Wolf <claire@yosyshq.com>         |
 |  Distributed under an ISC-like license, type "license" to see terms        |
 \----------------------------------------------------------------------------/
 Yosys 0.63+87 (git sha1 2f1cdc2df, clang++ 18.1.8 -fPIC -O3)

-- Executing script file `design_smt2.ys' --

1. Executing RTLIL frontend.
Input filename: design_prep.il

2. Executing HIERARCHY pass (managing design hierarchy).
Attribute `top' found on module `id_ex_wrapper'. Setting top module to id_ex_wrapper.

2.1. Analyzing design hierarchy..
Top module:  \id_ex_wrapper

2.2. Analyzing design hierarchy..
Top module:  \id_ex_wrapper
Removed 0 unused modules.
Module id_ex_wrapper directly or indirectly contains formal properties -> setting "keep" attribute.

3. Executing FORMALFF pass.

4. Executing DFFUNMAP pass (unmap clock enable and synchronous reset from FFs).

5. Printing statistics.

=== id_ex_wrapper ===

        +----------Local Count, excluding submodules.
        | 
      213 wires
     1543 wire bits
      126 public wires
     1195 public wire bits
        4 ports
       66 port bits
      135 cells
        2   $add
        1   $and
       15   $anyinit
        3   $anyseq
        6   $assume
        2   $cover
       20   $eq
        3   $ff
        2   $ge
        8   $logic_and
       10   $logic_not
        1   $logic_or
        3   $lt
        1   $mem_v2
       43   $mux
        1   $ne
        2   $not
        2   $or
        3   $pmux
        1   $reduce_bool
        1   $reduce_or
        5   $scopeinfo

6. Executing SMT2 backend.

6.1. Executing BMUXMAP pass.

6.2. Executing DEMUXMAP pass.
Creating SMT-LIBv2 representation of module id_ex_wrapper.

End of script. Logfile hash: 890cd866c5, CPU: user 0.01s system 0.01s, MEM: 15.86 MB peak
Yosys 0.63+87 (git sha1 2f1cdc2df, clang++ 18.1.8 -fPIC -O3)
Time spent: 66% 2x write_smt2 (0 sec), 23% 2x read_rtlil (0 sec), ...
