
 /----------------------------------------------------------------------------\
 |  yosys -- Yosys Open SYnthesis Suite                                       |
 |  Copyright (C) 2012 - 2026  Claire Xenia Wolf <claire@yosyshq.com>         |
 |  Distributed under an ISC-like license, type "license" to see terms        |
 \----------------------------------------------------------------------------/
 Yosys 0.63+87 (git sha1 2f1cdc2df, clang++ 18.1.8 -fPIC -O3)

-- Executing script file `design_prep.ys' --

1. Executing RTLIL frontend.
Input filename: design.il

2. Executing SCC pass (detecting logic loops).
Found 0 SCCs in module id_ex_wrapper.
Found 0 SCCs.

3. Executing SIMPLEMAP pass (map simple cells to gate primitives).

4. Executing MEMORY_NORDFF pass (extracting $dff cells from memories).

5. Executing ASYNC2SYNC pass.

6. Executing OPT_CLEAN pass (remove unused cells and wires).
Finding unused cells or wires in module \id_ex_wrapper..
Removed 29 unused cells and 29 unused wires.
<suppressed ~30 debug messages>

7. Executing FORMALFF pass.

8. Executing OPT_CLEAN pass (remove unused cells and wires).
Finding unused cells or wires in module \id_ex_wrapper..
Removed 1 unused cells and 1 unused wires.
<suppressed ~2 debug messages>

9. Executing CHECK pass (checking for obvious problems).
Checking module id_ex_wrapper...
Warning: Wire id_ex_wrapper.\u_ex.u_conv_pe.conv_done is used but has no driver.
Found and reported 1 problems.

10. Executing SETUNDEF pass (replace undef values with defined constants).

11. Executing OPT pass (performing simple optimizations).

11.1. Executing OPT_EXPR pass (perform const folding).
Optimizing module id_ex_wrapper.

11.2. Executing OPT_MERGE pass (detect identical cells).
Finding identical cells in module `\id_ex_wrapper'.
Computing hashes of 168 cells of `\id_ex_wrapper'.
Finding duplicate cells in `\id_ex_wrapper'.
Computing hashes of 167 cells of `\id_ex_wrapper'.
Finding duplicate cells in `\id_ex_wrapper'.
<suppressed ~3 debug messages>
Removed a total of 1 cells.

11.3. Executing OPT_DFF pass (perform DFF optimizations).

11.4. Executing OPT_CLEAN pass (remove unused cells and wires).
Finding unused cells or wires in module \id_ex_wrapper..
Removed 34 unused cells and 41 unused wires.
<suppressed ~40 debug messages>

11.5. Finished fast OPT passes.

12. Executing OPT_CLEAN pass (remove unused cells and wires).
Finding unused cells or wires in module \id_ex_wrapper..
Removed 0 unused cells and 2 unused wires.
<suppressed ~1 debug messages>

13. Executing RTLIL backend.
Output filename: ../model/design_prep.il

Warnings: 1 unique messages, 1 total
End of script. Logfile hash: edc6a89504, CPU: user 0.03s system 0.02s, MEM: 15.99 MB peak
Yosys 0.63+87 (git sha1 2f1cdc2df, clang++ 18.1.8 -fPIC -O3)
Time spent: 41% 4x opt_clean (0 sec), 16% 1x opt_dff (0 sec), ...
