Reading library file at '/home/asiclab/.ciel/ciel/sky130/versions/0fe599b2afb6708d281543108caf8310912f54af/sky130A/libs.ref/sky130_fd_sc_hd/lib/sky130_fd_sc_hd__tt_025C_1v80.lib'…
Reading technology LEF file at '/home/asiclab/.ciel/ciel/sky130/versions/0fe599b2afb6708d281543108caf8310912f54af/sky130A/libs.ref/sky130_fd_sc_hd/techlef/sky130_fd_sc_hd__nom.tlef'…
[INFO ODB-0227] LEF file: /home/asiclab/.ciel/ciel/sky130/versions/0fe599b2afb6708d281543108caf8310912f54af/sky130A/libs.ref/sky130_fd_sc_hd/techlef/sky130_fd_sc_hd__nom.tlef, created 14 layers, 25 vias
Reading cell LEF file at '/home/asiclab/.ciel/ciel/sky130/versions/0fe599b2afb6708d281543108caf8310912f54af/sky130A/libs.ref/sky130_fd_sc_hd/lef/sky130_fd_sc_hd.lef'…
[WARNING ODB-0220] WARNING (LEFPARS-2008): NOWIREEXTENSIONATPIN statement is obsolete in version 5.6 or later.
The NOWIREEXTENSIONATPIN statement will be ignored. See file /home/asiclab/.ciel/ciel/sky130/versions/0fe599b2afb6708d281543108caf8310912f54af/sky130A/libs.ref/sky130_fd_sc_hd/lef/sky130_fd_sc_hd.lef at line 2.

[INFO ODB-0227] LEF file: /home/asiclab/.ciel/ciel/sky130/versions/0fe599b2afb6708d281543108caf8310912f54af/sky130A/libs.ref/sky130_fd_sc_hd/lef/sky130_fd_sc_hd.lef, created 437 library cells
Reading cell LEF file at '/home/asiclab/.ciel/ciel/sky130/versions/0fe599b2afb6708d281543108caf8310912f54af/sky130A/libs.ref/sky130_fd_sc_hd/lef/sky130_ef_sc_hd.lef'…
[WARNING ODB-0220] WARNING (LEFPARS-2008): NOWIREEXTENSIONATPIN statement is obsolete in version 5.6 or later.
The NOWIREEXTENSIONATPIN statement will be ignored. See file /home/asiclab/.ciel/ciel/sky130/versions/0fe599b2afb6708d281543108caf8310912f54af/sky130A/libs.ref/sky130_fd_sc_hd/lef/sky130_ef_sc_hd.lef at line 2.

[INFO ODB-0227] LEF file: /home/asiclab/.ciel/ciel/sky130/versions/0fe599b2afb6708d281543108caf8310912f54af/sky130A/libs.ref/sky130_fd_sc_hd/lef/sky130_ef_sc_hd.lef, created 4 library cells
Reading top-level netlist at '/home/asiclab/Desktop/Lab2/runs/RUN_2026-02-22_21-45-16/06-yosys-synthesis/alu.nl.v'…
Linking design 'alu' from netlist…
Reading design constraints file at '/nix/store/7g0vizqj28nnagzfcf4gm732zlaywx9g-python3-3.11.9-env/lib/python3.11/site-packages/librelane/scripts/base.sdc'…
[WARNING STA-0366] port 'clk' not found.
[INFO] Using clock clk…
[INFO] Setting output delay to: 10
[INFO] Setting input delay to: 10
[WARNING STA-0366] port 'clk' not found.
[INFO] Setting load to: 0.033442
[INFO] Setting clock uncertainty to: 0.25
[INFO] Setting clock transition to: 0.1499999999999999944488848768742172978818416595458984375
[WARNING STA-0419] transition time can not be specified for virtual clocks.
[INFO] Setting timing derate to: 5%
[WARNING STA-0450] virtual clock clk can not be propagated.
Using site height: 2.72 and site width: 0.46…
[INFO] Using absolute sizing for the floorplan.
[INFO] Using the set CORE_AREA; ignoring core margin parameters
[WARNING IFP-0028] Core area lower left (40.000, 40.000) snapped to (40.020, 40.800).
[INFO IFP-0001] Added 117 rows of 695 site unithd.
[INFO IFP-0030] Inserted 0 tiecells using sky130_fd_sc_hd__conb_1/LO.
[INFO IFP-0030] Inserted 0 tiecells using sky130_fd_sc_hd__conb_1/HI.
[INFO] Extracting DIE_AREA and CORE_AREA from the floorplan
[INFO] Floorplanned on a die area of 0.0 0.0 400.0 400.0 (µm).
[INFO] Floorplanned on a core area of 40.02 40.8 359.72 359.04 (µm).
Writing metric design__die__bbox: 0.0 0.0 400.0 400.0
Writing metric design__core__bbox: 40.02 40.8 359.72 359.04
Setting global connections for newly added cells…
[INFO] Setting global connections...
Updating metrics…
Cell type report:                       Count       Area
  Inverter                                 83     311.55
  Sequential cell                          36     765.73
  Multi-Input combinational cell         3386   33384.52
  Total                                  3505   34461.80
Writing OpenROAD database to '/home/asiclab/Desktop/Lab2/runs/RUN_2026-02-22_21-45-16/13-openroad-floorplan/alu.odb'…
Writing netlist to '/home/asiclab/Desktop/Lab2/runs/RUN_2026-02-22_21-45-16/13-openroad-floorplan/alu.nl.v'…
Writing powered netlist to '/home/asiclab/Desktop/Lab2/runs/RUN_2026-02-22_21-45-16/13-openroad-floorplan/alu.pnl.v'…
Writing layout to '/home/asiclab/Desktop/Lab2/runs/RUN_2026-02-22_21-45-16/13-openroad-floorplan/alu.def'…
Writing timing constraints to '/home/asiclab/Desktop/Lab2/runs/RUN_2026-02-22_21-45-16/13-openroad-floorplan/alu.sdc'…
