Reading OpenROAD database at '/home/asiclab/Desktop/Lab2/runs/RUN_2026-02-22_21-45-16/43-openroad-detailedrouting/alu.odb'…
Reading library file at '/home/asiclab/.ciel/ciel/sky130/versions/0fe599b2afb6708d281543108caf8310912f54af/sky130A/libs.ref/sky130_fd_sc_hd/lib/sky130_fd_sc_hd__tt_025C_1v80.lib'…
Reading design constraints file at '/nix/store/7g0vizqj28nnagzfcf4gm732zlaywx9g-python3-3.11.9-env/lib/python3.11/site-packages/librelane/scripts/base.sdc'…
[WARNING STA-0366] port 'clk' not found.
[INFO] Using clock clk…
[INFO] Setting output delay to: 10
[INFO] Setting input delay to: 10
[WARNING STA-0366] port 'clk' not found.
[INFO] Setting load to: 0.033442
[INFO] Setting clock uncertainty to: 0.25
[INFO] Setting clock transition to: 0.1499999999999999944488848768742172978818416595458984375
[WARNING STA-0419] transition time can not be specified for virtual clocks.
[INFO] Setting timing derate to: 5%
[WARNING STA-0450] virtual clock clk can not be propagated.
%OL_CREATE_REPORT /home/asiclab/Desktop/Lab2/runs/RUN_2026-02-22_21-45-16/45-openroad-checkantennas-1/reports/antenna.rpt
Net: _alu_i0.Datapath_i.fu_alu_33673_33851.out1\[29\]
  Pin:   _6903_/D (sky130_fd_sc_hd__dfxtp_1)
    Layer: mcon
      Partial area ratio:    0.23
      Required ratio:    3.00 (Gate area) 
      Cumulative area ratio:    0.23
      Required ratio:    0.00 (Cumulative area) 

    Layer: met1
      Partial area ratio:   81.52
      Required ratio:    0.00 (Gate area) 
      Cumulative area ratio:   81.52
      Required ratio:    0.00 (Cumulative area) 
      Partial area ratio:  407.00
      Required ratio:  400.00 (Side area) (VIOLATED)
      Cumulative area ratio:  407.00
      Required ratio:    0.00 (Cumulative side area) 

    Layer: via
      Partial area ratio:    0.18
      Required ratio:    6.00 (Gate area) 
      Cumulative area ratio:    0.41
      Required ratio:    0.00 (Cumulative area) 

    Layer: met2
      Partial area ratio:    2.10
      Required ratio:    0.00 (Gate area) 
      Cumulative area ratio:   83.62
      Required ratio:    0.00 (Cumulative area) 
      Partial area ratio:    9.56
      Required ratio: 2784.80 (Side area) 
      Cumulative area ratio:  416.56
      Required ratio:    0.00 (Cumulative side area) 



Net: net34
  Pin:   fanout343/A (sky130_fd_sc_hd__buf_2)
    Layer: mcon
      Partial area ratio:    0.18
      Required ratio:    3.00 (Gate area) 
      Cumulative area ratio:    0.18
      Required ratio:    0.00 (Cumulative area) 

    Layer: met1
      Partial area ratio:    4.24
      Required ratio:    0.00 (Gate area) 
      Cumulative area ratio:    4.24
      Required ratio:    0.00 (Cumulative area) 
      Partial area ratio:   20.71
      Required ratio:  400.00 (Side area) 
      Cumulative area ratio:   20.71
      Required ratio:    0.00 (Cumulative side area) 

    Layer: via
      Partial area ratio:    0.14
      Required ratio:    6.00 (Gate area) 
      Cumulative area ratio:    0.32
      Required ratio:    0.00 (Cumulative area) 

    Layer: met2
      Partial area ratio:   87.84
      Required ratio:    0.00 (Gate area) 
      Cumulative area ratio:   92.08
      Required ratio:    0.00 (Cumulative area) 
      Partial area ratio:  438.12
      Required ratio:  400.00 (Side area) (VIOLATED)
      Cumulative area ratio:  458.83
      Required ratio:    0.00 (Cumulative side area) 

    Layer: via2
      Partial area ratio:    0.25
      Required ratio:    6.00 (Gate area) 
      Cumulative area ratio:    0.57
      Required ratio:    0.00 (Cumulative area) 

    Layer: met3
      Partial area ratio:   28.25
      Required ratio:    0.00 (Gate area) 
      Cumulative area ratio:  120.33
      Required ratio:    0.00 (Cumulative area) 
      Partial area ratio:  151.58
      Required ratio: 2771.60 (Side area) 
      Cumulative area ratio:  610.41
      Required ratio:    0.00 (Cumulative side area) 


  Pin:   fanout345/A (sky130_fd_sc_hd__clkbuf_4)
    Layer: mcon
      Partial area ratio:    0.14
      Required ratio:    3.00 (Gate area) 
      Cumulative area ratio:    0.14
      Required ratio:    0.00 (Cumulative area) 

    Layer: met1
      Partial area ratio:    0.39
      Required ratio:    0.00 (Gate area) 
      Cumulative area ratio:    0.39
      Required ratio:    0.00 (Cumulative area) 
      Partial area ratio:    1.91
      Required ratio:  400.00 (Side area) 
      Cumulative area ratio:    1.91
      Required ratio:    0.00 (Cumulative side area) 

    Layer: via
      Partial area ratio:    0.11
      Required ratio:    6.00 (Gate area) 
      Cumulative area ratio:    0.24
      Required ratio:    0.00 (Cumulative area) 

    Layer: met2
      Partial area ratio:    2.77
      Required ratio:    0.00 (Gate area) 
      Cumulative area ratio:    3.16
      Required ratio:    0.00 (Cumulative area) 
      Partial area ratio:   13.06
      Required ratio:  400.00 (Side area) 
      Cumulative area ratio:   14.97
      Required ratio:    0.00 (Cumulative side area) 

    Layer: via2
      Partial area ratio:    0.19
      Required ratio:    6.00 (Gate area) 
      Cumulative area ratio:    0.43
      Required ratio:    0.00 (Cumulative area) 

    Layer: met3
      Partial area ratio:   28.25
      Required ratio:    0.00 (Gate area) 
      Cumulative area ratio:   31.41
      Required ratio:    0.00 (Cumulative area) 
      Partial area ratio:  151.58
      Required ratio: 2771.60 (Side area) 
      Cumulative area ratio:  166.55
      Required ratio:    0.00 (Cumulative side area) 



[INFO ANT-0002] Found 2 net violations.
[INFO ANT-0001] Found 2 pin violations.
%OL_END_REPORT
