Clock: clk
Sources: 
Generated: no
Virtual: yes
Propagated: no
Period: 50.000000

===========================================================================
report_clock_properties
============================================================================
Clock                   Period          Waveform
----------------------------------------------------
clk                  50.000000    0.000000 25.000000

===========================================================================
report_clock_latency
============================================================================
Clock clk
rise -> rise
    min     max
0.000000 0.000000 source latency
10.339498         network latency _6881_/CLK
        10.820885 network latency _6888_/CLK
---------------
10.339498 10.820885 latency
        0.481387 skew

rise -> fall
    min     max
0.000000 0.000000 source latency
10.277417         network latency _6881_/CLK
        10.687088 network latency _6888_/CLK
---------------
10.277417 10.687088 latency
        0.409671 skew



===========================================================================
report_clock_min_period
============================================================================
clk period_min = 0.00 fmax = inf
