[WARNING ORD-0039] .openroad ignored with -python
                                Cells by Master                                 
┏━━━━━━━━━━━━━━━━━━━━━━━━━━━━━━━━━━━━━━━━━━━━━━━━━━━━━━━━━━━━━━━━┳━━━━━━━━━━━━━┓
┃ Cell                                                           ┃ Count       ┃
┡━━━━━━━━━━━━━━━━━━━━━━━━━━━━━━━━━━━━━━━━━━━━━━━━━━━━━━━━━━━━━━━━╇━━━━━━━━━━━━━┩
│ sky130_ef_sc_hd__decap_12                                      │ 3109        │
│ sky130_fd_sc_hd__a2111o_1                                      │ 2           │
│ sky130_fd_sc_hd__a2111oi_1                                     │ 1           │
│ sky130_fd_sc_hd__a211o_1                                       │ 106         │
│ sky130_fd_sc_hd__a211o_2                                       │ 10          │
│ sky130_fd_sc_hd__a211oi_1                                      │ 43          │
│ sky130_fd_sc_hd__a211oi_2                                      │ 29          │
│ sky130_fd_sc_hd__a211oi_4                                      │ 10          │
│ sky130_fd_sc_hd__a21bo_1                                       │ 69          │
│ sky130_fd_sc_hd__a21boi_1                                      │ 2           │
│ sky130_fd_sc_hd__a21o_1                                        │ 207         │
│ sky130_fd_sc_hd__a21oi_1                                       │ 118         │
│ sky130_fd_sc_hd__a21oi_2                                       │ 19          │
│ sky130_fd_sc_hd__a221o_1                                       │ 19          │
│ sky130_fd_sc_hd__a221oi_1                                      │ 1           │
│ sky130_fd_sc_hd__a22o_1                                        │ 174         │
│ sky130_fd_sc_hd__a22oi_1                                       │ 45          │
│ sky130_fd_sc_hd__a22oi_2                                       │ 3           │
│ sky130_fd_sc_hd__a2bb2o_1                                      │ 18          │
│ sky130_fd_sc_hd__a2bb2oi_1                                     │ 2           │
│ sky130_fd_sc_hd__a311o_1                                       │ 7           │
│ sky130_fd_sc_hd__a31o_1                                        │ 95          │
│ sky130_fd_sc_hd__a31oi_1                                       │ 2           │
│ sky130_fd_sc_hd__a32o_1                                        │ 17          │
│ sky130_fd_sc_hd__and2_1                                        │ 120         │
│ sky130_fd_sc_hd__and2_2                                        │ 9           │
│ sky130_fd_sc_hd__and2b_1                                       │ 77          │
│ sky130_fd_sc_hd__and3_1                                        │ 129         │
│ sky130_fd_sc_hd__and3_2                                        │ 12          │
│ sky130_fd_sc_hd__and3b_1                                       │ 4           │
│ sky130_fd_sc_hd__and3b_4                                       │ 1           │
│ sky130_fd_sc_hd__and4_1                                        │ 93          │
│ sky130_fd_sc_hd__and4b_1                                       │ 4           │
│ sky130_fd_sc_hd__and4bb_1                                      │ 5           │
│ sky130_fd_sc_hd__and4bb_2                                      │ 1           │
│ sky130_fd_sc_hd__buf_1                                         │ 25          │
│ sky130_fd_sc_hd__buf_2                                         │ 141         │
│ sky130_fd_sc_hd__buf_4                                         │ 18          │
│ sky130_fd_sc_hd__clkbuf_1                                      │ 25          │
│ sky130_fd_sc_hd__clkbuf_2                                      │ 56          │
│ sky130_fd_sc_hd__clkbuf_4                                      │ 195         │
│ sky130_fd_sc_hd__clkbuf_8                                      │ 1           │
│ sky130_fd_sc_hd__decap_3                                       │ 854         │
│ sky130_fd_sc_hd__decap_4                                       │ 605         │
│ sky130_fd_sc_hd__decap_6                                       │ 677         │
│ sky130_fd_sc_hd__decap_8                                       │ 815         │
│ sky130_fd_sc_hd__dfxtp_1                                       │ 36          │
│ sky130_fd_sc_hd__diode_2                                       │ 42          │
│ sky130_fd_sc_hd__dlymetal6s2s_1                                │ 14          │
│ sky130_fd_sc_hd__fill_1                                        │ 1438        │
│ sky130_fd_sc_hd__fill_2                                        │ 587         │
│ sky130_fd_sc_hd__inv_2                                         │ 83          │
│ sky130_fd_sc_hd__mux2_1                                        │ 123         │
│ sky130_fd_sc_hd__mux4_1                                        │ 31          │
│ sky130_fd_sc_hd__nand2_1                                       │ 313         │
│ sky130_fd_sc_hd__nand2_2                                       │ 21          │
│ sky130_fd_sc_hd__nand2b_1                                      │ 46          │
│ sky130_fd_sc_hd__nand3_1                                       │ 89          │
│ sky130_fd_sc_hd__nand3_2                                       │ 59          │
│ sky130_fd_sc_hd__nand3b_1                                      │ 5           │
│ sky130_fd_sc_hd__nand3b_2                                      │ 1           │
│ sky130_fd_sc_hd__nand4_1                                       │ 65          │
│ sky130_fd_sc_hd__nand4_2                                       │ 29          │
│ sky130_fd_sc_hd__nand4_4                                       │ 1           │
│ sky130_fd_sc_hd__nor2_1                                        │ 168         │
│ sky130_fd_sc_hd__nor2_2                                        │ 9           │
│ sky130_fd_sc_hd__nor2_4                                        │ 1           │
│ sky130_fd_sc_hd__nor3_1                                        │ 14          │
│ sky130_fd_sc_hd__nor3_2                                        │ 6           │
│ sky130_fd_sc_hd__nor3_4                                        │ 1           │
│ sky130_fd_sc_hd__nor3b_1                                       │ 2           │
│ sky130_fd_sc_hd__nor3b_2                                       │ 2           │
│ sky130_fd_sc_hd__nor3b_4                                       │ 1           │
│ sky130_fd_sc_hd__nor4_1                                        │ 4           │
│ sky130_fd_sc_hd__o211a_1                                       │ 108         │
│ sky130_fd_sc_hd__o211a_2                                       │ 1           │
│ sky130_fd_sc_hd__o211ai_1                                      │ 15          │
│ sky130_fd_sc_hd__o211ai_2                                      │ 45          │
│ sky130_fd_sc_hd__o211ai_4                                      │ 16          │
│ sky130_fd_sc_hd__o21a_1                                        │ 48          │
│ sky130_fd_sc_hd__o21ai_1                                       │ 70          │
│ sky130_fd_sc_hd__o21ai_2                                       │ 5           │
│ sky130_fd_sc_hd__o21ba_1                                       │ 30          │
│ sky130_fd_sc_hd__o21bai_1                                      │ 12          │
│ sky130_fd_sc_hd__o221a_1                                       │ 15          │
│ sky130_fd_sc_hd__o221ai_1                                      │ 1           │
│ sky130_fd_sc_hd__o22a_1                                        │ 16          │
│ sky130_fd_sc_hd__o22ai_2                                       │ 1           │
│ sky130_fd_sc_hd__o2bb2a_1                                      │ 7           │
│ sky130_fd_sc_hd__o311a_1                                       │ 6           │
│ sky130_fd_sc_hd__o31a_1                                        │ 9           │
│ sky130_fd_sc_hd__o31ai_1                                       │ 2           │
│ sky130_fd_sc_hd__o31ai_2                                       │ 1           │
│ sky130_fd_sc_hd__o32a_1                                        │ 2           │
│ sky130_fd_sc_hd__or2_1                                         │ 121         │
│ sky130_fd_sc_hd__or2_2                                         │ 6           │
│ sky130_fd_sc_hd__or2_4                                         │ 1           │
│ sky130_fd_sc_hd__or3_1                                         │ 30          │
│ sky130_fd_sc_hd__or3_2                                         │ 13          │
│ sky130_fd_sc_hd__or3_4                                         │ 2           │
│ sky130_fd_sc_hd__or3b_1                                        │ 15          │
│ sky130_fd_sc_hd__or3b_2                                        │ 1           │
│ sky130_fd_sc_hd__or4_1                                         │ 5           │
│ sky130_fd_sc_hd__or4_4                                         │ 1           │
│ sky130_fd_sc_hd__or4b_1                                        │ 3           │
│ sky130_fd_sc_hd__or4b_2                                        │ 3           │
│ sky130_fd_sc_hd__or4bb_1                                       │ 2           │
│ sky130_fd_sc_hd__or4bb_2                                       │ 3           │
│ sky130_fd_sc_hd__tapvpwrvgnd_1                                 │ 1428        │
│ sky130_fd_sc_hd__xnor2_1                                       │ 238         │
│ sky130_fd_sc_hd__xnor2_2                                       │ 5           │
│ sky130_fd_sc_hd__xnor2_4                                       │ 1           │
│ sky130_fd_sc_hd__xor2_1                                        │ 73          │
│ sky130_fd_sc_hd__xor2_2                                        │ 8           │
└────────────────────────────────────────────────────────────────┴─────────────┘
                               Cells by Function                                
┏━━━━━━━━━━━━━━━━━━━━━━━━━━━━━━━━━━━━━━━━━━━━━━━━━━━━━━━━━━━━━━━┳━━━━━━━━━━━━━━┓
┃ Cell Function                                                 ┃ Count        ┃
┡━━━━━━━━━━━━━━━━━━━━━━━━━━━━━━━━━━━━━━━━━━━━━━━━━━━━━━━━━━━━━━━╇━━━━━━━━━━━━━━┩
│ sky130_ef_sc_hd__decap                                        │ 3109         │
│ sky130_fd_sc_hd__a2111o                                       │ 2            │
│ sky130_fd_sc_hd__a2111oi                                      │ 1            │
│ sky130_fd_sc_hd__a211o                                        │ 116          │
│ sky130_fd_sc_hd__a211oi                                       │ 82           │
│ sky130_fd_sc_hd__a21bo                                        │ 69           │
│ sky130_fd_sc_hd__a21boi                                       │ 2            │
│ sky130_fd_sc_hd__a21o                                         │ 207          │
│ sky130_fd_sc_hd__a21oi                                        │ 137          │
│ sky130_fd_sc_hd__a221o                                        │ 19           │
│ sky130_fd_sc_hd__a221oi                                       │ 1            │
│ sky130_fd_sc_hd__a22o                                         │ 174          │
│ sky130_fd_sc_hd__a22oi                                        │ 48           │
│ sky130_fd_sc_hd__a2bb2o                                       │ 18           │
│ sky130_fd_sc_hd__a2bb2oi                                      │ 2            │
│ sky130_fd_sc_hd__a311o                                        │ 7            │
│ sky130_fd_sc_hd__a31o                                         │ 95           │
│ sky130_fd_sc_hd__a31oi                                        │ 2            │
│ sky130_fd_sc_hd__a32o                                         │ 17           │
│ sky130_fd_sc_hd__and2                                         │ 129          │
│ sky130_fd_sc_hd__and2b                                        │ 77           │
│ sky130_fd_sc_hd__and3                                         │ 141          │
│ sky130_fd_sc_hd__and3b                                        │ 5            │
│ sky130_fd_sc_hd__and4                                         │ 93           │
│ sky130_fd_sc_hd__and4b                                        │ 4            │
│ sky130_fd_sc_hd__and4bb                                       │ 6            │
│ sky130_fd_sc_hd__buf                                          │ 184          │
│ sky130_fd_sc_hd__clkbuf                                       │ 277          │
│ sky130_fd_sc_hd__decap                                        │ 2951         │
│ sky130_fd_sc_hd__dfxtp                                        │ 36           │
│ sky130_fd_sc_hd__diode                                        │ 42           │
│ sky130_fd_sc_hd__dlymetal6s2s                                 │ 14           │
│ sky130_fd_sc_hd__fill                                         │ 2025         │
│ sky130_fd_sc_hd__inv                                          │ 83           │
│ sky130_fd_sc_hd__mux2                                         │ 123          │
│ sky130_fd_sc_hd__mux4                                         │ 31           │
│ sky130_fd_sc_hd__nand2                                        │ 334          │
│ sky130_fd_sc_hd__nand2b                                       │ 46           │
│ sky130_fd_sc_hd__nand3                                        │ 148          │
│ sky130_fd_sc_hd__nand3b                                       │ 6            │
│ sky130_fd_sc_hd__nand4                                        │ 95           │
│ sky130_fd_sc_hd__nor2                                         │ 178          │
│ sky130_fd_sc_hd__nor3                                         │ 21           │
│ sky130_fd_sc_hd__nor3b                                        │ 5            │
│ sky130_fd_sc_hd__nor4                                         │ 4            │
│ sky130_fd_sc_hd__o211a                                        │ 109          │
│ sky130_fd_sc_hd__o211ai                                       │ 76           │
│ sky130_fd_sc_hd__o21a                                         │ 48           │
│ sky130_fd_sc_hd__o21ai                                        │ 75           │
│ sky130_fd_sc_hd__o21ba                                        │ 30           │
│ sky130_fd_sc_hd__o21bai                                       │ 12           │
│ sky130_fd_sc_hd__o221a                                        │ 15           │
│ sky130_fd_sc_hd__o221ai                                       │ 1            │
│ sky130_fd_sc_hd__o22a                                         │ 16           │
│ sky130_fd_sc_hd__o22ai                                        │ 1            │
│ sky130_fd_sc_hd__o2bb2a                                       │ 7            │
│ sky130_fd_sc_hd__o311a                                        │ 6            │
│ sky130_fd_sc_hd__o31a                                         │ 9            │
│ sky130_fd_sc_hd__o31ai                                        │ 3            │
│ sky130_fd_sc_hd__o32a                                         │ 2            │
│ sky130_fd_sc_hd__or2                                          │ 128          │
│ sky130_fd_sc_hd__or3                                          │ 45           │
│ sky130_fd_sc_hd__or3b                                         │ 16           │
│ sky130_fd_sc_hd__or4                                          │ 6            │
│ sky130_fd_sc_hd__or4b                                         │ 6            │
│ sky130_fd_sc_hd__or4bb                                        │ 5            │
│ sky130_fd_sc_hd__tapvpwrvgnd                                  │ 1428         │
│ sky130_fd_sc_hd__xnor2                                        │ 244          │
│ sky130_fd_sc_hd__xor2                                         │ 81           │
└───────────────────────────────────────────────────────────────┴──────────────┘
                                  Cells by SCL                                  
┏━━━━━━━━━━━━━━━━━━━━━━━━━━━━━━━━━━━━━━━━━━━━━━━━━━━━━━━┳━━━━━━━━━━━━━━━━━━━━━━┓
┃ SCL                                                   ┃ Count                ┃
┡━━━━━━━━━━━━━━━━━━━━━━━━━━━━━━━━━━━━━━━━━━━━━━━━━━━━━━━╇━━━━━━━━━━━━━━━━━━━━━━┩
│ sky130_ef_sc_hd                                       │ 3109                 │
│ sky130_fd_sc_hd                                       │ 10426                │
└───────────────────────────────────────────────────────┴──────────────────────┘
                             Buffers by Cell Master                             
┏━━━━━━━━━━━━━━━━━━━━━━━━━━━━━━━━━━━━━━━━━━━━━━━━━━━━━━━━━━━━━━━━┳━━━━━━━━━━━━━┓
┃ Buffer                                                         ┃ Count       ┃
┡━━━━━━━━━━━━━━━━━━━━━━━━━━━━━━━━━━━━━━━━━━━━━━━━━━━━━━━━━━━━━━━━╇━━━━━━━━━━━━━┩
│ sky130_fd_sc_hd__buf_1                                         │ 25          │
│ sky130_fd_sc_hd__buf_2                                         │ 141         │
│ sky130_fd_sc_hd__buf_4                                         │ 18          │
│ sky130_fd_sc_hd__clkbuf_1                                      │ 25          │
│ sky130_fd_sc_hd__clkbuf_2                                      │ 56          │
│ sky130_fd_sc_hd__clkbuf_4                                      │ 195         │
│ sky130_fd_sc_hd__clkbuf_8                                      │ 1           │
│ sky130_fd_sc_hd__dlymetal6s2s_1                                │ 14          │
└────────────────────────────────────────────────────────────────┴─────────────┘
