Clock: clk
Sources: 
Generated: no
Virtual: yes
Propagated: no
Period: 50.000000

===========================================================================
report_clock_properties
============================================================================
Clock                   Period          Waveform
----------------------------------------------------
clk                  50.000000    0.000000 25.000000

===========================================================================
report_clock_latency
============================================================================
Clock clk
rise -> rise
    min     max
0.000000 0.000000 source latency
10.332125         network latency _6877_/CLK
        10.337293 network latency _6902_/CLK
---------------
10.332125 10.337293 latency
        0.005168 skew

rise -> fall
    min     max
0.000000 0.000000 source latency
10.160261         network latency _6877_/CLK
        10.165071 network latency _6902_/CLK
---------------
10.160261 10.165071 latency
        0.004809 skew



===========================================================================
report_clock_min_period
============================================================================
clk period_min = 0.00 fmax = inf
