"input" in: sky130A.lydrc:71
    Polygons (raw): 43 (flat)  29 (hierarchical)
    Elapsed: 0.000s  Memory: 578.00M
"polygons" in: sky130A.lydrc:72
    Polygons (raw): 0 (flat)  0 (hierarchical)
    Elapsed: 0.000s  Memory: 578.00M
"polygons" in: sky130A.lydrc:73
    Polygons (raw): 23 (flat)  9 (hierarchical)
    Elapsed: 0.000s  Memory: 578.00M
"polygons" in: sky130A.lydrc:74
    Polygons (raw): 0 (flat)  0 (hierarchical)
    Elapsed: 0.000s  Memory: 578.00M
"polygons" in: sky130A.lydrc:75
    Polygons (raw): 0 (flat)  0 (hierarchical)
    Elapsed: 0.000s  Memory: 578.00M
"polygons" in: sky130A.lydrc:76
    Polygons (raw): 0 (flat)  0 (hierarchical)
    Elapsed: 0.000s  Memory: 578.00M
"polygons" in: sky130A.lydrc:77
    Polygons (raw): 0 (flat)  0 (hierarchical)
    Elapsed: 0.000s  Memory: 578.00M
"polygons" in: sky130A.lydrc:78
    Polygons (raw): 0 (flat)  0 (hierarchical)
    Elapsed: 0.000s  Memory: 578.00M
"polygons" in: sky130A.lydrc:79
    Polygons (raw): 27 (flat)  20 (hierarchical)
    Elapsed: 0.000s  Memory: 578.00M
"polygons" in: sky130A.lydrc:80
    Polygons (raw): 0 (flat)  0 (hierarchical)
    Elapsed: 0.000s  Memory: 578.00M
"polygons" in: sky130A.lydrc:81
    Polygons (raw): 0 (flat)  0 (hierarchical)
    Elapsed: 0.000s  Memory: 578.00M
"polygons" in: sky130A.lydrc:82
    Polygons (raw): 0 (flat)  0 (hierarchical)
    Elapsed: 0.000s  Memory: 578.00M
"polygons" in: sky130A.lydrc:83
    Polygons (raw): 0 (flat)  0 (hierarchical)
    Elapsed: 0.000s  Memory: 578.00M
"polygons" in: sky130A.lydrc:84
    Polygons (raw): 161 (flat)  119 (hierarchical)
    Elapsed: 0.000s  Memory: 578.00M
"polygons" in: sky130A.lydrc:85
    Polygons (raw): 0 (flat)  0 (hierarchical)
    Elapsed: 0.000s  Memory: 578.00M
"polygons" in: sky130A.lydrc:86
    Polygons (raw): 24 (flat)  17 (hierarchical)
    Elapsed: 0.000s  Memory: 578.00M
"polygons" in: sky130A.lydrc:87
    Polygons (raw): 27 (flat)  20 (hierarchical)
    Elapsed: 0.000s  Memory: 578.00M
"polygons" in: sky130A.lydrc:88
    Polygons (raw): 0 (flat)  0 (hierarchical)
    Elapsed: 0.000s  Memory: 578.00M
"polygons" in: sky130A.lydrc:89
    Polygons (raw): 0 (flat)  0 (hierarchical)
    Elapsed: 0.000s  Memory: 578.00M
"polygons" in: sky130A.lydrc:90
    Polygons (raw): 89 (flat)  54 (hierarchical)
    Elapsed: 0.000s  Memory: 578.00M
"polygons" in: sky130A.lydrc:91
    Polygons (raw): 178 (flat)  122 (hierarchical)
    Elapsed: 0.000s  Memory: 578.00M
"polygons" in: sky130A.lydrc:93
    Polygons (raw): 267 (flat)  211 (hierarchical)
    Elapsed: 0.000s  Memory: 578.00M
"polygons" in: sky130A.lydrc:94
    Polygons (raw): 248 (flat)  148 (hierarchical)
    Elapsed: 0.000s  Memory: 578.00M
"polygons" in: sky130A.lydrc:96
    Polygons (raw): 171 (flat)  115 (hierarchical)
    Elapsed: 0.000s  Memory: 578.00M
"polygons" in: sky130A.lydrc:97
    Polygons (raw): 14 (flat)  14 (hierarchical)
    Elapsed: 0.000s  Memory: 578.00M
"polygons" in: sky130A.lydrc:99
    Polygons (raw): 33 (flat)  33 (hierarchical)
    Elapsed: 0.000s  Memory: 578.00M
"polygons" in: sky130A.lydrc:100
    Polygons (raw): 0 (flat)  0 (hierarchical)
    Elapsed: 0.000s  Memory: 578.00M
"polygons" in: sky130A.lydrc:102
    Polygons (raw): 0 (flat)  0 (hierarchical)
    Elapsed: 0.010s  Memory: 578.00M
"polygons" in: sky130A.lydrc:103
    Polygons (raw): 0 (flat)  0 (hierarchical)
    Elapsed: 0.000s  Memory: 578.00M
"polygons" in: sky130A.lydrc:105
    Polygons (raw): 0 (flat)  0 (hierarchical)
    Elapsed: 0.000s  Memory: 578.00M
"polygons" in: sky130A.lydrc:106
    Polygons (raw): 0 (flat)  0 (hierarchical)
    Elapsed: 0.000s  Memory: 578.00M
"polygons" in: sky130A.lydrc:108
    Polygons (raw): 0 (flat)  0 (hierarchical)
    Elapsed: 0.000s  Memory: 578.00M
"polygons" in: sky130A.lydrc:110
    Polygons (raw): 0 (flat)  0 (hierarchical)
    Elapsed: 0.000s  Memory: 579.00M
"polygons" in: sky130A.lydrc:111
    Polygons (raw): 0 (flat)  0 (hierarchical)
    Elapsed: 0.000s  Memory: 579.00M
"polygons" in: sky130A.lydrc:112
    Polygons (raw): 0 (flat)  0 (hierarchical)
    Elapsed: 0.000s  Memory: 579.00M
"polygons" in: sky130A.lydrc:113
    Polygons (raw): 0 (flat)  0 (hierarchical)
    Elapsed: 0.000s  Memory: 579.00M
"polygons" in: sky130A.lydrc:114
    Polygons (raw): 0 (flat)  0 (hierarchical)
    Elapsed: 0.000s  Memory: 579.00M
"polygons" in: sky130A.lydrc:115
    Polygons (raw): 0 (flat)  0 (hierarchical)
    Elapsed: 0.000s  Memory: 579.00M
"polygons" in: sky130A.lydrc:116
    Polygons (raw): 0 (flat)  0 (hierarchical)
    Elapsed: 0.000s  Memory: 579.00M
"polygons" in: sky130A.lydrc:117
    Polygons (raw): 0 (flat)  0 (hierarchical)
    Elapsed: 0.000s  Memory: 579.00M
"polygons" in: sky130A.lydrc:118
    Polygons (raw): 0 (flat)  0 (hierarchical)
    Elapsed: 0.000s  Memory: 579.00M
"polygons" in: sky130A.lydrc:119
    Polygons (raw): 0 (flat)  0 (hierarchical)
    Elapsed: 0.000s  Memory: 579.00M
"polygons" in: sky130A.lydrc:120
    Polygons (raw): 0 (flat)  0 (hierarchical)
    Elapsed: 0.000s  Memory: 579.00M
"polygons" in: sky130A.lydrc:121
    Polygons (raw): 0 (flat)  0 (hierarchical)
    Elapsed: 0.000s  Memory: 579.00M
"polygons" in: sky130A.lydrc:122
    Polygons (raw): 0 (flat)  0 (hierarchical)
    Elapsed: 0.000s  Memory: 579.00M
"polygons" in: sky130A.lydrc:123
    Polygons (raw): 0 (flat)  0 (hierarchical)
    Elapsed: 0.000s  Memory: 580.00M
"polygons" in: sky130A.lydrc:124
    Polygons (raw): 0 (flat)  0 (hierarchical)
    Elapsed: 0.000s  Memory: 580.00M
"polygons" in: sky130A.lydrc:125
    Polygons (raw): 0 (flat)  0 (hierarchical)
    Elapsed: 0.000s  Memory: 580.00M
"polygons" in: sky130A.lydrc:126
    Polygons (raw): 0 (flat)  0 (hierarchical)
    Elapsed: 0.000s  Memory: 580.00M
"polygons" in: sky130A.lydrc:127
    Polygons (raw): 12 (flat)  5 (hierarchical)
    Elapsed: 0.000s  Memory: 580.00M
"polygons" in: sky130A.lydrc:128
    Polygons (raw): 0 (flat)  0 (hierarchical)
    Elapsed: 0.000s  Memory: 580.00M
"polygons" in: sky130A.lydrc:129
    Polygons (raw): 0 (flat)  0 (hierarchical)
    Elapsed: 0.000s  Memory: 580.00M
"polygons" in: sky130A.lydrc:130
    Polygons (raw): 0 (flat)  0 (hierarchical)
    Elapsed: 0.000s  Memory: 580.00M
"polygons" in: sky130A.lydrc:131
    Polygons (raw): 0 (flat)  0 (hierarchical)
    Elapsed: 0.000s  Memory: 580.00M
"polygons" in: sky130A.lydrc:132
    Polygons (raw): 0 (flat)  0 (hierarchical)
    Elapsed: 0.000s  Memory: 580.00M
"polygons" in: sky130A.lydrc:133
    Polygons (raw): 0 (flat)  0 (hierarchical)
    Elapsed: 0.000s  Memory: 580.00M
"polygons" in: sky130A.lydrc:134
    Polygons (raw): 0 (flat)  0 (hierarchical)
    Elapsed: 0.000s  Memory: 580.00M
"polygons" in: sky130A.lydrc:135
    Polygons (raw): 0 (flat)  0 (hierarchical)
    Elapsed: 0.000s  Memory: 581.00M
"polygons" in: sky130A.lydrc:136
    Polygons (raw): 0 (flat)  0 (hierarchical)
    Elapsed: 0.000s  Memory: 581.00M
"polygons" in: sky130A.lydrc:137
    Polygons (raw): 0 (flat)  0 (hierarchical)
    Elapsed: 0.000s  Memory: 581.00M
"polygons" in: sky130A.lydrc:138
    Polygons (raw): 0 (flat)  0 (hierarchical)
    Elapsed: 0.000s  Memory: 581.00M
"polygons" in: sky130A.lydrc:139
    Polygons (raw): 0 (flat)  0 (hierarchical)
    Elapsed: 0.000s  Memory: 581.00M
"polygons" in: sky130A.lydrc:140
    Polygons (raw): 0 (flat)  0 (hierarchical)
    Elapsed: 0.000s  Memory: 581.00M
"polygons" in: sky130A.lydrc:141
    Polygons (raw): 0 (flat)  0 (hierarchical)
    Elapsed: 0.000s  Memory: 581.00M
"polygons" in: sky130A.lydrc:142
    Polygons (raw): 0 (flat)  0 (hierarchical)
    Elapsed: 0.000s  Memory: 581.00M
"polygons" in: sky130A.lydrc:143
    Polygons (raw): 0 (flat)  0 (hierarchical)
    Elapsed: 0.000s  Memory: 581.00M
"polygons" in: sky130A.lydrc:144
    Polygons (raw): 0 (flat)  0 (hierarchical)
    Elapsed: 0.000s  Memory: 581.00M
"polygons" in: sky130A.lydrc:145
    Polygons (raw): 0 (flat)  0 (hierarchical)
    Elapsed: 0.000s  Memory: 581.00M
"polygons" in: sky130A.lydrc:146
    Polygons (raw): 0 (flat)  0 (hierarchical)
    Elapsed: 0.000s  Memory: 581.00M
"polygons" in: sky130A.lydrc:147
    Polygons (raw): 0 (flat)  0 (hierarchical)
    Elapsed: 0.000s  Memory: 582.00M
"polygons" in: sky130A.lydrc:148
    Polygons (raw): 0 (flat)  0 (hierarchical)
    Elapsed: 0.000s  Memory: 582.00M
"polygons" in: sky130A.lydrc:149
    Polygons (raw): 0 (flat)  0 (hierarchical)
    Elapsed: 0.000s  Memory: 582.00M
"polygons" in: sky130A.lydrc:150
    Polygons (raw): 0 (flat)  0 (hierarchical)
    Elapsed: 0.000s  Memory: 582.00M
"polygons" in: sky130A.lydrc:151
    Polygons (raw): 0 (flat)  0 (hierarchical)
    Elapsed: 0.000s  Memory: 582.00M
"polygons" in: sky130A.lydrc:152
    Polygons (raw): 0 (flat)  0 (hierarchical)
    Elapsed: 0.000s  Memory: 582.00M
"polygons" in: sky130A.lydrc:153
    Polygons (raw): 0 (flat)  0 (hierarchical)
    Elapsed: 0.000s  Memory: 582.00M
"polygons" in: sky130A.lydrc:154
    Polygons (raw): 0 (flat)  0 (hierarchical)
    Elapsed: 0.000s  Memory: 582.00M
"polygons" in: sky130A.lydrc:155
    Polygons (raw): 0 (flat)  0 (hierarchical)
    Elapsed: 0.000s  Memory: 582.00M
"polygons" in: sky130A.lydrc:156
    Polygons (raw): 0 (flat)  0 (hierarchical)
    Elapsed: 0.000s  Memory: 582.00M
"polygons" in: sky130A.lydrc:157
    Polygons (raw): 0 (flat)  0 (hierarchical)
    Elapsed: 0.000s  Memory: 582.00M
"polygons" in: sky130A.lydrc:158
    Polygons (raw): 0 (flat)  0 (hierarchical)
    Elapsed: 0.000s  Memory: 582.00M
"polygons" in: sky130A.lydrc:159
    Polygons (raw): 0 (flat)  0 (hierarchical)
    Elapsed: 0.000s  Memory: 582.00M
"polygons" in: sky130A.lydrc:160
    Polygons (raw): 0 (flat)  0 (hierarchical)
    Elapsed: 0.000s  Memory: 582.00M
"polygons" in: sky130A.lydrc:161
    Polygons (raw): 0 (flat)  0 (hierarchical)
    Elapsed: 0.000s  Memory: 583.00M
"polygons" in: sky130A.lydrc:162
    Polygons (raw): 0 (flat)  0 (hierarchical)
    Elapsed: 0.000s  Memory: 583.00M
DRC section
BEOL section
"polygons" in: sky130A.lydrc:427
    Polygons (raw): 267 (flat)  211 (hierarchical)
    Elapsed: 0.000s  Memory: 583.00M
"width" in: sky130A.lydrc:428
    Edge pairs: 0 (flat)  0 (hierarchical)
    Elapsed: 0.000s  Memory: 583.00M
"output" in: sky130A.lydrc:428
    Edge pairs: 0 (flat)  0 (hierarchical)
    Elapsed: 0.000s  Memory: 583.00M
"-" in: sky130A.lydrc:430
    Polygons (raw): 0 (flat)  0 (hierarchical)
    Elapsed: 0.000s  Memory: 583.00M
"width" in: sky130A.lydrc:431
    Edge pairs: 0 (flat)  0 (hierarchical)
    Elapsed: 0.000s  Memory: 583.00M
"output" in: sky130A.lydrc:431
    Edge pairs: 0 (flat)  0 (hierarchical)
    Elapsed: 0.000s  Memory: 583.00M
"space" in: sky130A.lydrc:435
    Edge pairs: 0 (flat)  0 (hierarchical)
    Elapsed: 0.010s  Memory: 1127.00M
"output" in: sky130A.lydrc:435
    Edge pairs: 0 (flat)  0 (hierarchical)
    Elapsed: 0.000s  Memory: 1127.00M
"space" in: sky130A.lydrc:436
    Edge pairs: 0 (flat)  0 (hierarchical)
    Elapsed: 0.000s  Memory: 1127.00M
"output" in: sky130A.lydrc:436
    Edge pairs: 0 (flat)  0 (hierarchical)
    Elapsed: 0.000s  Memory: 1127.00M
"enclosing" in: sky130A.lydrc:437
    Edge pairs: 164 (flat)  164 (hierarchical)
    Elapsed: 0.010s  Memory: 1144.00M
"polygons" in: sky130A.lydrc:437
    Polygons (raw): 43 (flat)  43 (hierarchical)
    Elapsed: 0.000s  Memory: 1128.00M
"interacting" in: sky130A.lydrc:437
    Polygons (raw): 39 (flat)  39 (hierarchical)
    Elapsed: 0.010s  Memory: 1128.00M
"enclosing" in: sky130A.lydrc:438
    Edge pairs: 164 (flat)  164 (hierarchical)
    Elapsed: 0.010s  Memory: 1128.00M
"second_edges" in: sky130A.lydrc:438
    Edges: 164 (flat)  164 (hierarchical)
    Elapsed: 0.000s  Memory: 1128.00M
"edges" in: sky130A.lydrc:439
    Edges: 712 (flat)  488 (hierarchical)
    Elapsed: 0.000s  Memory: 1128.00M
"-" in: sky130A.lydrc:439
    Edges: 557 (flat)  347 (hierarchical)
    Elapsed: 0.010s  Memory: 1144.00M
"width" in: sky130A.lydrc:439
    Edge pairs: 238 (flat)  140 (hierarchical)
    Elapsed: 0.010s  Memory: 1128.00M
"polygons" in: sky130A.lydrc:439
    Polygons (raw): 238 (flat)  140 (hierarchical)
    Elapsed: 0.000s  Memory: 1128.00M
"not_interacting" in: sky130A.lydrc:440
    Polygons (raw): 0 (flat)  0 (hierarchical)
    Elapsed: 0.010s  Memory: 1152.00M
"output" in: sky130A.lydrc:440
    Polygons (raw): 0 (flat)  0 (hierarchical)
    Elapsed: 0.000s  Memory: 1128.00M
"with_area" in: sky130A.lydrc:441
    Polygons (raw): 0 (flat)  0 (hierarchical)
    Elapsed: 0.000s  Memory: 1128.00M
"output" in: sky130A.lydrc:441
    Polygons (raw): 0 (flat)  0 (hierarchical)
    Elapsed: 0.010s  Memory: 1129.00M
"edges" in: sky130A.lydrc:444
    Edges: 992 (flat)  592 (hierarchical)
    Elapsed: 0.000s  Memory: 1153.00M
"without_length" in: sky130A.lydrc:444
    Edges: 0 (flat)  0 (hierarchical)
    Elapsed: 0.010s  Memory: 1145.00M
"output" in: sky130A.lydrc:444
    Edges: 0 (flat)  0 (hierarchical)
    Elapsed: 0.000s  Memory: 1129.00M
"space" in: sky130A.lydrc:445
    Edge pairs: 0 (flat)  0 (hierarchical)
    Elapsed: 0.010s  Memory: 1129.00M
"output" in: sky130A.lydrc:445
    Edge pairs: 0 (flat)  0 (hierarchical)
    Elapsed: 0.000s  Memory: 1129.00M
"-" in: sky130A.lydrc:447
    Polygons (raw): 0 (flat)  0 (hierarchical)
    Elapsed: 0.010s  Memory: 1137.00M
"output" in: sky130A.lydrc:447
    Polygons (raw): 0 (flat)  0 (hierarchical)
    Elapsed: 0.000s  Memory: 1129.00M
"width" in: sky130A.lydrc:454
    Edge pairs: 0 (flat)  0 (hierarchical)
    Elapsed: 0.000s  Memory: 1129.00M
"output" in: sky130A.lydrc:454
    Edge pairs: 0 (flat)  0 (hierarchical)
    Elapsed: 0.000s  Memory: 1129.00M
"sized" in: sky130A.lydrc:456
    Polygons (raw): 0 (flat)  0 (hierarchical)
    Elapsed: 0.000s  Memory: 1129.00M
"sized" in: sky130A.lydrc:456
    Polygons (raw): 0 (flat)  0 (hierarchical)
    Elapsed: 0.000s  Memory: 1129.00M
"-" in: sky130A.lydrc:457
    Polygons (raw): 171 (flat)  115 (hierarchical)
    Elapsed: 0.000s  Memory: 1129.00M
"space" in: sky130A.lydrc:459
    Edge pairs: 0 (flat)  0 (hierarchical)
    Elapsed: 0.020s  Memory: 1130.00M
"output" in: sky130A.lydrc:459
    Edge pairs: 0 (flat)  0 (hierarchical)
    Elapsed: 0.000s  Memory: 1130.00M
"separation" in: sky130A.lydrc:461
    Edge pairs: 0 (flat)  0 (hierarchical)
    Elapsed: 0.000s  Memory: 1130.00M
"space" in: sky130A.lydrc:461
    Edge pairs: 0 (flat)  0 (hierarchical)
    Elapsed: 0.000s  Memory: 1130.00M
"+" in: sky130A.lydrc:461
    Edge pairs: 0 (flat)  0 (hierarchical)
    Elapsed: 0.000s  Memory: 1130.00M
"output" in: sky130A.lydrc:461
    Edge pairs: 0 (flat)  0 (hierarchical)
    Elapsed: 0.010s  Memory: 1130.00M
"input" in: sky130A.lydrc:464
    Polygons (raw): 171 (flat)  115 (hierarchical)
    Elapsed: 0.000s  Memory: 1130.00M
"enclosing" in: sky130A.lydrc:465
    Edge pairs: 0 (flat)  0 (hierarchical)
    Elapsed: 0.000s  Memory: 1146.00M
"output" in: sky130A.lydrc:465
    Edge pairs: 0 (flat)  0 (hierarchical)
    Elapsed: 0.000s  Memory: 1130.00M
"input" in: sky130A.lydrc:467
    Polygons (raw): 171 (flat)  115 (hierarchical)
    Elapsed: 0.000s  Memory: 1130.00M
"enclosing" in: sky130A.lydrc:468
    Edge pairs: 0 (flat)  0 (hierarchical)
    Elapsed: 0.010s  Memory: 1154.00M
"output" in: sky130A.lydrc:468
    Edge pairs: 0 (flat)  0 (hierarchical)
    Elapsed: 0.010s  Memory: 1130.00M
"with_area" in: sky130A.lydrc:469
    Polygons (raw): 0 (flat)  0 (hierarchical)
    Elapsed: 0.000s  Memory: 1131.00M
"output" in: sky130A.lydrc:469
    Polygons (raw): 0 (flat)  0 (hierarchical)
    Elapsed: 0.000s  Memory: 1131.00M
"holes" in: sky130A.lydrc:470
    Polygons (raw): 0 (flat)  0 (hierarchical)
    Elapsed: 0.000s  Memory: 1131.00M
"with_area" in: sky130A.lydrc:470
    Polygons (raw): 0 (flat)  0 (hierarchical)
    Elapsed: 0.000s  Memory: 1131.00M
"output" in: sky130A.lydrc:470
    Polygons (raw): 0 (flat)  0 (hierarchical)
    Elapsed: 0.010s  Memory: 1131.00M
"enclosing" in: sky130A.lydrc:472
    Edge pairs: 23 (flat)  23 (hierarchical)
    Elapsed: 0.010s  Memory: 1155.00M
"polygons" in: sky130A.lydrc:472
    Polygons (raw): 23 (flat)  23 (hierarchical)
    Elapsed: 0.000s  Memory: 1131.00M
"interacting" in: sky130A.lydrc:472
    Polygons (raw): 0 (flat)  0 (hierarchical)
    Elapsed: 0.010s  Memory: 1147.00M
"enclosing" in: sky130A.lydrc:473
    Edge pairs: 50 (flat)  50 (hierarchical)
    Elapsed: 0.010s  Memory: 1155.00M
"second_edges" in: sky130A.lydrc:473
    Edges: 50 (flat)  50 (hierarchical)
    Elapsed: 0.030s  Memory: 1123.00M
"edges" in: sky130A.lydrc:474
    Edges: 656 (flat)  592 (hierarchical)
    Elapsed: 0.000s  Memory: 1123.00M
"-" in: sky130A.lydrc:474
    Edges: 612 (flat)  548 (hierarchical)
    Elapsed: 0.010s  Memory: 1131.00M
"width" in: sky130A.lydrc:474
    Edge pairs: 304 (flat)  272 (hierarchical)
    Elapsed: 0.010s  Memory: 1123.00M
"polygons" in: sky130A.lydrc:474
    Polygons (raw): 304 (flat)  272 (hierarchical)
    Elapsed: 0.000s  Memory: 1123.00M
"not_interacting" in: sky130A.lydrc:475
    Polygons (raw): 0 (flat)  0 (hierarchical)
    Elapsed: 0.000s  Memory: 1123.00M
"output" in: sky130A.lydrc:475
    Polygons (raw): 0 (flat)  0 (hierarchical)
    Elapsed: 0.000s  Memory: 1123.00M
"-" in: sky130A.lydrc:486
    Polygons (raw): 0 (flat)  0 (hierarchical)
    Elapsed: 0.010s  Memory: 1131.00M
"output" in: sky130A.lydrc:486
    Polygons (raw): 0 (flat)  0 (hierarchical)
    Elapsed: 0.000s  Memory: 1123.00M
"-" in: sky130A.lydrc:488
    Polygons (raw): 14 (flat)  14 (hierarchical)
    Elapsed: 0.000s  Memory: 1123.00M
"edges" in: sky130A.lydrc:488
    Edges: 56 (flat)  56 (hierarchical)
    Elapsed: 0.010s  Memory: 1155.00M
"without_length" in: sky130A.lydrc:488
    Edges: 0 (flat)  0 (hierarchical)
    Elapsed: 0.000s  Memory: 1123.00M
"output" in: sky130A.lydrc:488
    Edges: 0 (flat)  0 (hierarchical)
    Elapsed: 0.000s  Memory: 1123.00M
"&" in: sky130A.lydrc:489
    Polygons (raw): 0 (flat)  0 (hierarchical)
    Elapsed: 0.000s  Memory: 1123.00M
"&" in: sky130A.lydrc:489
    Polygons (raw): 0 (flat)  0 (hierarchical)
    Elapsed: 0.000s  Memory: 1123.00M
"edges" in: sky130A.lydrc:489
    Edges: 0 (flat)  0 (hierarchical)
    Elapsed: 0.000s  Memory: 1123.00M
"without_length" in: sky130A.lydrc:489
    Edges: 0 (flat)  0 (hierarchical)
    Elapsed: 0.000s  Memory: 1123.00M
"&" in: sky130A.lydrc:489
    Polygons (raw): 0 (flat)  0 (hierarchical)
    Elapsed: 0.000s  Memory: 1123.00M
"edges" in: sky130A.lydrc:489
    Edges: 0 (flat)  0 (hierarchical)
    Elapsed: 0.000s  Memory: 1123.00M
"without_length" in: sky130A.lydrc:489
    Edges: 0 (flat)  0 (hierarchical)
    Elapsed: 0.000s  Memory: 1123.00M
"or" in: sky130A.lydrc:489
    Edges: 0 (flat)  0 (hierarchical)
    Elapsed: 0.000s  Memory: 1123.00M
"&" in: sky130A.lydrc:489
    Polygons (raw): 0 (flat)  0 (hierarchical)
    Elapsed: 0.000s  Memory: 1123.00M
"edges" in: sky130A.lydrc:489
    Edges: 0 (flat)  0 (hierarchical)
    Elapsed: 0.000s  Memory: 1123.00M
"without_length" in: sky130A.lydrc:489
    Edges: 0 (flat)  0 (hierarchical)
    Elapsed: 0.010s  Memory: 1123.00M
"or" in: sky130A.lydrc:489
    Edges: 0 (flat)  0 (hierarchical)
    Elapsed: 0.000s  Memory: 1123.00M
"not_interacting" in: sky130A.lydrc:489
    Polygons (raw): 0 (flat)  0 (hierarchical)
    Elapsed: 0.000s  Memory: 1123.00M
"output" in: sky130A.lydrc:489
    Polygons (raw): 0 (flat)  0 (hierarchical)
    Elapsed: 0.000s  Memory: 1123.00M
"isolated" in: sky130A.lydrc:490
    Edge pairs: 0 (flat)  0 (hierarchical)
    Elapsed: 0.000s  Memory: 1155.00M
"output" in: sky130A.lydrc:490
    Edge pairs: 0 (flat)  0 (hierarchical)
    Elapsed: 0.000s  Memory: 1123.00M
"edges" in: sky130A.lydrc:491
    Edges: 56 (flat)  56 (hierarchical)
    Elapsed: 0.000s  Memory: 1123.00M
"without_length" in: sky130A.lydrc:491
    Edges: 0 (flat)  0 (hierarchical)
    Elapsed: 0.000s  Memory: 1123.00M
"not_interacting" in: sky130A.lydrc:491
    Polygons (raw): 14 (flat)  14 (hierarchical)
    Elapsed: 0.000s  Memory: 1123.00M
"enclosing" in: sky130A.lydrc:491
    Edge pairs: 0 (flat)  0 (hierarchical)
    Elapsed: 0.000s  Memory: 1139.00M
"output" in: sky130A.lydrc:491
    Edge pairs: 0 (flat)  0 (hierarchical)
    Elapsed: 0.010s  Memory: 1123.00M
"edges" in: sky130A.lydrc:492
    Edges: 56 (flat)  56 (hierarchical)
    Elapsed: 0.000s  Memory: 1123.00M
"without_length" in: sky130A.lydrc:492
    Edges: 56 (flat)  56 (hierarchical)
    Elapsed: 0.000s  Memory: 1123.00M
"not_interacting" in: sky130A.lydrc:492
    Polygons (raw): 0 (flat)  0 (hierarchical)
    Elapsed: 0.000s  Memory: 1147.00M
"enclosing" in: sky130A.lydrc:492
    Edge pairs: 0 (flat)  0 (hierarchical)
    Elapsed: 0.000s  Memory: 1123.00M
"output" in: sky130A.lydrc:492
    Edge pairs: 0 (flat)  0 (hierarchical)
    Elapsed: 0.000s  Memory: 1123.00M
"edges" in: sky130A.lydrc:493
    Edges: 56 (flat)  56 (hierarchical)
    Elapsed: 0.010s  Memory: 1123.00M
"without_length" in: sky130A.lydrc:493
    Edges: 0 (flat)  0 (hierarchical)
    Elapsed: 0.000s  Memory: 1123.00M
"not_interacting" in: sky130A.lydrc:493
    Polygons (raw): 14 (flat)  14 (hierarchical)
    Elapsed: 0.000s  Memory: 1123.00M
"enclosing" in: sky130A.lydrc:493
    Edge pairs: 28 (flat)  28 (hierarchical)
    Elapsed: 0.010s  Memory: 1131.00M
"second_edges" in: sky130A.lydrc:493
    Edges: 28 (flat)  28 (hierarchical)
    Elapsed: 0.000s  Memory: 1123.00M
"edges" in: sky130A.lydrc:494
    Edges: 56 (flat)  56 (hierarchical)
    Elapsed: 0.000s  Memory: 1123.00M
"without_length" in: sky130A.lydrc:494
    Edges: 0 (flat)  0 (hierarchical)
    Elapsed: 0.000s  Memory: 1124.00M
"not_interacting" in: sky130A.lydrc:494
    Polygons (raw): 14 (flat)  14 (hierarchical)
    Elapsed: 0.000s  Memory: 1124.00M
"edges" in: sky130A.lydrc:494
    Edges: 56 (flat)  56 (hierarchical)
    Elapsed: 0.000s  Memory: 1124.00M
"-" in: sky130A.lydrc:494
    Edges: 28 (flat)  28 (hierarchical)
    Elapsed: 0.010s  Memory: 1148.00M
"width" in: sky130A.lydrc:494
    Edge pairs: 14 (flat)  14 (hierarchical)
    Elapsed: 0.000s  Memory: 1124.00M
"polygons" in: sky130A.lydrc:494
    Polygons (raw): 14 (flat)  14 (hierarchical)
    Elapsed: 0.010s  Memory: 1124.00M
"edges" in: sky130A.lydrc:495
    Edges: 56 (flat)  56 (hierarchical)
    Elapsed: 0.000s  Memory: 1124.00M
"without_length" in: sky130A.lydrc:495
    Edges: 0 (flat)  0 (hierarchical)
    Elapsed: 0.000s  Memory: 1124.00M
"not_interacting" in: sky130A.lydrc:495
    Polygons (raw): 14 (flat)  14 (hierarchical)
    Elapsed: 0.000s  Memory: 1124.00M
"not_interacting" in: sky130A.lydrc:495
    Polygons (raw): 0 (flat)  0 (hierarchical)
    Elapsed: 0.000s  Memory: 1124.00M
"output" in: sky130A.lydrc:495
    Polygons (raw): 0 (flat)  0 (hierarchical)
    Elapsed: 0.010s  Memory: 1124.00M
"edges" in: sky130A.lydrc:496
    Edges: 56 (flat)  56 (hierarchical)
    Elapsed: 0.000s  Memory: 1124.00M
"without_length" in: sky130A.lydrc:496
    Edges: 56 (flat)  56 (hierarchical)
    Elapsed: 0.000s  Memory: 1125.00M
"not_interacting" in: sky130A.lydrc:496
    Polygons (raw): 0 (flat)  0 (hierarchical)
    Elapsed: 0.010s  Memory: 1141.00M
"enclosing" in: sky130A.lydrc:496
    Edge pairs: 0 (flat)  0 (hierarchical)
    Elapsed: 0.000s  Memory: 1125.00M
"second_edges" in: sky130A.lydrc:496
    Edges: 0 (flat)  0 (hierarchical)
    Elapsed: 0.000s  Memory: 1125.00M
"edges" in: sky130A.lydrc:497
    Edges: 56 (flat)  56 (hierarchical)
    Elapsed: 0.000s  Memory: 1125.00M
"without_length" in: sky130A.lydrc:497
    Edges: 56 (flat)  56 (hierarchical)
    Elapsed: 0.000s  Memory: 1125.00M
"not_interacting" in: sky130A.lydrc:497
    Polygons (raw): 0 (flat)  0 (hierarchical)
    Elapsed: 0.000s  Memory: 1149.00M
"edges" in: sky130A.lydrc:497
    Edges: 0 (flat)  0 (hierarchical)
    Elapsed: 0.000s  Memory: 1125.00M
"-" in: sky130A.lydrc:497
    Edges: 0 (flat)  0 (hierarchical)
    Elapsed: 0.000s  Memory: 1125.00M
"width" in: sky130A.lydrc:497
    Edge pairs: 0 (flat)  0 (hierarchical)
    Elapsed: 0.000s  Memory: 1125.00M
"polygons" in: sky130A.lydrc:497
    Polygons (raw): 0 (flat)  0 (hierarchical)
    Elapsed: 0.000s  Memory: 1125.00M
"edges" in: sky130A.lydrc:498
    Edges: 56 (flat)  56 (hierarchical)
    Elapsed: 0.000s  Memory: 1125.00M
"without_length" in: sky130A.lydrc:498
    Edges: 56 (flat)  56 (hierarchical)
    Elapsed: 0.000s  Memory: 1125.00M
"not_interacting" in: sky130A.lydrc:498
    Polygons (raw): 0 (flat)  0 (hierarchical)
    Elapsed: 0.000s  Memory: 1133.00M
"not_interacting" in: sky130A.lydrc:498
    Polygons (raw): 0 (flat)  0 (hierarchical)
    Elapsed: 0.000s  Memory: 1134.00M
"output" in: sky130A.lydrc:498
    Polygons (raw): 0 (flat)  0 (hierarchical)
    Elapsed: 0.000s  Memory: 1134.00M
"width" in: sky130A.lydrc:511
    Edge pairs: 0 (flat)  0 (hierarchical)
    Elapsed: 0.000s  Memory: 1134.00M
"output" in: sky130A.lydrc:511
    Edge pairs: 0 (flat)  0 (hierarchical)
    Elapsed: 0.000s  Memory: 1134.00M
"sized" in: sky130A.lydrc:513
    Polygons (raw): 0 (flat)  0 (hierarchical)
    Elapsed: 0.000s  Memory: 1126.00M
"sized" in: sky130A.lydrc:513
    Polygons (raw): 0 (flat)  0 (hierarchical)
    Elapsed: 0.000s  Memory: 1126.00M
"-" in: sky130A.lydrc:514
    Polygons (raw): 33 (flat)  33 (hierarchical)
    Elapsed: 0.010s  Memory: 1126.00M
"space" in: sky130A.lydrc:516
    Edge pairs: 0 (flat)  0 (hierarchical)
    Elapsed: 0.000s  Memory: 1134.00M
"output" in: sky130A.lydrc:516
    Edge pairs: 0 (flat)  0 (hierarchical)
    Elapsed: 0.010s  Memory: 1126.00M
"separation" in: sky130A.lydrc:518
    Edge pairs: 0 (flat)  0 (hierarchical)
    Elapsed: 0.000s  Memory: 1126.00M
"space" in: sky130A.lydrc:518
    Edge pairs: 0 (flat)  0 (hierarchical)
    Elapsed: 0.000s  Memory: 1126.00M
"+" in: sky130A.lydrc:518
    Edge pairs: 0 (flat)  0 (hierarchical)
    Elapsed: 0.000s  Memory: 1126.00M
"output" in: sky130A.lydrc:518
    Edge pairs: 0 (flat)  0 (hierarchical)
    Elapsed: 0.000s  Memory: 1127.00M
"with_area" in: sky130A.lydrc:521
    Polygons (raw): 0 (flat)  0 (hierarchical)
    Elapsed: 0.000s  Memory: 1127.00M
"output" in: sky130A.lydrc:521
    Polygons (raw): 0 (flat)  0 (hierarchical)
    Elapsed: 0.000s  Memory: 1127.00M
"holes" in: sky130A.lydrc:522
    Polygons (raw): 0 (flat)  0 (hierarchical)
    Elapsed: 0.000s  Memory: 1127.00M
"with_area" in: sky130A.lydrc:522
    Polygons (raw): 0 (flat)  0 (hierarchical)
    Elapsed: 0.000s  Memory: 1127.00M
"output" in: sky130A.lydrc:522
    Polygons (raw): 0 (flat)  0 (hierarchical)
    Elapsed: 0.000s  Memory: 1127.00M
"-" in: sky130A.lydrc:523
    Polygons (raw): 0 (flat)  0 (hierarchical)
    Elapsed: 0.010s  Memory: 1127.00M
"output" in: sky130A.lydrc:523
    Polygons (raw): 0 (flat)  0 (hierarchical)
    Elapsed: 0.000s  Memory: 1127.00M
"enclosing" in: sky130A.lydrc:525
    Edge pairs: 0 (flat)  0 (hierarchical)
    Elapsed: 0.010s  Memory: 1127.00M
"output" in: sky130A.lydrc:525
    Edge pairs: 0 (flat)  0 (hierarchical)
    Elapsed: 0.000s  Memory: 1127.00M
"enclosing" in: sky130A.lydrc:526
    Edge pairs: 28 (flat)  28 (hierarchical)
    Elapsed: 0.010s  Memory: 1143.00M
"second_edges" in: sky130A.lydrc:526
    Edges: 28 (flat)  28 (hierarchical)
    Elapsed: 0.000s  Memory: 1127.00M
"edges" in: sky130A.lydrc:527
    Edges: 56 (flat)  56 (hierarchical)
    Elapsed: 0.000s  Memory: 1127.00M
"-" in: sky130A.lydrc:527
    Edges: 28 (flat)  28 (hierarchical)
    Elapsed: 0.010s  Memory: 1128.00M
"width" in: sky130A.lydrc:527
    Edge pairs: 14 (flat)  14 (hierarchical)
    Elapsed: 0.010s  Memory: 1128.00M
"polygons" in: sky130A.lydrc:527
    Polygons (raw): 14 (flat)  14 (hierarchical)
    Elapsed: 0.000s  Memory: 1128.00M
"not_interacting" in: sky130A.lydrc:528
    Polygons (raw): 0 (flat)  0 (hierarchical)
    Elapsed: 0.010s  Memory: 1128.00M
"output" in: sky130A.lydrc:528
    Polygons (raw): 0 (flat)  0 (hierarchical)
    Elapsed: 0.000s  Memory: 1128.00M
"-" in: sky130A.lydrc:539
    Polygons (raw): 0 (flat)  0 (hierarchical)
    Elapsed: 0.000s  Memory: 1128.00M
"output" in: sky130A.lydrc:539
    Polygons (raw): 0 (flat)  0 (hierarchical)
    Elapsed: 0.000s  Memory: 1128.00M
"-" in: sky130A.lydrc:541
    Polygons (raw): 0 (flat)  0 (hierarchical)
    Elapsed: 0.000s  Memory: 1128.00M
"edges" in: sky130A.lydrc:541
    Edges: 0 (flat)  0 (hierarchical)
    Elapsed: 0.000s  Memory: 1128.00M
"without_length" in: sky130A.lydrc:541
    Edges: 0 (flat)  0 (hierarchical)
    Elapsed: 0.000s  Memory: 1128.00M
"output" in: sky130A.lydrc:541
    Edges: 0 (flat)  0 (hierarchical)
    Elapsed: 0.000s  Memory: 1128.00M
"&" in: sky130A.lydrc:542
    Polygons (raw): 0 (flat)  0 (hierarchical)
    Elapsed: 0.000s  Memory: 1128.00M
"&" in: sky130A.lydrc:542
    Polygons (raw): 0 (flat)  0 (hierarchical)
    Elapsed: 0.000s  Memory: 1129.00M
"edges" in: sky130A.lydrc:542
    Edges: 0 (flat)  0 (hierarchical)
    Elapsed: 0.000s  Memory: 1129.00M
"without_length" in: sky130A.lydrc:542
    Edges: 0 (flat)  0 (hierarchical)
    Elapsed: 0.000s  Memory: 1129.00M
"&" in: sky130A.lydrc:542
    Polygons (raw): 0 (flat)  0 (hierarchical)
    Elapsed: 0.000s  Memory: 1129.00M
"edges" in: sky130A.lydrc:542
    Edges: 0 (flat)  0 (hierarchical)
    Elapsed: 0.000s  Memory: 1129.00M
"without_length" in: sky130A.lydrc:542
    Edges: 0 (flat)  0 (hierarchical)
    Elapsed: 0.000s  Memory: 1129.00M
"or" in: sky130A.lydrc:542
    Edges: 0 (flat)  0 (hierarchical)
    Elapsed: 0.000s  Memory: 1129.00M
"&" in: sky130A.lydrc:542
    Polygons (raw): 0 (flat)  0 (hierarchical)
    Elapsed: 0.000s  Memory: 1129.00M
"edges" in: sky130A.lydrc:542
    Edges: 0 (flat)  0 (hierarchical)
    Elapsed: 0.000s  Memory: 1129.00M
"without_length" in: sky130A.lydrc:542
    Edges: 0 (flat)  0 (hierarchical)
    Elapsed: 0.000s  Memory: 1129.00M
"or" in: sky130A.lydrc:542
    Edges: 0 (flat)  0 (hierarchical)
    Elapsed: 0.000s  Memory: 1129.00M
"not_interacting" in: sky130A.lydrc:542
    Polygons (raw): 0 (flat)  0 (hierarchical)
    Elapsed: 0.000s  Memory: 1129.00M
"output" in: sky130A.lydrc:542
    Polygons (raw): 0 (flat)  0 (hierarchical)
    Elapsed: 0.000s  Memory: 1130.00M
"isolated" in: sky130A.lydrc:543
    Edge pairs: 0 (flat)  0 (hierarchical)
    Elapsed: 0.000s  Memory: 1130.00M
"output" in: sky130A.lydrc:543
    Edge pairs: 0 (flat)  0 (hierarchical)
    Elapsed: 0.000s  Memory: 1130.00M
"enclosing" in: sky130A.lydrc:544
    Edge pairs: 0 (flat)  0 (hierarchical)
    Elapsed: 0.000s  Memory: 1130.00M
"output" in: sky130A.lydrc:544
    Edge pairs: 0 (flat)  0 (hierarchical)
    Elapsed: 0.000s  Memory: 1130.00M
"edges" in: sky130A.lydrc:545
    Edges: 0 (flat)  0 (hierarchical)
    Elapsed: 0.000s  Memory: 1130.00M
"without_length" in: sky130A.lydrc:545
    Edges: 0 (flat)  0 (hierarchical)
    Elapsed: 0.000s  Memory: 1130.00M
"not_interacting" in: sky130A.lydrc:545
    Polygons (raw): 0 (flat)  0 (hierarchical)
    Elapsed: 0.000s  Memory: 1130.00M
"enclosing" in: sky130A.lydrc:545
    Edge pairs: 0 (flat)  0 (hierarchical)
    Elapsed: 0.000s  Memory: 1130.00M
"output" in: sky130A.lydrc:545
    Edge pairs: 0 (flat)  0 (hierarchical)
    Elapsed: 0.000s  Memory: 1130.00M
"enclosing" in: sky130A.lydrc:546
    Edge pairs: 0 (flat)  0 (hierarchical)
    Elapsed: 0.000s  Memory: 1130.00M
"second_edges" in: sky130A.lydrc:546
    Edges: 0 (flat)  0 (hierarchical)
    Elapsed: 0.000s  Memory: 1130.00M
"edges" in: sky130A.lydrc:547
    Edges: 0 (flat)  0 (hierarchical)
    Elapsed: 0.000s  Memory: 1131.00M
"-" in: sky130A.lydrc:547
    Edges: 0 (flat)  0 (hierarchical)
    Elapsed: 0.000s  Memory: 1131.00M
"width" in: sky130A.lydrc:547
    Edge pairs: 0 (flat)  0 (hierarchical)
    Elapsed: 0.010s  Memory: 1147.00M
"polygons" in: sky130A.lydrc:547
    Polygons (raw): 0 (flat)  0 (hierarchical)
    Elapsed: 0.000s  Memory: 1131.00M
"not_interacting" in: sky130A.lydrc:548
    Polygons (raw): 0 (flat)  0 (hierarchical)
    Elapsed: 0.000s  Memory: 1131.00M
"output" in: sky130A.lydrc:548
    Polygons (raw): 0 (flat)  0 (hierarchical)
    Elapsed: 0.000s  Memory: 1131.00M
"width" in: sky130A.lydrc:559
    Edge pairs: 0 (flat)  0 (hierarchical)
    Elapsed: 0.000s  Memory: 1131.00M
"output" in: sky130A.lydrc:559
    Edge pairs: 0 (flat)  0 (hierarchical)
    Elapsed: 0.010s  Memory: 1131.00M
"sized" in: sky130A.lydrc:561
    Polygons (raw): 0 (flat)  0 (hierarchical)
    Elapsed: 0.000s  Memory: 1131.00M
"sized" in: sky130A.lydrc:561
    Polygons (raw): 0 (flat)  0 (hierarchical)
    Elapsed: 0.000s  Memory: 1131.00M
"-" in: sky130A.lydrc:562
    Polygons (raw): 0 (flat)  0 (hierarchical)
    Elapsed: 0.000s  Memory: 1131.00M
"space" in: sky130A.lydrc:564
    Edge pairs: 0 (flat)  0 (hierarchical)
    Elapsed: 0.000s  Memory: 1131.00M
"output" in: sky130A.lydrc:564
    Edge pairs: 0 (flat)  0 (hierarchical)
    Elapsed: 0.000s  Memory: 1131.00M
"separation" in: sky130A.lydrc:566
    Edge pairs: 0 (flat)  0 (hierarchical)
    Elapsed: 0.000s  Memory: 1132.00M
"space" in: sky130A.lydrc:566
    Edge pairs: 0 (flat)  0 (hierarchical)
    Elapsed: 0.000s  Memory: 1132.00M
"+" in: sky130A.lydrc:566
    Edge pairs: 0 (flat)  0 (hierarchical)
    Elapsed: 0.000s  Memory: 1132.00M
"output" in: sky130A.lydrc:566
    Edge pairs: 0 (flat)  0 (hierarchical)
    Elapsed: 0.000s  Memory: 1132.00M
"with_area" in: sky130A.lydrc:569
    Polygons (raw): 0 (flat)  0 (hierarchical)
    Elapsed: 0.000s  Memory: 1132.00M
"output" in: sky130A.lydrc:569
    Polygons (raw): 0 (flat)  0 (hierarchical)
    Elapsed: 0.000s  Memory: 1132.00M
"-" in: sky130A.lydrc:570
    Polygons (raw): 0 (flat)  0 (hierarchical)
    Elapsed: 0.010s  Memory: 1132.00M
"output" in: sky130A.lydrc:570
    Polygons (raw): 0 (flat)  0 (hierarchical)
    Elapsed: 0.000s  Memory: 1132.00M
"enclosing" in: sky130A.lydrc:572
    Edge pairs: 0 (flat)  0 (hierarchical)
    Elapsed: 0.000s  Memory: 1132.00M
"output" in: sky130A.lydrc:572
    Edge pairs: 0 (flat)  0 (hierarchical)
    Elapsed: 0.000s  Memory: 1132.00M
"enclosing" in: sky130A.lydrc:573
    Edge pairs: 0 (flat)  0 (hierarchical)
    Elapsed: 0.010s  Memory: 1132.00M
"second_edges" in: sky130A.lydrc:573
    Edges: 0 (flat)  0 (hierarchical)
    Elapsed: 0.000s  Memory: 1132.00M
"-" in: sky130A.lydrc:588
    Polygons (raw): 0 (flat)  0 (hierarchical)
    Elapsed: 0.010s  Memory: 1133.00M
"output" in: sky130A.lydrc:588
    Polygons (raw): 0 (flat)  0 (hierarchical)
    Elapsed: 0.000s  Memory: 1133.00M
"-" in: sky130A.lydrc:590
    Polygons (raw): 0 (flat)  0 (hierarchical)
    Elapsed: 0.000s  Memory: 1133.00M
"edges" in: sky130A.lydrc:590
    Edges: 0 (flat)  0 (hierarchical)
    Elapsed: 0.000s  Memory: 1133.00M
"without_length" in: sky130A.lydrc:590
    Edges: 0 (flat)  0 (hierarchical)
    Elapsed: 0.000s  Memory: 1133.00M
"output" in: sky130A.lydrc:590
    Edges: 0 (flat)  0 (hierarchical)
    Elapsed: 0.000s  Memory: 1133.00M
"&" in: sky130A.lydrc:591
    Polygons (raw): 0 (flat)  0 (hierarchical)
    Elapsed: 0.030s  Memory: 1123.00M
"&" in: sky130A.lydrc:591
    Polygons (raw): 0 (flat)  0 (hierarchical)
    Elapsed: 0.000s  Memory: 1123.00M
"edges" in: sky130A.lydrc:591
    Edges: 0 (flat)  0 (hierarchical)
    Elapsed: 0.000s  Memory: 1123.00M
"without_length" in: sky130A.lydrc:591
    Edges: 0 (flat)  0 (hierarchical)
    Elapsed: 0.000s  Memory: 1123.00M
"&" in: sky130A.lydrc:591
    Polygons (raw): 0 (flat)  0 (hierarchical)
    Elapsed: 0.000s  Memory: 1123.00M
"edges" in: sky130A.lydrc:591
    Edges: 0 (flat)  0 (hierarchical)
    Elapsed: 0.000s  Memory: 1123.00M
"without_length" in: sky130A.lydrc:591
    Edges: 0 (flat)  0 (hierarchical)
    Elapsed: 0.000s  Memory: 1123.00M
"or" in: sky130A.lydrc:591
    Edges: 0 (flat)  0 (hierarchical)
    Elapsed: 0.000s  Memory: 1123.00M
"not_interacting" in: sky130A.lydrc:591
    Polygons (raw): 0 (flat)  0 (hierarchical)
    Elapsed: 0.000s  Memory: 1123.00M
"output" in: sky130A.lydrc:591
    Polygons (raw): 0 (flat)  0 (hierarchical)
    Elapsed: 0.000s  Memory: 1123.00M
"isolated" in: sky130A.lydrc:592
    Edge pairs: 0 (flat)  0 (hierarchical)
    Elapsed: 0.000s  Memory: 1123.00M
"output" in: sky130A.lydrc:592
    Edge pairs: 0 (flat)  0 (hierarchical)
    Elapsed: 0.000s  Memory: 1123.00M
"enclosing" in: sky130A.lydrc:593
    Edge pairs: 0 (flat)  0 (hierarchical)
    Elapsed: 0.000s  Memory: 1123.00M
"output" in: sky130A.lydrc:593
    Edge pairs: 0 (flat)  0 (hierarchical)
    Elapsed: 0.000s  Memory: 1123.00M
"enclosing" in: sky130A.lydrc:594
    Edge pairs: 0 (flat)  0 (hierarchical)
    Elapsed: 0.000s  Memory: 1123.00M
"second_edges" in: sky130A.lydrc:594
    Edges: 0 (flat)  0 (hierarchical)
    Elapsed: 0.000s  Memory: 1123.00M
"edges" in: sky130A.lydrc:595
    Edges: 0 (flat)  0 (hierarchical)
    Elapsed: 0.000s  Memory: 1123.00M
"-" in: sky130A.lydrc:595
    Edges: 0 (flat)  0 (hierarchical)
    Elapsed: 0.000s  Memory: 1123.00M
"width" in: sky130A.lydrc:595
    Edge pairs: 0 (flat)  0 (hierarchical)
    Elapsed: 0.010s  Memory: 1131.00M
"polygons" in: sky130A.lydrc:595
    Polygons (raw): 0 (flat)  0 (hierarchical)
    Elapsed: 0.000s  Memory: 1123.00M
"not_interacting" in: sky130A.lydrc:596
    Polygons (raw): 0 (flat)  0 (hierarchical)
    Elapsed: 0.000s  Memory: 1123.00M
"output" in: sky130A.lydrc:596
    Polygons (raw): 0 (flat)  0 (hierarchical)
    Elapsed: 0.010s  Memory: 1123.00M
"width" in: sky130A.lydrc:607
    Edge pairs: 0 (flat)  0 (hierarchical)
    Elapsed: 0.000s  Memory: 1123.00M
"output" in: sky130A.lydrc:607
    Edge pairs: 0 (flat)  0 (hierarchical)
    Elapsed: 0.000s  Memory: 1123.00M
"sized" in: sky130A.lydrc:609
    Polygons (raw): 0 (flat)  0 (hierarchical)
    Elapsed: 0.000s  Memory: 1123.00M
"sized" in: sky130A.lydrc:609
    Polygons (raw): 0 (flat)  0 (hierarchical)
    Elapsed: 0.000s  Memory: 1123.00M
"-" in: sky130A.lydrc:610
    Polygons (raw): 0 (flat)  0 (hierarchical)
    Elapsed: 0.000s  Memory: 1123.00M
"space" in: sky130A.lydrc:612
    Edge pairs: 0 (flat)  0 (hierarchical)
    Elapsed: 0.000s  Memory: 1123.00M
"output" in: sky130A.lydrc:612
    Edge pairs: 0 (flat)  0 (hierarchical)
    Elapsed: 0.000s  Memory: 1123.00M
"separation" in: sky130A.lydrc:614
    Edge pairs: 0 (flat)  0 (hierarchical)
    Elapsed: 0.000s  Memory: 1123.00M
"space" in: sky130A.lydrc:614
    Edge pairs: 0 (flat)  0 (hierarchical)
    Elapsed: 0.000s  Memory: 1123.00M
"+" in: sky130A.lydrc:614
    Edge pairs: 0 (flat)  0 (hierarchical)
    Elapsed: 0.000s  Memory: 1123.00M
"output" in: sky130A.lydrc:614
    Edge pairs: 0 (flat)  0 (hierarchical)
    Elapsed: 0.000s  Memory: 1123.00M
"with_area" in: sky130A.lydrc:616
    Polygons (raw): 0 (flat)  0 (hierarchical)
    Elapsed: 0.010s  Memory: 1123.00M
"output" in: sky130A.lydrc:616
    Polygons (raw): 0 (flat)  0 (hierarchical)
    Elapsed: 0.000s  Memory: 1123.00M
"-" in: sky130A.lydrc:617
    Polygons (raw): 0 (flat)  0 (hierarchical)
    Elapsed: 0.000s  Memory: 1123.00M
"output" in: sky130A.lydrc:617
    Polygons (raw): 0 (flat)  0 (hierarchical)
    Elapsed: 0.000s  Memory: 1123.00M
"enclosing" in: sky130A.lydrc:619
    Edge pairs: 0 (flat)  0 (hierarchical)
    Elapsed: 0.000s  Memory: 1123.00M
"output" in: sky130A.lydrc:619
    Edge pairs: 0 (flat)  0 (hierarchical)
    Elapsed: 0.000s  Memory: 1123.00M
"edges" in: sky130A.lydrc:635
    Edges: 0 (flat)  0 (hierarchical)
    Elapsed: 0.000s  Memory: 1123.00M
"without_length" in: sky130A.lydrc:635
    Edges: 0 (flat)  0 (hierarchical)
    Elapsed: 0.000s  Memory: 1123.00M
"output" in: sky130A.lydrc:635
    Edges: 0 (flat)  0 (hierarchical)
    Elapsed: 0.000s  Memory: 1123.00M
"isolated" in: sky130A.lydrc:636
    Edge pairs: 0 (flat)  0 (hierarchical)
    Elapsed: 0.000s  Memory: 1123.00M
"output" in: sky130A.lydrc:636
    Edge pairs: 0 (flat)  0 (hierarchical)
    Elapsed: 0.000s  Memory: 1123.00M
"enclosing" in: sky130A.lydrc:638
    Edge pairs: 0 (flat)  0 (hierarchical)
    Elapsed: 0.000s  Memory: 1123.00M
"output" in: sky130A.lydrc:638
    Edge pairs: 0 (flat)  0 (hierarchical)
    Elapsed: 0.000s  Memory: 1124.00M
"-" in: sky130A.lydrc:639
    Polygons (raw): 0 (flat)  0 (hierarchical)
    Elapsed: 0.000s  Memory: 1124.00M
"output" in: sky130A.lydrc:639
    Polygons (raw): 0 (flat)  0 (hierarchical)
    Elapsed: 0.000s  Memory: 1124.00M
"width" in: sky130A.lydrc:645
    Edge pairs: 0 (flat)  0 (hierarchical)
    Elapsed: 0.000s  Memory: 1124.00M
"output" in: sky130A.lydrc:645
    Edge pairs: 0 (flat)  0 (hierarchical)
    Elapsed: 0.000s  Memory: 1124.00M
"space" in: sky130A.lydrc:647
    Edge pairs: 0 (flat)  0 (hierarchical)
    Elapsed: 0.000s  Memory: 1124.00M
"output" in: sky130A.lydrc:647
    Edge pairs: 0 (flat)  0 (hierarchical)
    Elapsed: 0.000s  Memory: 1124.00M
"-" in: sky130A.lydrc:649
    Polygons (raw): 0 (flat)  0 (hierarchical)
    Elapsed: 0.000s  Memory: 1124.00M
"output" in: sky130A.lydrc:649
    Polygons (raw): 0 (flat)  0 (hierarchical)
    Elapsed: 0.010s  Memory: 1124.00M
"enclosing" in: sky130A.lydrc:650
    Edge pairs: 0 (flat)  0 (hierarchical)
    Elapsed: 0.000s  Memory: 1124.00M
"output" in: sky130A.lydrc:650
    Edge pairs: 0 (flat)  0 (hierarchical)
    Elapsed: 0.000s  Memory: 1124.00M
"width" in: sky130A.lydrc:653
    Edge pairs: 0 (flat)  0 (hierarchical)
    Elapsed: 0.000s  Memory: 1124.00M
"output" in: sky130A.lydrc:653
    Edge pairs: 0 (flat)  0 (hierarchical)
    Elapsed: 0.000s  Memory: 1125.00M
"isolated" in: sky130A.lydrc:654
    Edge pairs: 0 (flat)  0 (hierarchical)
    Elapsed: 0.000s  Memory: 1125.00M
"output" in: sky130A.lydrc:654
    Edge pairs: 0 (flat)  0 (hierarchical)
    Elapsed: 0.000s  Memory: 1125.00M
"enclosing" in: sky130A.lydrc:655
    Edge pairs: 0 (flat)  0 (hierarchical)
    Elapsed: 0.000s  Memory: 1125.00M
"output" in: sky130A.lydrc:655
    Edge pairs: 0 (flat)  0 (hierarchical)
    Elapsed: 0.010s  Memory: 1125.00M
"enclosing" in: sky130A.lydrc:656
    Edge pairs: 0 (flat)  0 (hierarchical)
    Elapsed: 0.000s  Memory: 1125.00M
"output" in: sky130A.lydrc:656
    Edge pairs: 0 (flat)  0 (hierarchical)
    Elapsed: 0.000s  Memory: 1125.00M
"enclosing" in: sky130A.lydrc:657
    Edge pairs: 0 (flat)  0 (hierarchical)
    Elapsed: 0.000s  Memory: 1125.00M
"output" in: sky130A.lydrc:657
    Edge pairs: 0 (flat)  0 (hierarchical)
    Elapsed: 0.000s  Memory: 1125.00M
"enclosing" in: sky130A.lydrc:658
    Edge pairs: 0 (flat)  0 (hierarchical)
    Elapsed: 0.000s  Memory: 1125.00M
"output" in: sky130A.lydrc:658
    Edge pairs: 0 (flat)  0 (hierarchical)
    Elapsed: 0.000s  Memory: 1125.00M
"enclosing" in: sky130A.lydrc:659
    Edge pairs: 0 (flat)  0 (hierarchical)
    Elapsed: 0.000s  Memory: 1125.00M
"output" in: sky130A.lydrc:659
    Edge pairs: 0 (flat)  0 (hierarchical)
    Elapsed: 0.000s  Memory: 1125.00M
"enclosing" in: sky130A.lydrc:660
    Edge pairs: 0 (flat)  0 (hierarchical)
    Elapsed: 0.000s  Memory: 1125.00M
"output" in: sky130A.lydrc:660
    Edge pairs: 0 (flat)  0 (hierarchical)
    Elapsed: 0.000s  Memory: 1126.00M
"enclosing" in: sky130A.lydrc:661
    Edge pairs: 0 (flat)  0 (hierarchical)
    Elapsed: 0.000s  Memory: 1126.00M
"output" in: sky130A.lydrc:661
    Edge pairs: 0 (flat)  0 (hierarchical)
    Elapsed: 0.000s  Memory: 1126.00M
"enclosing" in: sky130A.lydrc:662
    Edge pairs: 0 (flat)  0 (hierarchical)
    Elapsed: 0.000s  Memory: 1126.00M
"output" in: sky130A.lydrc:662
    Edge pairs: 0 (flat)  0 (hierarchical)
    Elapsed: 0.000s  Memory: 1126.00M
"enclosing" in: sky130A.lydrc:663
    Edge pairs: 0 (flat)  0 (hierarchical)
    Elapsed: 0.000s  Memory: 1126.00M
"output" in: sky130A.lydrc:663
    Edge pairs: 0 (flat)  0 (hierarchical)
    Elapsed: 0.000s  Memory: 1126.00M
"enclosing" in: sky130A.lydrc:664
    Edge pairs: 0 (flat)  0 (hierarchical)
    Elapsed: 0.000s  Memory: 1126.00M
"output" in: sky130A.lydrc:664
    Edge pairs: 0 (flat)  0 (hierarchical)
    Elapsed: 0.000s  Memory: 1126.00M
"separation" in: sky130A.lydrc:666
    Edge pairs: 0 (flat)  0 (hierarchical)
    Elapsed: 0.000s  Memory: 1126.00M
"output" in: sky130A.lydrc:666
    Edge pairs: 0 (flat)  0 (hierarchical)
    Elapsed: 0.000s  Memory: 1126.00M
"separation" in: sky130A.lydrc:667
    Edge pairs: 0 (flat)  0 (hierarchical)
    Elapsed: 0.000s  Memory: 1126.00M
"output" in: sky130A.lydrc:667
    Edge pairs: 0 (flat)  0 (hierarchical)
    Elapsed: 0.000s  Memory: 1127.00M
"separation" in: sky130A.lydrc:668
    Edge pairs: 0 (flat)  0 (hierarchical)
    Elapsed: 0.000s  Memory: 1127.00M
"output" in: sky130A.lydrc:668
    Edge pairs: 0 (flat)  0 (hierarchical)
    Elapsed: 0.000s  Memory: 1127.00M
"separation" in: sky130A.lydrc:669
    Edge pairs: 0 (flat)  0 (hierarchical)
    Elapsed: 0.000s  Memory: 1127.00M
"output" in: sky130A.lydrc:669
    Edge pairs: 0 (flat)  0 (hierarchical)
    Elapsed: 0.000s  Memory: 1127.00M
"separation" in: sky130A.lydrc:670
    Edge pairs: 0 (flat)  0 (hierarchical)
    Elapsed: 0.000s  Memory: 1127.00M
"output" in: sky130A.lydrc:670
    Edge pairs: 0 (flat)  0 (hierarchical)
    Elapsed: 0.000s  Memory: 1127.00M
"separation" in: sky130A.lydrc:671
    Edge pairs: 0 (flat)  0 (hierarchical)
    Elapsed: 0.000s  Memory: 1127.00M
"output" in: sky130A.lydrc:671
    Edge pairs: 0 (flat)  0 (hierarchical)
    Elapsed: 0.000s  Memory: 1127.00M
"separation" in: sky130A.lydrc:672
    Edge pairs: 0 (flat)  0 (hierarchical)
    Elapsed: 0.000s  Memory: 1127.00M
"output" in: sky130A.lydrc:672
    Edge pairs: 0 (flat)  0 (hierarchical)
    Elapsed: 0.000s  Memory: 1127.00M
"separation" in: sky130A.lydrc:673
    Edge pairs: 0 (flat)  0 (hierarchical)
    Elapsed: 0.000s  Memory: 1127.00M
"output" in: sky130A.lydrc:673
    Edge pairs: 0 (flat)  0 (hierarchical)
    Elapsed: 0.000s  Memory: 1128.00M
"separation" in: sky130A.lydrc:674
    Edge pairs: 0 (flat)  0 (hierarchical)
    Elapsed: 0.000s  Memory: 1128.00M
"output" in: sky130A.lydrc:674
    Edge pairs: 0 (flat)  0 (hierarchical)
    Elapsed: 0.000s  Memory: 1128.00M
"separation" in: sky130A.lydrc:675
    Edge pairs: 0 (flat)  0 (hierarchical)
    Elapsed: 0.000s  Memory: 1128.00M
"output" in: sky130A.lydrc:675
    Edge pairs: 0 (flat)  0 (hierarchical)
    Elapsed: 0.000s  Memory: 1128.00M
"isolated" in: sky130A.lydrc:679
    Edge pairs: 0 (flat)  0 (hierarchical)
    Elapsed: 0.000s  Memory: 1128.00M
"output" in: sky130A.lydrc:679
    Edge pairs: 0 (flat)  0 (hierarchical)
    Elapsed: 0.000s  Memory: 1128.00M
OFFGRID-ANGLES section
"ongrid" in: sky130A.lydrc:823
    Edge pairs: 0 (flat)  0 (hierarchical)
    Elapsed: 0.000s  Memory: 1128.00M
"output" in: sky130A.lydrc:823
    Edge pairs: 0 (flat)  0 (hierarchical)
    Elapsed: 0.000s  Memory: 1128.00M
"with_angle" in: sky130A.lydrc:824
    Edge pairs: 0 (flat)  0 (hierarchical)
    Elapsed: 0.000s  Memory: 1128.00M
"output" in: sky130A.lydrc:824
    Edge pairs: 0 (flat)  0 (hierarchical)
    Elapsed: 0.000s  Memory: 1128.00M
"ongrid" in: sky130A.lydrc:825
    Edge pairs: 0 (flat)  0 (hierarchical)
    Elapsed: 0.000s  Memory: 1128.00M
"output" in: sky130A.lydrc:825
    Edge pairs: 0 (flat)  0 (hierarchical)
    Elapsed: 0.000s  Memory: 1129.00M
"with_angle" in: sky130A.lydrc:826
    Edge pairs: 0 (flat)  0 (hierarchical)
    Elapsed: 0.000s  Memory: 1129.00M
"output" in: sky130A.lydrc:826
    Edge pairs: 0 (flat)  0 (hierarchical)
    Elapsed: 0.000s  Memory: 1129.00M
"ongrid" in: sky130A.lydrc:827
    Edge pairs: 0 (flat)  0 (hierarchical)
    Elapsed: 0.000s  Memory: 1129.00M
"output" in: sky130A.lydrc:827
    Edge pairs: 0 (flat)  0 (hierarchical)
    Elapsed: 0.000s  Memory: 1129.00M
"with_angle" in: sky130A.lydrc:828
    Edge pairs: 0 (flat)  0 (hierarchical)
    Elapsed: 0.000s  Memory: 1129.00M
"output" in: sky130A.lydrc:828
    Edge pairs: 0 (flat)  0 (hierarchical)
    Elapsed: 0.000s  Memory: 1129.00M
"ongrid" in: sky130A.lydrc:829
    Edge pairs: 0 (flat)  0 (hierarchical)
    Elapsed: 0.000s  Memory: 1129.00M
"output" in: sky130A.lydrc:829
    Edge pairs: 0 (flat)  0 (hierarchical)
    Elapsed: 0.000s  Memory: 1129.00M
"with_angle" in: sky130A.lydrc:830
    Edge pairs: 0 (flat)  0 (hierarchical)
    Elapsed: 0.000s  Memory: 1129.00M
"output" in: sky130A.lydrc:830
    Edge pairs: 0 (flat)  0 (hierarchical)
    Elapsed: 0.000s  Memory: 1129.00M
"ongrid" in: sky130A.lydrc:831
    Edge pairs: 0 (flat)  0 (hierarchical)
    Elapsed: 0.000s  Memory: 1129.00M
"output" in: sky130A.lydrc:831
    Edge pairs: 0 (flat)  0 (hierarchical)
    Elapsed: 0.000s  Memory: 1129.00M
"with_angle" in: sky130A.lydrc:832
    Edge pairs: 0 (flat)  0 (hierarchical)
    Elapsed: 0.000s  Memory: 1130.00M
"output" in: sky130A.lydrc:832
    Edge pairs: 0 (flat)  0 (hierarchical)
    Elapsed: 0.000s  Memory: 1130.00M
"ongrid" in: sky130A.lydrc:833
    Edge pairs: 0 (flat)  0 (hierarchical)
    Elapsed: 0.000s  Memory: 1130.00M
"output" in: sky130A.lydrc:833
    Edge pairs: 0 (flat)  0 (hierarchical)
    Elapsed: 0.000s  Memory: 1130.00M
"with_angle" in: sky130A.lydrc:834
    Edge pairs: 0 (flat)  0 (hierarchical)
    Elapsed: 0.000s  Memory: 1130.00M
"output" in: sky130A.lydrc:834
    Edge pairs: 0 (flat)  0 (hierarchical)
    Elapsed: 0.000s  Memory: 1130.00M
"ongrid" in: sky130A.lydrc:835
    Edge pairs: 0 (flat)  0 (hierarchical)
    Elapsed: 0.000s  Memory: 1130.00M
"output" in: sky130A.lydrc:835
    Edge pairs: 0 (flat)  0 (hierarchical)
    Elapsed: 0.000s  Memory: 1130.00M
"with_angle" in: sky130A.lydrc:836
    Edge pairs: 0 (flat)  0 (hierarchical)
    Elapsed: 0.000s  Memory: 1130.00M
"output" in: sky130A.lydrc:836
    Edge pairs: 0 (flat)  0 (hierarchical)
    Elapsed: 0.000s  Memory: 1130.00M
"ongrid" in: sky130A.lydrc:837
    Edge pairs: 0 (flat)  0 (hierarchical)
    Elapsed: 0.000s  Memory: 1130.00M
"output" in: sky130A.lydrc:837
    Edge pairs: 0 (flat)  0 (hierarchical)
    Elapsed: 0.000s  Memory: 1130.00M
"with_angle" in: sky130A.lydrc:838
    Edge pairs: 0 (flat)  0 (hierarchical)
    Elapsed: 0.000s  Memory: 1131.00M
"output" in: sky130A.lydrc:838
    Edge pairs: 0 (flat)  0 (hierarchical)
    Elapsed: 0.000s  Memory: 1131.00M
"ongrid" in: sky130A.lydrc:839
    Edge pairs: 0 (flat)  0 (hierarchical)
    Elapsed: 0.000s  Memory: 1131.00M
"output" in: sky130A.lydrc:839
    Edge pairs: 0 (flat)  0 (hierarchical)
    Elapsed: 0.000s  Memory: 1131.00M
"ongrid" in: sky130A.lydrc:840
    Edge pairs: 0 (flat)  0 (hierarchical)
    Elapsed: 0.000s  Memory: 1131.00M
"output" in: sky130A.lydrc:840
    Edge pairs: 0 (flat)  0 (hierarchical)
    Elapsed: 0.000s  Memory: 1131.00M
"&" in: sky130A.lydrc:841
    Polygons (raw): 0 (flat)  0 (hierarchical)
    Elapsed: 0.000s  Memory: 1131.00M
"-" in: sky130A.lydrc:841
    Polygons (raw): 43 (flat)  29 (hierarchical)
    Elapsed: 0.010s  Memory: 1131.00M
"with_angle" in: sky130A.lydrc:841
    Edge pairs: 0 (flat)  0 (hierarchical)
    Elapsed: 0.000s  Memory: 1131.00M
"output" in: sky130A.lydrc:841
    Edge pairs: 0 (flat)  0 (hierarchical)
    Elapsed: 0.000s  Memory: 1131.00M
"&" in: sky130A.lydrc:842
    Polygons (raw): 0 (flat)  0 (hierarchical)
    Elapsed: 0.000s  Memory: 1131.00M
"&" in: sky130A.lydrc:842
    Polygons (raw): 0 (flat)  0 (hierarchical)
    Elapsed: 0.000s  Memory: 1131.00M
"with_angle" in: sky130A.lydrc:842
    Edge pairs: 0 (flat)  0 (hierarchical)
    Elapsed: 0.000s  Memory: 1132.00M
"output" in: sky130A.lydrc:842
    Edge pairs: 0 (flat)  0 (hierarchical)
    Elapsed: 0.000s  Memory: 1132.00M
"&" in: sky130A.lydrc:843
    Polygons (raw): 0 (flat)  0 (hierarchical)
    Elapsed: 0.000s  Memory: 1132.00M
"-" in: sky130A.lydrc:843
    Polygons (raw): 0 (flat)  0 (hierarchical)
    Elapsed: 0.000s  Memory: 1132.00M
"with_angle" in: sky130A.lydrc:843
    Edge pairs: 0 (flat)  0 (hierarchical)
    Elapsed: 0.000s  Memory: 1132.00M
"output" in: sky130A.lydrc:843
    Edge pairs: 0 (flat)  0 (hierarchical)
    Elapsed: 0.000s  Memory: 1132.00M
"&" in: sky130A.lydrc:844
    Polygons (raw): 0 (flat)  0 (hierarchical)
    Elapsed: 0.000s  Memory: 1132.00M
"&" in: sky130A.lydrc:844
    Polygons (raw): 0 (flat)  0 (hierarchical)
    Elapsed: 0.000s  Memory: 1132.00M
"with_angle" in: sky130A.lydrc:844
    Edge pairs: 0 (flat)  0 (hierarchical)
    Elapsed: 0.000s  Memory: 1132.00M
"output" in: sky130A.lydrc:844
    Edge pairs: 0 (flat)  0 (hierarchical)
    Elapsed: 0.000s  Memory: 1132.00M
"ongrid" in: sky130A.lydrc:845
    Edge pairs: 0 (flat)  0 (hierarchical)
    Elapsed: 0.000s  Memory: 1132.00M
"output" in: sky130A.lydrc:845
    Edge pairs: 0 (flat)  0 (hierarchical)
    Elapsed: 0.000s  Memory: 1132.00M
"with_angle" in: sky130A.lydrc:846
    Edge pairs: 0 (flat)  0 (hierarchical)
    Elapsed: 0.000s  Memory: 1133.00M
"output" in: sky130A.lydrc:846
    Edge pairs: 0 (flat)  0 (hierarchical)
    Elapsed: 0.000s  Memory: 1133.00M
"ongrid" in: sky130A.lydrc:847
    Edge pairs: 0 (flat)  0 (hierarchical)
    Elapsed: 0.000s  Memory: 1133.00M
"output" in: sky130A.lydrc:847
    Edge pairs: 0 (flat)  0 (hierarchical)
    Elapsed: 0.000s  Memory: 1133.00M
"with_angle" in: sky130A.lydrc:848
    Edge pairs: 0 (flat)  0 (hierarchical)
    Elapsed: 0.000s  Memory: 1133.00M
"output" in: sky130A.lydrc:848
    Edge pairs: 0 (flat)  0 (hierarchical)
    Elapsed: 0.000s  Memory: 1133.00M
"ongrid" in: sky130A.lydrc:849
    Edge pairs: 0 (flat)  0 (hierarchical)
    Elapsed: 0.010s  Memory: 1133.00M
"output" in: sky130A.lydrc:849
    Edge pairs: 0 (flat)  0 (hierarchical)
    Elapsed: 0.000s  Memory: 1133.00M
"with_angle" in: sky130A.lydrc:850
    Edge pairs: 0 (flat)  0 (hierarchical)
    Elapsed: 0.000s  Memory: 1133.00M
"output" in: sky130A.lydrc:850
    Edge pairs: 0 (flat)  0 (hierarchical)
    Elapsed: 0.000s  Memory: 1133.00M
"ongrid" in: sky130A.lydrc:851
    Edge pairs: 0 (flat)  0 (hierarchical)
    Elapsed: 0.000s  Memory: 1133.00M
"output" in: sky130A.lydrc:851
    Edge pairs: 0 (flat)  0 (hierarchical)
    Elapsed: 0.000s  Memory: 1133.00M
"with_angle" in: sky130A.lydrc:852
    Edge pairs: 0 (flat)  0 (hierarchical)
    Elapsed: 0.000s  Memory: 1133.00M
"output" in: sky130A.lydrc:852
    Edge pairs: 0 (flat)  0 (hierarchical)
    Elapsed: 0.000s  Memory: 1133.00M
"ongrid" in: sky130A.lydrc:853
    Edge pairs: 0 (flat)  0 (hierarchical)
    Elapsed: 0.000s  Memory: 1134.00M
"output" in: sky130A.lydrc:853
    Edge pairs: 0 (flat)  0 (hierarchical)
    Elapsed: 0.000s  Memory: 1134.00M
"with_angle" in: sky130A.lydrc:854
    Edge pairs: 0 (flat)  0 (hierarchical)
    Elapsed: 0.000s  Memory: 1134.00M
"output" in: sky130A.lydrc:854
    Edge pairs: 0 (flat)  0 (hierarchical)
    Elapsed: 0.000s  Memory: 1134.00M
"ongrid" in: sky130A.lydrc:855
    Edge pairs: 0 (flat)  0 (hierarchical)
    Elapsed: 0.000s  Memory: 1134.00M
"output" in: sky130A.lydrc:855
    Edge pairs: 0 (flat)  0 (hierarchical)
    Elapsed: 0.000s  Memory: 1134.00M
"with_angle" in: sky130A.lydrc:856
    Edge pairs: 0 (flat)  0 (hierarchical)
    Elapsed: 0.000s  Memory: 1134.00M
"output" in: sky130A.lydrc:856
    Edge pairs: 0 (flat)  0 (hierarchical)
    Elapsed: 0.000s  Memory: 1134.00M
"ongrid" in: sky130A.lydrc:857
    Edge pairs: 0 (flat)  0 (hierarchical)
    Elapsed: 0.000s  Memory: 1134.00M
"output" in: sky130A.lydrc:857
    Edge pairs: 0 (flat)  0 (hierarchical)
    Elapsed: 0.000s  Memory: 1134.00M
"with_angle" in: sky130A.lydrc:858
    Edge pairs: 0 (flat)  0 (hierarchical)
    Elapsed: 0.000s  Memory: 1134.00M
"output" in: sky130A.lydrc:858
    Edge pairs: 0 (flat)  0 (hierarchical)
    Elapsed: 0.000s  Memory: 1134.00M
"ongrid" in: sky130A.lydrc:859
    Edge pairs: 0 (flat)  0 (hierarchical)
    Elapsed: 0.000s  Memory: 1134.00M
"output" in: sky130A.lydrc:859
    Edge pairs: 0 (flat)  0 (hierarchical)
    Elapsed: 0.010s  Memory: 1135.00M
"with_angle" in: sky130A.lydrc:860
    Edge pairs: 0 (flat)  0 (hierarchical)
    Elapsed: 0.000s  Memory: 1135.00M
"output" in: sky130A.lydrc:860
    Edge pairs: 0 (flat)  0 (hierarchical)
    Elapsed: 0.000s  Memory: 1135.00M
"ongrid" in: sky130A.lydrc:861
    Edge pairs: 0 (flat)  0 (hierarchical)
    Elapsed: 0.000s  Memory: 1135.00M
"output" in: sky130A.lydrc:861
    Edge pairs: 0 (flat)  0 (hierarchical)
    Elapsed: 0.000s  Memory: 1135.00M
"with_angle" in: sky130A.lydrc:862
    Edge pairs: 0 (flat)  0 (hierarchical)
    Elapsed: 0.000s  Memory: 1135.00M
"output" in: sky130A.lydrc:862
    Edge pairs: 0 (flat)  0 (hierarchical)
    Elapsed: 0.000s  Memory: 1135.00M
"ongrid" in: sky130A.lydrc:863
    Edge pairs: 0 (flat)  0 (hierarchical)
    Elapsed: 0.000s  Memory: 1135.00M
"output" in: sky130A.lydrc:863
    Edge pairs: 0 (flat)  0 (hierarchical)
    Elapsed: 0.000s  Memory: 1135.00M
"with_angle" in: sky130A.lydrc:864
    Edge pairs: 0 (flat)  0 (hierarchical)
    Elapsed: 0.000s  Memory: 1135.00M
"output" in: sky130A.lydrc:864
    Edge pairs: 0 (flat)  0 (hierarchical)
    Elapsed: 0.000s  Memory: 1135.00M
"ongrid" in: sky130A.lydrc:865
    Edge pairs: 0 (flat)  0 (hierarchical)
    Elapsed: 0.000s  Memory: 1135.00M
"output" in: sky130A.lydrc:865
    Edge pairs: 0 (flat)  0 (hierarchical)
    Elapsed: 0.000s  Memory: 1136.00M
"with_angle" in: sky130A.lydrc:866
    Edge pairs: 0 (flat)  0 (hierarchical)
    Elapsed: 0.000s  Memory: 1136.00M
"output" in: sky130A.lydrc:866
    Edge pairs: 0 (flat)  0 (hierarchical)
    Elapsed: 0.000s  Memory: 1136.00M
"ongrid" in: sky130A.lydrc:867
    Edge pairs: 0 (flat)  0 (hierarchical)
    Elapsed: 0.000s  Memory: 1136.00M
"output" in: sky130A.lydrc:867
    Edge pairs: 0 (flat)  0 (hierarchical)
    Elapsed: 0.010s  Memory: 1136.00M
"with_angle" in: sky130A.lydrc:868
    Edge pairs: 0 (flat)  0 (hierarchical)
    Elapsed: 0.000s  Memory: 1136.00M
"output" in: sky130A.lydrc:868
    Edge pairs: 0 (flat)  0 (hierarchical)
    Elapsed: 0.000s  Memory: 1136.00M
"ongrid" in: sky130A.lydrc:869
    Edge pairs: 0 (flat)  0 (hierarchical)
    Elapsed: 0.000s  Memory: 1136.00M
"output" in: sky130A.lydrc:869
    Edge pairs: 0 (flat)  0 (hierarchical)
    Elapsed: 0.000s  Memory: 1136.00M
"with_angle" in: sky130A.lydrc:870
    Edge pairs: 0 (flat)  0 (hierarchical)
    Elapsed: 0.000s  Memory: 1136.00M
"output" in: sky130A.lydrc:870
    Edge pairs: 0 (flat)  0 (hierarchical)
    Elapsed: 0.000s  Memory: 1136.00M
"ongrid" in: sky130A.lydrc:871
    Edge pairs: 0 (flat)  0 (hierarchical)
    Elapsed: 0.000s  Memory: 1136.00M
"output" in: sky130A.lydrc:871
    Edge pairs: 0 (flat)  0 (hierarchical)
    Elapsed: 0.000s  Memory: 1137.00M
"with_angle" in: sky130A.lydrc:872
    Edge pairs: 0 (flat)  0 (hierarchical)
    Elapsed: 0.000s  Memory: 1137.00M
"output" in: sky130A.lydrc:872
    Edge pairs: 0 (flat)  0 (hierarchical)
    Elapsed: 0.000s  Memory: 1137.00M
"ongrid" in: sky130A.lydrc:873
    Edge pairs: 0 (flat)  0 (hierarchical)
    Elapsed: 0.000s  Memory: 1137.00M
"output" in: sky130A.lydrc:873
    Edge pairs: 0 (flat)  0 (hierarchical)
    Elapsed: 0.010s  Memory: 1137.00M
"with_angle" in: sky130A.lydrc:874
    Edge pairs: 0 (flat)  0 (hierarchical)
    Elapsed: 0.000s  Memory: 1137.00M
"output" in: sky130A.lydrc:874
    Edge pairs: 0 (flat)  0 (hierarchical)
    Elapsed: 0.000s  Memory: 1137.00M
"ongrid" in: sky130A.lydrc:875
    Edge pairs: 0 (flat)  0 (hierarchical)
    Elapsed: 0.000s  Memory: 1137.00M
"output" in: sky130A.lydrc:875
    Edge pairs: 0 (flat)  0 (hierarchical)
    Elapsed: 0.000s  Memory: 1137.00M
"with_angle" in: sky130A.lydrc:876
    Edge pairs: 0 (flat)  0 (hierarchical)
    Elapsed: 0.000s  Memory: 1137.00M
"output" in: sky130A.lydrc:876
    Edge pairs: 0 (flat)  0 (hierarchical)
    Elapsed: 0.000s  Memory: 1137.00M
"ongrid" in: sky130A.lydrc:877
    Edge pairs: 0 (flat)  0 (hierarchical)
    Elapsed: 0.000s  Memory: 1137.00M
"output" in: sky130A.lydrc:877
    Edge pairs: 0 (flat)  0 (hierarchical)
    Elapsed: 0.000s  Memory: 1138.00M
"with_angle" in: sky130A.lydrc:878
    Edge pairs: 0 (flat)  0 (hierarchical)
    Elapsed: 0.000s  Memory: 1138.00M
"output" in: sky130A.lydrc:878
    Edge pairs: 0 (flat)  0 (hierarchical)
    Elapsed: 0.000s  Memory: 1138.00M
"ongrid" in: sky130A.lydrc:879
    Edge pairs: 0 (flat)  0 (hierarchical)
    Elapsed: 0.000s  Memory: 1138.00M
"output" in: sky130A.lydrc:879
    Edge pairs: 0 (flat)  0 (hierarchical)
    Elapsed: 0.010s  Memory: 1138.00M
"with_angle" in: sky130A.lydrc:880
    Edge pairs: 0 (flat)  0 (hierarchical)
    Elapsed: 0.000s  Memory: 1138.00M
"output" in: sky130A.lydrc:880
    Edge pairs: 0 (flat)  0 (hierarchical)
    Elapsed: 0.000s  Memory: 1138.00M
"ongrid" in: sky130A.lydrc:881
    Edge pairs: 0 (flat)  0 (hierarchical)
    Elapsed: 0.000s  Memory: 1138.00M
"output" in: sky130A.lydrc:881
    Edge pairs: 0 (flat)  0 (hierarchical)
    Elapsed: 0.000s  Memory: 1138.00M
"with_angle" in: sky130A.lydrc:882
    Edge pairs: 0 (flat)  0 (hierarchical)
    Elapsed: 0.000s  Memory: 1138.00M
"output" in: sky130A.lydrc:882
    Edge pairs: 0 (flat)  0 (hierarchical)
    Elapsed: 0.000s  Memory: 1138.00M
"ongrid" in: sky130A.lydrc:883
    Edge pairs: 0 (flat)  0 (hierarchical)
    Elapsed: 0.000s  Memory: 1138.00M
"output" in: sky130A.lydrc:883
    Edge pairs: 0 (flat)  0 (hierarchical)
    Elapsed: 0.000s  Memory: 1138.00M
"with_angle" in: sky130A.lydrc:884
    Edge pairs: 0 (flat)  0 (hierarchical)
    Elapsed: 0.000s  Memory: 1139.00M
"output" in: sky130A.lydrc:884
    Edge pairs: 0 (flat)  0 (hierarchical)
    Elapsed: 0.000s  Memory: 1139.00M
"ongrid" in: sky130A.lydrc:885
    Edge pairs: 0 (flat)  0 (hierarchical)
    Elapsed: 0.000s  Memory: 1139.00M
"output" in: sky130A.lydrc:885
    Edge pairs: 0 (flat)  0 (hierarchical)
    Elapsed: 0.000s  Memory: 1139.00M
"with_angle" in: sky130A.lydrc:886
    Edge pairs: 0 (flat)  0 (hierarchical)
    Elapsed: 0.000s  Memory: 1139.00M
"output" in: sky130A.lydrc:886
    Edge pairs: 0 (flat)  0 (hierarchical)
    Elapsed: 0.000s  Memory: 1139.00M
"ongrid" in: sky130A.lydrc:887
    Edge pairs: 0 (flat)  0 (hierarchical)
    Elapsed: 0.000s  Memory: 1139.00M
"output" in: sky130A.lydrc:887
    Edge pairs: 0 (flat)  0 (hierarchical)
    Elapsed: 0.000s  Memory: 1139.00M
"with_angle" in: sky130A.lydrc:888
    Edge pairs: 0 (flat)  0 (hierarchical)
    Elapsed: 0.000s  Memory: 1139.00M
"output" in: sky130A.lydrc:888
    Edge pairs: 0 (flat)  0 (hierarchical)
    Elapsed: 0.000s  Memory: 1139.00M
"ongrid" in: sky130A.lydrc:889
    Edge pairs: 0 (flat)  0 (hierarchical)
    Elapsed: 0.000s  Memory: 1139.00M
"output" in: sky130A.lydrc:889
    Edge pairs: 0 (flat)  0 (hierarchical)
    Elapsed: 0.000s  Memory: 1139.00M
"with_angle" in: sky130A.lydrc:890
    Edge pairs: 0 (flat)  0 (hierarchical)
    Elapsed: 0.000s  Memory: 1140.00M
"output" in: sky130A.lydrc:890
    Edge pairs: 0 (flat)  0 (hierarchical)
    Elapsed: 0.000s  Memory: 1140.00M
"ongrid" in: sky130A.lydrc:891
    Edge pairs: 0 (flat)  0 (hierarchical)
    Elapsed: 0.000s  Memory: 1140.00M
"output" in: sky130A.lydrc:891
    Edge pairs: 0 (flat)  0 (hierarchical)
    Elapsed: 0.000s  Memory: 1140.00M
"with_angle" in: sky130A.lydrc:892
    Edge pairs: 0 (flat)  0 (hierarchical)
    Elapsed: 0.000s  Memory: 1140.00M
"output" in: sky130A.lydrc:892
    Edge pairs: 0 (flat)  0 (hierarchical)
    Elapsed: 0.000s  Memory: 1140.00M
"ongrid" in: sky130A.lydrc:893
    Edge pairs: 0 (flat)  0 (hierarchical)
    Elapsed: 0.000s  Memory: 1140.00M
"output" in: sky130A.lydrc:893
    Edge pairs: 0 (flat)  0 (hierarchical)
    Elapsed: 0.000s  Memory: 1140.00M
"with_angle" in: sky130A.lydrc:894
    Edge pairs: 0 (flat)  0 (hierarchical)
    Elapsed: 0.000s  Memory: 1140.00M
"output" in: sky130A.lydrc:894
    Edge pairs: 0 (flat)  0 (hierarchical)
    Elapsed: 0.000s  Memory: 1140.00M
"ongrid" in: sky130A.lydrc:895
    Edge pairs: 0 (flat)  0 (hierarchical)
    Elapsed: 0.000s  Memory: 1140.00M
"output" in: sky130A.lydrc:895
    Edge pairs: 0 (flat)  0 (hierarchical)
    Elapsed: 0.000s  Memory: 1140.00M
"with_angle" in: sky130A.lydrc:896
    Edge pairs: 0 (flat)  0 (hierarchical)
    Elapsed: 0.000s  Memory: 1140.00M
"output" in: sky130A.lydrc:896
    Edge pairs: 0 (flat)  0 (hierarchical)
    Elapsed: 0.010s  Memory: 1140.00M
"ongrid" in: sky130A.lydrc:897
    Edge pairs: 0 (flat)  0 (hierarchical)
    Elapsed: 0.000s  Memory: 1141.00M
"output" in: sky130A.lydrc:897
    Edge pairs: 0 (flat)  0 (hierarchical)
    Elapsed: 0.000s  Memory: 1141.00M
"with_angle" in: sky130A.lydrc:898
    Edge pairs: 0 (flat)  0 (hierarchical)
    Elapsed: 0.000s  Memory: 1141.00M
"output" in: sky130A.lydrc:898
    Edge pairs: 0 (flat)  0 (hierarchical)
    Elapsed: 0.000s  Memory: 1141.00M
"ongrid" in: sky130A.lydrc:899
    Edge pairs: 0 (flat)  0 (hierarchical)
    Elapsed: 0.000s  Memory: 1141.00M
"output" in: sky130A.lydrc:899
    Edge pairs: 0 (flat)  0 (hierarchical)
    Elapsed: 0.000s  Memory: 1141.00M
Writing report database: /home/asiclab/Desktop/lab_sessions/Lab8/klayout_drc_report.lyrdb ..
Total elapsed: 1.420s  Memory: 1141.00M
