Clock: clk
Sources: 
Generated: no
Virtual: yes
Propagated: no
Period: 50.000000

===========================================================================
report_clock_properties
============================================================================
Clock                   Period          Waveform
----------------------------------------------------
clk                  50.000000    0.000000 25.000000

===========================================================================
report_clock_latency
============================================================================
Clock clk
rise -> rise
    min     max
0.000000 0.000000 source latency
10.369129         network latency _6881_/CLK
        10.894279 network latency _6888_/CLK
---------------
10.369129 10.894279 latency
        0.525151 skew

rise -> fall
    min     max
0.000000 0.000000 source latency
10.292459         network latency _6881_/CLK
        10.737036 network latency _6888_/CLK
---------------
10.292459 10.737036 latency
        0.444577 skew



===========================================================================
report_clock_min_period
============================================================================
clk period_min = 0.00 fmax = inf
