Startpoint: shift_amt[0] (input port clocked by clk)
Endpoint: y (output port clocked by clk)
Path Group: clk
Path Type: max

Fanout     Cap    Slew   Delay    Time   Description
-----------------------------------------------------------------------------
                          0.00    0.00   clock clk (rise edge)
                          0.00    0.00   clock network delay (propagated)
                          2.00    2.00 v input external delay
     1    0.00    0.01    0.00    2.00 v shift_amt[0] (in)
                                         shift_amt[0] (net)
                  0.01    0.00    2.00 v _1_/C (sky130_fd_sc_hd__maj3_1)
     1    0.00    0.07    0.35    2.35 v _1_/X (sky130_fd_sc_hd__maj3_1)
                                         _0_ (net)
                  0.07    0.00    2.35 v _2_/B (sky130_fd_sc_hd__xor2_1)
     2    0.00    0.05    0.15    2.50 v _2_/X (sky130_fd_sc_hd__xor2_1)
                                         comb_y (net)
                  0.05    0.00    2.50 v _3_/A0 (sky130_fd_sc_hd__mux2_1)
     1    0.05    0.25    0.49    2.99 v _3_/X (sky130_fd_sc_hd__mux2_1)
                                         y (net)
                  0.25    0.00    2.99 v y (out)
                                  2.99   data arrival time

                         10.00   10.00   clock clk (rise edge)
                          0.00   10.00   clock network delay (propagated)
                          0.00   10.00   clock reconvergence pessimism
                         -2.00    8.00   output external delay
                                  8.00   data required time
-----------------------------------------------------------------------------
                                  8.00   data required time
                                 -2.99   data arrival time
-----------------------------------------------------------------------------
                                  5.01   slack (MET)


