Startpoint: _4_ (rising edge-triggered flip-flop clocked by clk)
Endpoint: y (output port clocked by clk)
Path Group: clk
Path Type: max

Fanout     Cap    Slew   Delay    Time   Description
-----------------------------------------------------------------------------
                          0.00    0.00   clock clk (rise edge)
                          0.00    0.00   clock network delay (propagated)
                  0.00    0.00    0.00 ^ _4_/CLK (sky130_fd_sc_hd__dfrtp_1)
     1    0.00    0.04    0.33    0.33 v _4_/Q (sky130_fd_sc_hd__dfrtp_1)
                                         y_reg (net)
                  0.04    0.00    0.33 v _3_/A1 (sky130_fd_sc_hd__mux2_1)
     1    0.05    0.26    0.49    0.82 v _3_/X (sky130_fd_sc_hd__mux2_1)
                                         y (net)
                  0.26    0.00    0.82 v y (out)
                                  0.82   data arrival time

                         10.00   10.00   clock clk (rise edge)
                          0.00   10.00   clock network delay (propagated)
                          0.00   10.00   clock reconvergence pessimism
                         -2.00    8.00   output external delay
                                  8.00   data required time
-----------------------------------------------------------------------------
                                  8.00   data required time
                                 -0.82   data arrival time
-----------------------------------------------------------------------------
                                  7.18   slack (MET)


