
15. Executing PROC_DLATCH pass (convert process syncs to latches).
No latch inferred for signal `$paramod$a38e5bc0c9e8da9d0e66e91c0bdae9ea3031f19d\lut_expr_FU.\cleaned_in0 [7]' from process `$paramod$a38e5bc0c9e8da9d0e66e91c0bdae9ea3031f19d\lut_expr_FU.$proc$/home/asiclab/Desktop/Lab2/alu.v:141$176'.
No latch inferred for signal `$paramod$a38e5bc0c9e8da9d0e66e91c0bdae9ea3031f19d\lut_expr_FU.\cleaned_in0 [6]' from process `$paramod$a38e5bc0c9e8da9d0e66e91c0bdae9ea3031f19d\lut_expr_FU.$proc$/home/asiclab/Desktop/Lab2/alu.v:141$174'.
No latch inferred for signal `$paramod$a38e5bc0c9e8da9d0e66e91c0bdae9ea3031f19d\lut_expr_FU.\cleaned_in0 [5]' from process `$paramod$a38e5bc0c9e8da9d0e66e91c0bdae9ea3031f19d\lut_expr_FU.$proc$/home/asiclab/Desktop/Lab2/alu.v:141$172'.
No latch inferred for signal `$paramod$a38e5bc0c9e8da9d0e66e91c0bdae9ea3031f19d\lut_expr_FU.\cleaned_in0 [4]' from process `$paramod$a38e5bc0c9e8da9d0e66e91c0bdae9ea3031f19d\lut_expr_FU.$proc$/home/asiclab/Desktop/Lab2/alu.v:141$170'.
No latch inferred for signal `$paramod$a38e5bc0c9e8da9d0e66e91c0bdae9ea3031f19d\lut_expr_FU.\cleaned_in0 [3]' from process `$paramod$a38e5bc0c9e8da9d0e66e91c0bdae9ea3031f19d\lut_expr_FU.$proc$/home/asiclab/Desktop/Lab2/alu.v:141$168'.
No latch inferred for signal `$paramod$a38e5bc0c9e8da9d0e66e91c0bdae9ea3031f19d\lut_expr_FU.\cleaned_in0 [2]' from process `$paramod$a38e5bc0c9e8da9d0e66e91c0bdae9ea3031f19d\lut_expr_FU.$proc$/home/asiclab/Desktop/Lab2/alu.v:141$166'.
No latch inferred for signal `$paramod$a38e5bc0c9e8da9d0e66e91c0bdae9ea3031f19d\lut_expr_FU.\cleaned_in0 [1]' from process `$paramod$a38e5bc0c9e8da9d0e66e91c0bdae9ea3031f19d\lut_expr_FU.$proc$/home/asiclab/Desktop/Lab2/alu.v:141$164'.
No latch inferred for signal `$paramod$a38e5bc0c9e8da9d0e66e91c0bdae9ea3031f19d\lut_expr_FU.\cleaned_in0 [0]' from process `$paramod$a38e5bc0c9e8da9d0e66e91c0bdae9ea3031f19d\lut_expr_FU.$proc$/home/asiclab/Desktop/Lab2/alu.v:141$162'.
No latch inferred for signal `$paramod$5169d7085197420e09a8a2d94f70018750017762\lut_expr_FU.\cleaned_in0 [7]' from process `$paramod$5169d7085197420e09a8a2d94f70018750017762\lut_expr_FU.$proc$/home/asiclab/Desktop/Lab2/alu.v:141$159'.
No latch inferred for signal `$paramod$5169d7085197420e09a8a2d94f70018750017762\lut_expr_FU.\cleaned_in0 [6]' from process `$paramod$5169d7085197420e09a8a2d94f70018750017762\lut_expr_FU.$proc$/home/asiclab/Desktop/Lab2/alu.v:141$157'.
No latch inferred for signal `$paramod$5169d7085197420e09a8a2d94f70018750017762\lut_expr_FU.\cleaned_in0 [5]' from process `$paramod$5169d7085197420e09a8a2d94f70018750017762\lut_expr_FU.$proc$/home/asiclab/Desktop/Lab2/alu.v:141$155'.
No latch inferred for signal `$paramod$5169d7085197420e09a8a2d94f70018750017762\lut_expr_FU.\cleaned_in0 [4]' from process `$paramod$5169d7085197420e09a8a2d94f70018750017762\lut_expr_FU.$proc$/home/asiclab/Desktop/Lab2/alu.v:141$153'.
No latch inferred for signal `$paramod$5169d7085197420e09a8a2d94f70018750017762\lut_expr_FU.\cleaned_in0 [3]' from process `$paramod$5169d7085197420e09a8a2d94f70018750017762\lut_expr_FU.$proc$/home/asiclab/Desktop/Lab2/alu.v:141$151'.
No latch inferred for signal `$paramod$5169d7085197420e09a8a2d94f70018750017762\lut_expr_FU.\cleaned_in0 [2]' from process `$paramod$5169d7085197420e09a8a2d94f70018750017762\lut_expr_FU.$proc$/home/asiclab/Desktop/Lab2/alu.v:141$149'.
No latch inferred for signal `$paramod$5169d7085197420e09a8a2d94f70018750017762\lut_expr_FU.\cleaned_in0 [1]' from process `$paramod$5169d7085197420e09a8a2d94f70018750017762\lut_expr_FU.$proc$/home/asiclab/Desktop/Lab2/alu.v:141$147'.
No latch inferred for signal `$paramod$5169d7085197420e09a8a2d94f70018750017762\lut_expr_FU.\cleaned_in0 [0]' from process `$paramod$5169d7085197420e09a8a2d94f70018750017762\lut_expr_FU.$proc$/home/asiclab/Desktop/Lab2/alu.v:141$145'.
No latch inferred for signal `$paramod$5175a4b1c774c75c6e28b7ae2060a29168b7f937\lut_expr_FU.\cleaned_in0 [7]' from process `$paramod$5175a4b1c774c75c6e28b7ae2060a29168b7f937\lut_expr_FU.$proc$/home/asiclab/Desktop/Lab2/alu.v:141$142'.
No latch inferred for signal `$paramod$5175a4b1c774c75c6e28b7ae2060a29168b7f937\lut_expr_FU.\cleaned_in0 [6]' from process `$paramod$5175a4b1c774c75c6e28b7ae2060a29168b7f937\lut_expr_FU.$proc$/home/asiclab/Desktop/Lab2/alu.v:141$140'.
No latch inferred for signal `$paramod$5175a4b1c774c75c6e28b7ae2060a29168b7f937\lut_expr_FU.\cleaned_in0 [5]' from process `$paramod$5175a4b1c774c75c6e28b7ae2060a29168b7f937\lut_expr_FU.$proc$/home/asiclab/Desktop/Lab2/alu.v:141$138'.
No latch inferred for signal `$paramod$5175a4b1c774c75c6e28b7ae2060a29168b7f937\lut_expr_FU.\cleaned_in0 [4]' from process `$paramod$5175a4b1c774c75c6e28b7ae2060a29168b7f937\lut_expr_FU.$proc$/home/asiclab/Desktop/Lab2/alu.v:141$136'.
No latch inferred for signal `$paramod$5175a4b1c774c75c6e28b7ae2060a29168b7f937\lut_expr_FU.\cleaned_in0 [3]' from process `$paramod$5175a4b1c774c75c6e28b7ae2060a29168b7f937\lut_expr_FU.$proc$/home/asiclab/Desktop/Lab2/alu.v:141$134'.
No latch inferred for signal `$paramod$5175a4b1c774c75c6e28b7ae2060a29168b7f937\lut_expr_FU.\cleaned_in0 [2]' from process `$paramod$5175a4b1c774c75c6e28b7ae2060a29168b7f937\lut_expr_FU.$proc$/home/asiclab/Desktop/Lab2/alu.v:141$132'.
No latch inferred for signal `$paramod$5175a4b1c774c75c6e28b7ae2060a29168b7f937\lut_expr_FU.\cleaned_in0 [1]' from process `$paramod$5175a4b1c774c75c6e28b7ae2060a29168b7f937\lut_expr_FU.$proc$/home/asiclab/Desktop/Lab2/alu.v:141$130'.
No latch inferred for signal `$paramod$5175a4b1c774c75c6e28b7ae2060a29168b7f937\lut_expr_FU.\cleaned_in0 [0]' from process `$paramod$5175a4b1c774c75c6e28b7ae2060a29168b7f937\lut_expr_FU.$proc$/home/asiclab/Desktop/Lab2/alu.v:141$128'.
No latch inferred for signal `$paramod$6cf6bd13a78f273dd0c26362dab50c7bbb5a4dbe\lut_expr_FU.\cleaned_in0 [7]' from process `$paramod$6cf6bd13a78f273dd0c26362dab50c7bbb5a4dbe\lut_expr_FU.$proc$/home/asiclab/Desktop/Lab2/alu.v:141$125'.
No latch inferred for signal `$paramod$6cf6bd13a78f273dd0c26362dab50c7bbb5a4dbe\lut_expr_FU.\cleaned_in0 [6]' from process `$paramod$6cf6bd13a78f273dd0c26362dab50c7bbb5a4dbe\lut_expr_FU.$proc$/home/asiclab/Desktop/Lab2/alu.v:141$123'.
No latch inferred for signal `$paramod$6cf6bd13a78f273dd0c26362dab50c7bbb5a4dbe\lut_expr_FU.\cleaned_in0 [5]' from process `$paramod$6cf6bd13a78f273dd0c26362dab50c7bbb5a4dbe\lut_expr_FU.$proc$/home/asiclab/Desktop/Lab2/alu.v:141$121'.
No latch inferred for signal `$paramod$6cf6bd13a78f273dd0c26362dab50c7bbb5a4dbe\lut_expr_FU.\cleaned_in0 [4]' from process `$paramod$6cf6bd13a78f273dd0c26362dab50c7bbb5a4dbe\lut_expr_FU.$proc$/home/asiclab/Desktop/Lab2/alu.v:141$119'.
No latch inferred for signal `$paramod$6cf6bd13a78f273dd0c26362dab50c7bbb5a4dbe\lut_expr_FU.\cleaned_in0 [3]' from process `$paramod$6cf6bd13a78f273dd0c26362dab50c7bbb5a4dbe\lut_expr_FU.$proc$/home/asiclab/Desktop/Lab2/alu.v:141$117'.
No latch inferred for signal `$paramod$6cf6bd13a78f273dd0c26362dab50c7bbb5a4dbe\lut_expr_FU.\cleaned_in0 [2]' from process `$paramod$6cf6bd13a78f273dd0c26362dab50c7bbb5a4dbe\lut_expr_FU.$proc$/home/asiclab/Desktop/Lab2/alu.v:141$115'.
No latch inferred for signal `$paramod$6cf6bd13a78f273dd0c26362dab50c7bbb5a4dbe\lut_expr_FU.\cleaned_in0 [1]' from process `$paramod$6cf6bd13a78f273dd0c26362dab50c7bbb5a4dbe\lut_expr_FU.$proc$/home/asiclab/Desktop/Lab2/alu.v:141$113'.
No latch inferred for signal `$paramod$6cf6bd13a78f273dd0c26362dab50c7bbb5a4dbe\lut_expr_FU.\cleaned_in0 [0]' from process `$paramod$6cf6bd13a78f273dd0c26362dab50c7bbb5a4dbe\lut_expr_FU.$proc$/home/asiclab/Desktop/Lab2/alu.v:141$111'.
No latch inferred for signal `$paramod$8230866fcac71435a2134180b9af5d4ea826ce2f\lut_expr_FU.\cleaned_in0 [7]' from process `$paramod$8230866fcac71435a2134180b9af5d4ea826ce2f\lut_expr_FU.$proc$/home/asiclab/Desktop/Lab2/alu.v:141$108'.
No latch inferred for signal `$paramod$8230866fcac71435a2134180b9af5d4ea826ce2f\lut_expr_FU.\cleaned_in0 [6]' from process `$paramod$8230866fcac71435a2134180b9af5d4ea826ce2f\lut_expr_FU.$proc$/home/asiclab/Desktop/Lab2/alu.v:141$106'.
No latch inferred for signal `$paramod$8230866fcac71435a2134180b9af5d4ea826ce2f\lut_expr_FU.\cleaned_in0 [5]' from process `$paramod$8230866fcac71435a2134180b9af5d4ea826ce2f\lut_expr_FU.$proc$/home/asiclab/Desktop/Lab2/alu.v:141$104'.
No latch inferred for signal `$paramod$8230866fcac71435a2134180b9af5d4ea826ce2f\lut_expr_FU.\cleaned_in0 [4]' from process `$paramod$8230866fcac71435a2134180b9af5d4ea826ce2f\lut_expr_FU.$proc$/home/asiclab/Desktop/Lab2/alu.v:141$102'.
No latch inferred for signal `$paramod$8230866fcac71435a2134180b9af5d4ea826ce2f\lut_expr_FU.\cleaned_in0 [3]' from process `$paramod$8230866fcac71435a2134180b9af5d4ea826ce2f\lut_expr_FU.$proc$/home/asiclab/Desktop/Lab2/alu.v:141$100'.
No latch inferred for signal `$paramod$8230866fcac71435a2134180b9af5d4ea826ce2f\lut_expr_FU.\cleaned_in0 [2]' from process `$paramod$8230866fcac71435a2134180b9af5d4ea826ce2f\lut_expr_FU.$proc$/home/asiclab/Desktop/Lab2/alu.v:141$98'.
No latch inferred for signal `$paramod$8230866fcac71435a2134180b9af5d4ea826ce2f\lut_expr_FU.\cleaned_in0 [1]' from process `$paramod$8230866fcac71435a2134180b9af5d4ea826ce2f\lut_expr_FU.$proc$/home/asiclab/Desktop/Lab2/alu.v:141$96'.
No latch inferred for signal `$paramod$8230866fcac71435a2134180b9af5d4ea826ce2f\lut_expr_FU.\cleaned_in0 [0]' from process `$paramod$8230866fcac71435a2134180b9af5d4ea826ce2f\lut_expr_FU.$proc$/home/asiclab/Desktop/Lab2/alu.v:141$94'.
No latch inferred for signal `$paramod$f815607e22420ff2e3285128f842e5f0c30e7a78\lut_expr_FU.\cleaned_in0 [7]' from process `$paramod$f815607e22420ff2e3285128f842e5f0c30e7a78\lut_expr_FU.$proc$/home/asiclab/Desktop/Lab2/alu.v:141$91'.
No latch inferred for signal `$paramod$f815607e22420ff2e3285128f842e5f0c30e7a78\lut_expr_FU.\cleaned_in0 [6]' from process `$paramod$f815607e22420ff2e3285128f842e5f0c30e7a78\lut_expr_FU.$proc$/home/asiclab/Desktop/Lab2/alu.v:141$89'.
No latch inferred for signal `$paramod$f815607e22420ff2e3285128f842e5f0c30e7a78\lut_expr_FU.\cleaned_in0 [5]' from process `$paramod$f815607e22420ff2e3285128f842e5f0c30e7a78\lut_expr_FU.$proc$/home/asiclab/Desktop/Lab2/alu.v:141$87'.
No latch inferred for signal `$paramod$f815607e22420ff2e3285128f842e5f0c30e7a78\lut_expr_FU.\cleaned_in0 [4]' from process `$paramod$f815607e22420ff2e3285128f842e5f0c30e7a78\lut_expr_FU.$proc$/home/asiclab/Desktop/Lab2/alu.v:141$85'.
No latch inferred for signal `$paramod$f815607e22420ff2e3285128f842e5f0c30e7a78\lut_expr_FU.\cleaned_in0 [3]' from process `$paramod$f815607e22420ff2e3285128f842e5f0c30e7a78\lut_expr_FU.$proc$/home/asiclab/Desktop/Lab2/alu.v:141$83'.
No latch inferred for signal `$paramod$f815607e22420ff2e3285128f842e5f0c30e7a78\lut_expr_FU.\cleaned_in0 [2]' from process `$paramod$f815607e22420ff2e3285128f842e5f0c30e7a78\lut_expr_FU.$proc$/home/asiclab/Desktop/Lab2/alu.v:141$81'.
No latch inferred for signal `$paramod$f815607e22420ff2e3285128f842e5f0c30e7a78\lut_expr_FU.\cleaned_in0 [1]' from process `$paramod$f815607e22420ff2e3285128f842e5f0c30e7a78\lut_expr_FU.$proc$/home/asiclab/Desktop/Lab2/alu.v:141$79'.
No latch inferred for signal `$paramod$f815607e22420ff2e3285128f842e5f0c30e7a78\lut_expr_FU.\cleaned_in0 [0]' from process `$paramod$f815607e22420ff2e3285128f842e5f0c30e7a78\lut_expr_FU.$proc$/home/asiclab/Desktop/Lab2/alu.v:141$77'.
No latch inferred for signal `$paramod$278dcd13b66244e02fa5d1817297e944fda3163b\lut_expr_FU.\cleaned_in0 [7]' from process `$paramod$278dcd13b66244e02fa5d1817297e944fda3163b\lut_expr_FU.$proc$/home/asiclab/Desktop/Lab2/alu.v:141$74'.
No latch inferred for signal `$paramod$278dcd13b66244e02fa5d1817297e944fda3163b\lut_expr_FU.\cleaned_in0 [6]' from process `$paramod$278dcd13b66244e02fa5d1817297e944fda3163b\lut_expr_FU.$proc$/home/asiclab/Desktop/Lab2/alu.v:141$72'.
No latch inferred for signal `$paramod$278dcd13b66244e02fa5d1817297e944fda3163b\lut_expr_FU.\cleaned_in0 [5]' from process `$paramod$278dcd13b66244e02fa5d1817297e944fda3163b\lut_expr_FU.$proc$/home/asiclab/Desktop/Lab2/alu.v:141$70'.
No latch inferred for signal `$paramod$278dcd13b66244e02fa5d1817297e944fda3163b\lut_expr_FU.\cleaned_in0 [4]' from process `$paramod$278dcd13b66244e02fa5d1817297e944fda3163b\lut_expr_FU.$proc$/home/asiclab/Desktop/Lab2/alu.v:141$68'.
No latch inferred for signal `$paramod$278dcd13b66244e02fa5d1817297e944fda3163b\lut_expr_FU.\cleaned_in0 [3]' from process `$paramod$278dcd13b66244e02fa5d1817297e944fda3163b\lut_expr_FU.$proc$/home/asiclab/Desktop/Lab2/alu.v:141$66'.
No latch inferred for signal `$paramod$278dcd13b66244e02fa5d1817297e944fda3163b\lut_expr_FU.\cleaned_in0 [2]' from process `$paramod$278dcd13b66244e02fa5d1817297e944fda3163b\lut_expr_FU.$proc$/home/asiclab/Desktop/Lab2/alu.v:141$64'.
No latch inferred for signal `$paramod$278dcd13b66244e02fa5d1817297e944fda3163b\lut_expr_FU.\cleaned_in0 [1]' from process `$paramod$278dcd13b66244e02fa5d1817297e944fda3163b\lut_expr_FU.$proc$/home/asiclab/Desktop/Lab2/alu.v:141$62'.
No latch inferred for signal `$paramod$278dcd13b66244e02fa5d1817297e944fda3163b\lut_expr_FU.\cleaned_in0 [0]' from process `$paramod$278dcd13b66244e02fa5d1817297e944fda3163b\lut_expr_FU.$proc$/home/asiclab/Desktop/Lab2/alu.v:141$60'.
No latch inferred for signal `$paramod$541e058560228f0d12165dd5696e175b42a2cb66\lut_expr_FU.\cleaned_in0 [7]' from process `$paramod$541e058560228f0d12165dd5696e175b42a2cb66\lut_expr_FU.$proc$/home/asiclab/Desktop/Lab2/alu.v:141$57'.
No latch inferred for signal `$paramod$541e058560228f0d12165dd5696e175b42a2cb66\lut_expr_FU.\cleaned_in0 [6]' from process `$paramod$541e058560228f0d12165dd5696e175b42a2cb66\lut_expr_FU.$proc$/home/asiclab/Desktop/Lab2/alu.v:141$55'.
No latch inferred for signal `$paramod$541e058560228f0d12165dd5696e175b42a2cb66\lut_expr_FU.\cleaned_in0 [5]' from process `$paramod$541e058560228f0d12165dd5696e175b42a2cb66\lut_expr_FU.$proc$/home/asiclab/Desktop/Lab2/alu.v:141$53'.
No latch inferred for signal `$paramod$541e058560228f0d12165dd5696e175b42a2cb66\lut_expr_FU.\cleaned_in0 [4]' from process `$paramod$541e058560228f0d12165dd5696e175b42a2cb66\lut_expr_FU.$proc$/home/asiclab/Desktop/Lab2/alu.v:141$51'.
No latch inferred for signal `$paramod$541e058560228f0d12165dd5696e175b42a2cb66\lut_expr_FU.\cleaned_in0 [3]' from process `$paramod$541e058560228f0d12165dd5696e175b42a2cb66\lut_expr_FU.$proc$/home/asiclab/Desktop/Lab2/alu.v:141$49'.
No latch inferred for signal `$paramod$541e058560228f0d12165dd5696e175b42a2cb66\lut_expr_FU.\cleaned_in0 [2]' from process `$paramod$541e058560228f0d12165dd5696e175b42a2cb66\lut_expr_FU.$proc$/home/asiclab/Desktop/Lab2/alu.v:141$47'.
No latch inferred for signal `$paramod$541e058560228f0d12165dd5696e175b42a2cb66\lut_expr_FU.\cleaned_in0 [1]' from process `$paramod$541e058560228f0d12165dd5696e175b42a2cb66\lut_expr_FU.$proc$/home/asiclab/Desktop/Lab2/alu.v:141$45'.
No latch inferred for signal `$paramod$541e058560228f0d12165dd5696e175b42a2cb66\lut_expr_FU.\cleaned_in0 [0]' from process `$paramod$541e058560228f0d12165dd5696e175b42a2cb66\lut_expr_FU.$proc$/home/asiclab/Desktop/Lab2/alu.v:141$43'.
No latch inferred for signal `$paramod$fc3fa4d18590dca89fecb28708dcece7161e0e58\lut_expr_FU.\cleaned_in0 [7]' from process `$paramod$fc3fa4d18590dca89fecb28708dcece7161e0e58\lut_expr_FU.$proc$/home/asiclab/Desktop/Lab2/alu.v:141$33'.
No latch inferred for signal `$paramod$fc3fa4d18590dca89fecb28708dcece7161e0e58\lut_expr_FU.\cleaned_in0 [6]' from process `$paramod$fc3fa4d18590dca89fecb28708dcece7161e0e58\lut_expr_FU.$proc$/home/asiclab/Desktop/Lab2/alu.v:141$31'.
No latch inferred for signal `$paramod$fc3fa4d18590dca89fecb28708dcece7161e0e58\lut_expr_FU.\cleaned_in0 [5]' from process `$paramod$fc3fa4d18590dca89fecb28708dcece7161e0e58\lut_expr_FU.$proc$/home/asiclab/Desktop/Lab2/alu.v:141$29'.
No latch inferred for signal `$paramod$fc3fa4d18590dca89fecb28708dcece7161e0e58\lut_expr_FU.\cleaned_in0 [4]' from process `$paramod$fc3fa4d18590dca89fecb28708dcece7161e0e58\lut_expr_FU.$proc$/home/asiclab/Desktop/Lab2/alu.v:141$27'.
No latch inferred for signal `$paramod$fc3fa4d18590dca89fecb28708dcece7161e0e58\lut_expr_FU.\cleaned_in0 [3]' from process `$paramod$fc3fa4d18590dca89fecb28708dcece7161e0e58\lut_expr_FU.$proc$/home/asiclab/Desktop/Lab2/alu.v:141$25'.
No latch inferred for signal `$paramod$fc3fa4d18590dca89fecb28708dcece7161e0e58\lut_expr_FU.\cleaned_in0 [2]' from process `$paramod$fc3fa4d18590dca89fecb28708dcece7161e0e58\lut_expr_FU.$proc$/home/asiclab/Desktop/Lab2/alu.v:141$23'.
No latch inferred for signal `$paramod$fc3fa4d18590dca89fecb28708dcece7161e0e58\lut_expr_FU.\cleaned_in0 [1]' from process `$paramod$fc3fa4d18590dca89fecb28708dcece7161e0e58\lut_expr_FU.$proc$/home/asiclab/Desktop/Lab2/alu.v:141$21'.
No latch inferred for signal `$paramod$fc3fa4d18590dca89fecb28708dcece7161e0e58\lut_expr_FU.\cleaned_in0 [0]' from process `$paramod$fc3fa4d18590dca89fecb28708dcece7161e0e58\lut_expr_FU.$proc$/home/asiclab/Desktop/Lab2/alu.v:141$19'.
No latch inferred for signal `\controller_alu.\done_port' from process `\controller_alu.$proc$/home/asiclab/Desktop/Lab2/alu.v:1047$9'.
No latch inferred for signal `\controller_alu.\selector_MUX_7_gimple_return_FU_50_i0_0_0_0' from process `\controller_alu.$proc$/home/asiclab/Desktop/Lab2/alu.v:1047$9'.
No latch inferred for signal `\controller_alu.\wrenable_reg_0' from process `\controller_alu.$proc$/home/asiclab/Desktop/Lab2/alu.v:1047$9'.
No latch inferred for signal `\controller_alu.\_next_state' from process `\controller_alu.$proc$/home/asiclab/Desktop/Lab2/alu.v:1047$9'.
