115. Printing statistics.

=== alu ===

   Number of wires:               4117
   Number of wire bits:           4281
   Number of public wires:          12
   Number of public wire bits:     176
   Number of ports:                  8
   Number of port bits:            108
   Number of memories:               0
   Number of memory bits:            0
   Number of processes:              0
   Number of cells:               4206
     $_ANDNOT_                    1129
     $_AND_                        432
     $_MUX_                        486
     $_NAND_                       234
     $_NOR_                        119
     $_NOT_                         80
     $_ORNOT_                       82
     $_OR_                         488
     $_XNOR_                       253
     $_XOR_                        867
     sky130_fd_sc_hd__dfxtp_2       36

   Area for cell type $_NOT_ is unknown!
   Area for cell type $_AND_ is unknown!
   Area for cell type $_NAND_ is unknown!
   Area for cell type $_OR_ is unknown!
   Area for cell type $_NOR_ is unknown!
   Area for cell type $_XOR_ is unknown!
   Area for cell type $_XNOR_ is unknown!
   Area for cell type $_ANDNOT_ is unknown!
   Area for cell type $_ORNOT_ is unknown!
   Area for cell type $_MUX_ is unknown!

   Chip area for module '\alu': 765.734400
     of which used for sequential elements: 765.734400 (100.00%)

