109. Printing statistics.

=== alu ===

   Number of wires:               4113
   Number of wire bits:           4277
   Number of public wires:          12
   Number of public wire bits:     176
   Number of ports:                  8
   Number of port bits:            108
   Number of memories:               0
   Number of memory bits:            0
   Number of processes:              0
   Number of cells:               4202
     $_ANDNOT_                    1129
     $_AND_                        432
     $_DFF_P_                       32
     $_MUX_                        482
     $_NAND_                       234
     $_NOR_                        119
     $_NOT_                         80
     $_ORNOT_                       82
     $_OR_                         488
     $_SDFF_PN0_                     3
     $_SDFF_PN1_                     1
     $_XNOR_                       253
     $_XOR_                        867

   Area for cell type $_NOT_ is unknown!
   Area for cell type $_AND_ is unknown!
   Area for cell type $_NAND_ is unknown!
   Area for cell type $_OR_ is unknown!
   Area for cell type $_NOR_ is unknown!
   Area for cell type $_XOR_ is unknown!
   Area for cell type $_XNOR_ is unknown!
   Area for cell type $_ANDNOT_ is unknown!
   Area for cell type $_ORNOT_ is unknown!
   Area for cell type $_MUX_ is unknown!
   Area for cell type $_DFF_P_ is unknown!
   Area for cell type $_SDFF_PN0_ is unknown!
   Area for cell type $_SDFF_PN1_ is unknown!

