
19. Executing CHECK pass (checking for obvious problems).
Checking module alu...
Checking module $paramod$506f5b9e30ef8dca3ade9685a93ae0e8a6dd3044\ui_lshift_expr_FU...
Checking module $paramod$0f88959377e25c319bd0e69bd88a5b155d28cc8b\UIdata_converter_FU...
Checking module $paramod$a2d28b2bc96a1381e786adf44c7e45ba841a9c3a\bit_and_expr_FU...
Checking module $paramod$506f5b9e30ef8dca3ade9685a93ae0e8a6dd3044\ui_rshift_expr_FU...
Checking module $paramod$6ba60ada9799e5f05296fc7c97930549c6c869e8\multi_read_cond_FU...
Checking module $paramod$a38e5bc0c9e8da9d0e66e91c0bdae9ea3031f19d\lut_expr_FU...
Checking module $paramod$5169d7085197420e09a8a2d94f70018750017762\lut_expr_FU...
Checking module $paramod$5175a4b1c774c75c6e28b7ae2060a29168b7f937\lut_expr_FU...
Checking module $paramod$6cf6bd13a78f273dd0c26362dab50c7bbb5a4dbe\lut_expr_FU...
Checking module $paramod$8230866fcac71435a2134180b9af5d4ea826ce2f\lut_expr_FU...
Checking module $paramod$f815607e22420ff2e3285128f842e5f0c30e7a78\lut_expr_FU...
Checking module $paramod$278dcd13b66244e02fa5d1817297e944fda3163b\lut_expr_FU...
Checking module $paramod$541e058560228f0d12165dd5696e175b42a2cb66\lut_expr_FU...
Checking module $paramod$69984d3fbfb8530153ea8ebb84f9eac480f3c216\ui_cond_expr_FU...
Checking module $paramod$0362f195110a48064634ec05d0fc8641aaeb1e14\ui_cond_expr_FU...
Checking module $paramod$986fa09d479e36575057cab144687d26dc93bab5\ui_extract_bit_expr_FU...
Checking module $paramod$fc3fa4d18590dca89fecb28708dcece7161e0e58\lut_expr_FU...
Checking module $paramod$d13ea8a468192c2e93837fb6232294f1e0fd7936\ui_extract_bit_expr_FU...
Checking module $paramod$0ca05f2f9158a8893e1a8317ef72e0d285921c8c\ui_extract_bit_expr_FU...
Checking module $paramod$2ffd7c677e7710ef2c2b2ae10f27557639ad878e\register_STD...
Checking module controller_alu...
Checking module datapath_alu...
Checking module $paramod$fc3fa4d18590dca89fecb28708dcece7161e0e58\flipflop_AR...
Checking module _alu...
Checking module $paramod$2ffd7c677e7710ef2c2b2ae10f27557639ad878e\ui_view_convert_expr_FU...
Checking module $paramod$5e567bc1f24086dd8eefb1ece4d88a0c5bb6306e\ui_bit_xor_expr_FU...
Checking module $paramod$5e567bc1f24086dd8eefb1ece4d88a0c5bb6306e\MUX_GATE...
Checking module $paramod\constant_value\BITSIZE_out1=s32'00000000000000000000000000000001\value=1'0...
Checking module $paramod$0b35439807f3e8bca8eac0c7cc15a4823f9c5ffd\constant_value...
Checking module $paramod$ab6cb601b101100db7a4e3efd4ac7d24c85f9361\constant_value...
Checking module $paramod$a2d03027fd6899c1f314af90d460f2e33f5e88aa\constant_value...
Checking module $paramod$303e402d6d6dbc9ff88cd8a9a2e41f5fbd463dec\constant_value...
Checking module $paramod$200ec4a854461caeb2edc6095273b5b851bbfbdb\constant_value...
Checking module $paramod$6e37fe2f223807473d4ae6b034d13e94d074c07c\constant_value...
Checking module $paramod$31377c15e065a4408eb9d0409cb4778b9f7b4bc1\constant_value...
Checking module $paramod$377dfa95f9152ea67c5616f95e3d8049e52c4e1c\constant_value...
Checking module $paramod\constant_value\BITSIZE_out1=s32'00000000000000000000000000000001\value=1'1...
Checking module $paramod$338d1c85e5382ec569bc3792466a7593effd3a9d\constant_value...
Checking module $paramod$8a01078a8f379acae9563ec7f228672db0a8c759\constant_value...
Checking module $paramod$8cda346f80a8e9a67c569abb828dd1f6b9578b1d\constant_value...
Checking module $paramod$92b1e3e05f017353e98d5d78f2748b34fd595039\constant_value...
Checking module $paramod$452228df1e885ac524856f8104333e0ea25bdd2c\constant_value...
Checking module $paramod$86dc6241e5dce5728fd7e989b1b37f0dab159f53\constant_value...
Checking module $paramod$40190dbe062b948326e4b33caa9c6e670a3431dd\constant_value...
Checking module $paramod$5e567bc1f24086dd8eefb1ece4d88a0c5bb6306e\ui_plus_expr_FU...
Checking module $paramod$5e567bc1f24086dd8eefb1ece4d88a0c5bb6306e\ui_minus_expr_FU...
Checking module $paramod$d2229631ece225c992962869f69af4e0a4a1dc57\ui_mult_expr_FU...
Checking module $paramod$5e567bc1f24086dd8eefb1ece4d88a0c5bb6306e\ui_bit_and_expr_FU...
Checking module $paramod$5e567bc1f24086dd8eefb1ece4d88a0c5bb6306e\ui_bit_ior_expr_FU...
Found and reported 0 problems.
