123. Printing statistics.

=== alu ===

   Number of wires:               3480
   Number of wire bits:           3580
   Number of public wires:          75
   Number of public wire bits:     175
   Number of ports:                  8
   Number of port bits:            108
   Number of memories:               0
   Number of memory bits:            0
   Number of processes:              0
   Number of cells:               3505
     sky130_fd_sc_hd__a2111o_2       2
     sky130_fd_sc_hd__a2111oi_2      1
     sky130_fd_sc_hd__a211o_2      116
     sky130_fd_sc_hd__a211oi_2      82
     sky130_fd_sc_hd__a21bo_2       69
     sky130_fd_sc_hd__a21boi_2       2
     sky130_fd_sc_hd__a21o_2       207
     sky130_fd_sc_hd__a21oi_2      137
     sky130_fd_sc_hd__a221o_2       19
     sky130_fd_sc_hd__a221oi_2       1
     sky130_fd_sc_hd__a22o_2       174
     sky130_fd_sc_hd__a22oi_2       48
     sky130_fd_sc_hd__a2bb2o_2      18
     sky130_fd_sc_hd__a2bb2oi_2      2
     sky130_fd_sc_hd__a311o_2        7
     sky130_fd_sc_hd__a31o_2        95
     sky130_fd_sc_hd__a31oi_2        2
     sky130_fd_sc_hd__a32o_2        17
     sky130_fd_sc_hd__and2_2       129
     sky130_fd_sc_hd__and2b_2       77
     sky130_fd_sc_hd__and3_2       141
     sky130_fd_sc_hd__and3b_2        5
     sky130_fd_sc_hd__and4_2        93
     sky130_fd_sc_hd__and4b_2        4
     sky130_fd_sc_hd__and4bb_2       6
     sky130_fd_sc_hd__dfxtp_2       36
     sky130_fd_sc_hd__inv_2         83
     sky130_fd_sc_hd__mux2_1       123
     sky130_fd_sc_hd__mux4_2        31
     sky130_fd_sc_hd__nand2_2      334
     sky130_fd_sc_hd__nand2b_2      46
     sky130_fd_sc_hd__nand3_2      148
     sky130_fd_sc_hd__nand3b_2       6
     sky130_fd_sc_hd__nand4_2       95
     sky130_fd_sc_hd__nor2_2       178
     sky130_fd_sc_hd__nor3_2        21
     sky130_fd_sc_hd__nor3b_2        5
     sky130_fd_sc_hd__nor4_2         4
     sky130_fd_sc_hd__o211a_2      109
     sky130_fd_sc_hd__o211ai_2      76
     sky130_fd_sc_hd__o21a_2        48
     sky130_fd_sc_hd__o21ai_2       75
     sky130_fd_sc_hd__o21ba_2       30
     sky130_fd_sc_hd__o21bai_2      12
     sky130_fd_sc_hd__o221a_2       15
     sky130_fd_sc_hd__o221ai_2       1
     sky130_fd_sc_hd__o22a_2        16
     sky130_fd_sc_hd__o22ai_2        1
     sky130_fd_sc_hd__o2bb2a_2       7
     sky130_fd_sc_hd__o311a_2        6
     sky130_fd_sc_hd__o31a_2         9
     sky130_fd_sc_hd__o31ai_2        3
     sky130_fd_sc_hd__o32a_2         2
     sky130_fd_sc_hd__or2_2        128
     sky130_fd_sc_hd__or3_2         45
     sky130_fd_sc_hd__or3b_2        16
     sky130_fd_sc_hd__or4_2          6
     sky130_fd_sc_hd__or4b_2         6
     sky130_fd_sc_hd__or4bb_2        5
     sky130_fd_sc_hd__xnor2_2      244
     sky130_fd_sc_hd__xor2_2        81

   Chip area for module '\alu': 34461.801600
     of which used for sequential elements: 765.734400 (2.22%)

