Clock: clk
Sources: 
Generated: no
Virtual: yes
Propagated: no
Period: 50.000000

===========================================================================
report_clock_properties
============================================================================
Clock                   Period          Waveform
----------------------------------------------------
clk                  50.000000    0.000000 25.000000

===========================================================================
report_clock_latency
============================================================================
Clock clk
rise -> rise
    min     max
0.000000 0.000000 source latency
10.259454         network latency _6881_/CLK
        10.608168 network latency _6888_/CLK
---------------
10.259454 10.608168 latency
        0.348714 skew

rise -> fall
    min     max
0.000000 0.000000 source latency
10.192858         network latency _6881_/CLK
        10.494492 network latency _6888_/CLK
---------------
10.192858 10.494492 latency
        0.301634 skew



===========================================================================
report_clock_min_period
============================================================================
clk period_min = 0.00 fmax = inf
