Reading OpenROAD database at '/home/asiclab/Desktop/Lab2/runs/RUN_2026-02-22_21-45-16/17-openroad-cutrows/alu.odb'…
Reading library file at '/home/asiclab/.ciel/ciel/sky130/versions/0fe599b2afb6708d281543108caf8310912f54af/sky130A/libs.ref/sky130_fd_sc_hd/lib/sky130_fd_sc_hd__tt_025C_1v80.lib'…
Reading design constraints file at '/nix/store/7g0vizqj28nnagzfcf4gm732zlaywx9g-python3-3.11.9-env/lib/python3.11/site-packages/librelane/scripts/base.sdc'…
[WARNING STA-0366] port 'clk' not found.
[INFO] Using clock clk…
[INFO] Setting output delay to: 10
[INFO] Setting input delay to: 10
[WARNING STA-0366] port 'clk' not found.
[INFO] Setting load to: 0.033442
[INFO] Setting clock uncertainty to: 0.25
[INFO] Setting clock transition to: 0.1499999999999999944488848768742172978818416595458984375
[WARNING STA-0419] transition time can not be specified for virtual clocks.
[INFO] Setting timing derate to: 5%
[WARNING STA-0450] virtual clock clk can not be propagated.
[INFO TAP-0004] Inserted 234 endcaps.
[INFO TAP-0005] Inserted 1428 tapcells.
Setting global connections for newly added cells…
[INFO] Setting global connections...
Updating metrics…
Cell type report:                       Count       Area
  Fill cell                               234     878.34
  Tap cell                               1428    1786.71
  Inverter                                 83     311.55
  Sequential cell                          36     765.73
  Multi-Input combinational cell         3386   33384.52
  Total                                  5167   37126.86
Writing OpenROAD database to '/home/asiclab/Desktop/Lab2/runs/RUN_2026-02-22_21-45-16/18-openroad-tapendcapinsertion/alu.odb'…
Writing netlist to '/home/asiclab/Desktop/Lab2/runs/RUN_2026-02-22_21-45-16/18-openroad-tapendcapinsertion/alu.nl.v'…
Writing powered netlist to '/home/asiclab/Desktop/Lab2/runs/RUN_2026-02-22_21-45-16/18-openroad-tapendcapinsertion/alu.pnl.v'…
Writing layout to '/home/asiclab/Desktop/Lab2/runs/RUN_2026-02-22_21-45-16/18-openroad-tapendcapinsertion/alu.def'…
Writing timing constraints to '/home/asiclab/Desktop/Lab2/runs/RUN_2026-02-22_21-45-16/18-openroad-tapendcapinsertion/alu.sdc'…
