
 /----------------------------------------------------------------------------\
 |  yosys -- Yosys Open SYnthesis Suite                                       |
 |  Copyright (C) 2012 - 2026  Claire Xenia Wolf <claire@yosyshq.com>         |
 |  Distributed under an ISC-like license, type "license" to see terms        |
 \----------------------------------------------------------------------------/
 Yosys 0.63+87 (git sha1 2f1cdc2df, clang++ 18.1.8 -fPIC -O3)

-- Executing script file `design_smt2.ys' --

1. Executing RTLIL frontend.
Input filename: design_prep.il

2. Executing HIERARCHY pass (managing design hierarchy).
Attribute `top' found on module `conv_pe'. Setting top module to conv_pe.

2.1. Analyzing design hierarchy..
Top module:  \conv_pe

2.2. Analyzing design hierarchy..
Top module:  \conv_pe
Removed 0 unused modules.

3. Executing FORMALFF pass.

4. Executing DFFUNMAP pass (unmap clock enable and synchronous reset from FFs).

5. Printing statistics.

=== conv_pe ===

        +----------Local Count, excluding submodules.
        | 
       46 wires
      721 wire bits
       18 public wires
      271 public wire bits
       10 ports
      104 port bits
       39 cells
        2   $add
        7   $anyinit
        1   $assume
        3   $eq
        1   $logic_not
        1   $mul
       21   $mux
        1   $not
        2   $pmux

6. Executing SMT2 backend.

6.1. Executing BMUXMAP pass.

6.2. Executing DEMUXMAP pass.
Creating SMT-LIBv2 representation of module conv_pe.

End of script. Logfile hash: 6f6301e129, CPU: user 0.01s system 0.01s, MEM: 15.06 MB peak
Yosys 0.63+87 (git sha1 2f1cdc2df, clang++ 18.1.8 -fPIC -O3)
Time spent: 59% 2x write_smt2 (0 sec), 14% 2x read_rtlil (0 sec), ...
