
 /----------------------------------------------------------------------------\
 |  yosys -- Yosys Open SYnthesis Suite                                       |
 |  Copyright (C) 2012 - 2026  Claire Xenia Wolf <claire@yosyshq.com>         |
 |  Distributed under an ISC-like license, type "license" to see terms        |
 \----------------------------------------------------------------------------/
 Yosys 0.63+87 (git sha1 2f1cdc2df, clang++ 18.1.8 -fPIC -O3)

-- Executing script file `../model/design.ys' --

1. Executing Verilog-2005 frontend: conv_pe_formal.sv
Parsing formal SystemVerilog input from `conv_pe_formal.sv' to AST representation.
Storing AST representation for module `$abstract\conv_pe_formal'.
Successfully finished Verilog frontend.

2. Executing Verilog-2005 frontend: conv_pe.v
Parsing formal SystemVerilog input from `conv_pe.v' to AST representation.
Storing AST representation for module `$abstract\conv_pe'.
Successfully finished Verilog frontend.

3. Executing PREP pass.

3.1. Executing HIERARCHY pass (managing design hierarchy).

3.2. Executing AST frontend in derive mode using pre-parsed AST for module `\conv_pe'.
Generating RTLIL representation for module `\conv_pe'.

3.2.1. Analyzing design hierarchy..
Top module:  \conv_pe

3.2.2. Analyzing design hierarchy..
Top module:  \conv_pe
Removing unused module `$abstract\conv_pe'.
Removing unused module `$abstract\conv_pe_formal'.
Removed 2 unused modules.

3.3. Executing PROC pass (convert processes to netlists).

3.3.1. Executing PROC_CLEAN pass (remove empty switches from decision trees).
Cleaned up 0 empty switches.

3.3.2. Executing PROC_RMDEAD pass (remove dead branches from decision trees).
Marked 4 switch rules as full_case in process $proc$conv_pe.v:111$2 in module conv_pe.
Removed a total of 0 dead cases.

3.3.3. Executing PROC_PRUNE pass (remove redundant assignments in processes).
Removed 0 redundant assignments.
Promoted 0 assignments to connections.

3.3.4. Executing PROC_INIT pass (extract init attributes).

3.3.5. Executing PROC_ARST pass (detect async resets in processes).

3.3.6. Executing PROC_ROM pass (convert switches to ROMs).
Converted 0 switches.
<suppressed ~5 debug messages>

3.3.7. Executing PROC_MUX pass (convert decision trees to multiplexers).
Creating decoders for process `\conv_pe.$proc$conv_pe.v:111$2'.
     1/7: $0\init_r[0:0]
     2/7: $0\op_b_r[31:0]
     3/7: $0\op_a_r[31:0]
     4/7: $0\cnt_r[3:0]
     5/7: $0\result_r[31:0]
     6/7: $0\accum_r[31:0]
     7/7: $0\state_r[1:0]

3.3.8. Executing PROC_DLATCH pass (convert process syncs to latches).

3.3.9. Executing PROC_DFF pass (convert process syncs to FFs).
Creating register for signal `\conv_pe.\state_r' using process `\conv_pe.$proc$conv_pe.v:111$2'.
  created $dff cell `$procdff$84' with positive edge clock.
Creating register for signal `\conv_pe.\accum_r' using process `\conv_pe.$proc$conv_pe.v:111$2'.
  created $dff cell `$procdff$85' with positive edge clock.
Creating register for signal `\conv_pe.\result_r' using process `\conv_pe.$proc$conv_pe.v:111$2'.
  created $dff cell `$procdff$86' with positive edge clock.
Creating register for signal `\conv_pe.\cnt_r' using process `\conv_pe.$proc$conv_pe.v:111$2'.
  created $dff cell `$procdff$87' with positive edge clock.
Creating register for signal `\conv_pe.\op_a_r' using process `\conv_pe.$proc$conv_pe.v:111$2'.
  created $dff cell `$procdff$88' with positive edge clock.
Creating register for signal `\conv_pe.\op_b_r' using process `\conv_pe.$proc$conv_pe.v:111$2'.
  created $dff cell `$procdff$89' with positive edge clock.
Creating register for signal `\conv_pe.\init_r' using process `\conv_pe.$proc$conv_pe.v:111$2'.
  created $dff cell `$procdff$90' with positive edge clock.

3.3.10. Executing PROC_MEMWR pass (convert process memory writes to cells).

3.3.11. Executing PROC_CLEAN pass (remove empty switches from decision trees).
Found and cleaned up 5 empty switches in `\conv_pe.$proc$conv_pe.v:111$2'.
Removing empty process `conv_pe.$proc$conv_pe.v:111$2'.
Cleaned up 5 empty switches.

3.3.12. Executing OPT_EXPR pass (perform const folding).
Optimizing module conv_pe.
<suppressed ~12 debug messages>

3.4. Executing FUTURE pass.

3.5. Executing OPT_EXPR pass (perform const folding).
Optimizing module conv_pe.

3.6. Executing OPT_CLEAN pass (remove unused cells and wires).
Finding unused cells or wires in module \conv_pe..
Removed 1 unused cells and 27 unused wires.
<suppressed ~2 debug messages>

3.7. Executing CHECK pass (checking for obvious problems).
Checking module conv_pe...
Found and reported 0 problems.

3.8. Executing OPT pass (performing simple optimizations).

3.8.1. Executing OPT_EXPR pass (perform const folding).
Optimizing module conv_pe.

3.8.2. Executing OPT_MERGE pass (detect identical cells).
Finding identical cells in module `\conv_pe'.
Computing hashes of 45 cells of `\conv_pe'.
Finding duplicate cells in `\conv_pe'.
Computing hashes of 37 cells of `\conv_pe'.
Finding duplicate cells in `\conv_pe'.
<suppressed ~24 debug messages>
Removed a total of 8 cells.

3.8.3. Executing OPT_MUXTREE pass (detect dead branches in mux trees).
Running muxtree optimizer on module \conv_pe..
  Creating internal representation of mux trees.
  Evaluating internal representation of mux trees.
  Analyzing evaluation results.
Removed 0 multiplexer ports.
<suppressed ~30 debug messages>

3.8.4. Executing OPT_REDUCE pass (consolidate $*mux and $reduce_* inputs).
  Optimizing cells in module \conv_pe.
Performed a total of 0 changes.

3.8.5. Executing OPT_MERGE pass (detect identical cells).
Finding identical cells in module `\conv_pe'.
Computing hashes of 37 cells of `\conv_pe'.
Finding duplicate cells in `\conv_pe'.
Removed a total of 0 cells.

3.8.6. Executing OPT_CLEAN pass (remove unused cells and wires).
Finding unused cells or wires in module \conv_pe..
Removed 0 unused cells and 8 unused wires.
<suppressed ~1 debug messages>

3.8.7. Executing OPT_EXPR pass (perform const folding).
Optimizing module conv_pe.

3.8.8. Rerunning OPT passes. (Maybe there is more to do..)

3.8.9. Executing OPT_MUXTREE pass (detect dead branches in mux trees).
Running muxtree optimizer on module \conv_pe..
  Creating internal representation of mux trees.
  Evaluating internal representation of mux trees.
  Analyzing evaluation results.
Removed 0 multiplexer ports.
<suppressed ~30 debug messages>

3.8.10. Executing OPT_REDUCE pass (consolidate $*mux and $reduce_* inputs).
  Optimizing cells in module \conv_pe.
Performed a total of 0 changes.

3.8.11. Executing OPT_MERGE pass (detect identical cells).
Finding identical cells in module `\conv_pe'.
Computing hashes of 37 cells of `\conv_pe'.
Finding duplicate cells in `\conv_pe'.
Removed a total of 0 cells.

3.8.12. Executing OPT_CLEAN pass (remove unused cells and wires).
Finding unused cells or wires in module \conv_pe..

3.8.13. Executing OPT_EXPR pass (perform const folding).
Optimizing module conv_pe.

3.8.14. Finished fast OPT passes. (There is nothing left to do.)

3.9. Executing WREDUCE pass (reducing word size of cells).
Removed top 2 bits (of 4) from port B of cell conv_pe.$eq$conv_pe.v:141$4 ($eq).
Removed top 1 bits (of 2) from port B of cell conv_pe.$procmux$77_CMP0 ($eq).

3.10. Executing OPT_CLEAN pass (remove unused cells and wires).
Finding unused cells or wires in module \conv_pe..

3.11. Executing MEMORY_COLLECT pass (generating $mem cells).

3.12. Executing OPT pass (performing simple optimizations).

3.12.1. Executing OPT_EXPR pass (perform const folding).
Optimizing module conv_pe.

3.12.2. Executing OPT_MERGE pass (detect identical cells).
Finding identical cells in module `\conv_pe'.
Computing hashes of 37 cells of `\conv_pe'.
Finding duplicate cells in `\conv_pe'.
Removed a total of 0 cells.

3.12.3. Executing OPT_CLEAN pass (remove unused cells and wires).
Finding unused cells or wires in module \conv_pe..

3.12.4. Finished fast OPT passes.

3.13. Executing SORT pass.

3.14. Printing statistics.

=== conv_pe ===

        +----------Local Count, excluding submodules.
        | 
       45 wires
      720 wire bits
       18 public wires
      271 public wire bits
       10 ports
      104 port bits
       37 cells
        2   $add
        7   $dff
        3   $eq
        1   $logic_not
        1   $mul
       21   $mux
        2   $pmux

3.15. Executing CHECK pass (checking for obvious problems).
Checking module conv_pe...
Found and reported 0 problems.

4. Executing HIERARCHY pass (managing design hierarchy).
Attribute `top' found on module `conv_pe'. Setting top module to conv_pe.

4.1. Analyzing design hierarchy..
Top module:  \conv_pe

4.2. Analyzing design hierarchy..
Top module:  \conv_pe
Removed 0 unused modules.

5. Executing jny backend.

6. Executing RTLIL backend.
Output filename: ../model/design.il

End of script. Logfile hash: 663af86ff6, CPU: user 0.02s system 0.02s, MEM: 17.09 MB peak
Yosys 0.63+87 (git sha1 2f1cdc2df, clang++ 18.1.8 -fPIC -O3)
Time spent: 18% 5x opt_clean (0 sec), 16% 2x check (0 sec), ...
