Reading OpenROAD database at '/home/asiclab/Desktop/Lab2/runs/RUN_2026-02-22_21-45-16/41-openroad-repairantennas/1-diodeinsertion/alu.odb'…
Reading library file at '/home/asiclab/.ciel/ciel/sky130/versions/0fe599b2afb6708d281543108caf8310912f54af/sky130A/libs.ref/sky130_fd_sc_hd/lib/sky130_fd_sc_hd__tt_025C_1v80.lib'…
Reading design constraints file at '/nix/store/7g0vizqj28nnagzfcf4gm732zlaywx9g-python3-3.11.9-env/lib/python3.11/site-packages/librelane/scripts/base.sdc'…
[WARNING STA-0366] port 'clk' not found.
[INFO] Using clock clk…
[INFO] Setting output delay to: 10
[INFO] Setting input delay to: 10
[WARNING STA-0366] port 'clk' not found.
[INFO] Setting load to: 0.033442
[INFO] Setting clock uncertainty to: 0.25
[INFO] Setting clock transition to: 0.1499999999999999944488848768742172978818416595458984375
[WARNING STA-0419] transition time can not be specified for virtual clocks.
[INFO] Setting timing derate to: 5%
[WARNING STA-0450] virtual clock clk can not be propagated.
[INFO ORD-0030] Using 1 thread(s).
[INFO DRT-0149] Reading tech and libs.
[WARNING DRT-0349] LEF58_ENCLOSURE with no CUTCLASS is not supported. Skipping for layer mcon
[WARNING DRT-0349] LEF58_ENCLOSURE with no CUTCLASS is not supported. Skipping for layer mcon
[WARNING DRT-0349] LEF58_ENCLOSURE with no CUTCLASS is not supported. Skipping for layer via
[WARNING DRT-0349] LEF58_ENCLOSURE with no CUTCLASS is not supported. Skipping for layer via
[WARNING DRT-0349] LEF58_ENCLOSURE with no CUTCLASS is not supported. Skipping for layer via2
[WARNING DRT-0349] LEF58_ENCLOSURE with no CUTCLASS is not supported. Skipping for layer via2
[WARNING DRT-0349] LEF58_ENCLOSURE with no CUTCLASS is not supported. Skipping for layer via3
[WARNING DRT-0349] LEF58_ENCLOSURE with no CUTCLASS is not supported. Skipping for layer via3
[WARNING DRT-0349] LEF58_ENCLOSURE with no CUTCLASS is not supported. Skipping for layer via4
[WARNING DRT-0349] LEF58_ENCLOSURE with no CUTCLASS is not supported. Skipping for layer via4

Units:                1000
Number of layers:     13
Number of macros:     441
Number of vias:       29
Number of viarulegen: 25

[INFO DRT-0150] Reading design.

Design:                   alu
Die area:                 ( 0 0 ) ( 400000 400000 )
Number of track patterns: 12
Number of DEF vias:       0
Number of components:     5684
Number of terminals:      110
Number of snets:          2
Number of nets:           4055

[INFO DRT-0167] List of default vias:
  Layer via
    default via: M1M2_PR
  Layer via2
    default via: M2M3_PR
  Layer via3
    default via: M3M4_PR
  Layer via4
    default via: M4M5_PR
[INFO DRT-0162] Library cell analysis.
[INFO DRT-0163] Instance analysis.
[INFO DRT-0164] Number of unique instances = 327.
[INFO DRT-0168] Init region query.
[INFO DRT-0024]   Complete FR_MASTERSLICE.
[INFO DRT-0024]   Complete licon.
[INFO DRT-0024]   Complete li1.
[INFO DRT-0024]   Complete mcon.
[INFO DRT-0024]   Complete met1.
[INFO DRT-0024]   Complete via.
[INFO DRT-0024]   Complete met2.
[INFO DRT-0024]   Complete via2.
[INFO DRT-0024]   Complete met3.
[INFO DRT-0024]   Complete via3.
[INFO DRT-0024]   Complete met4.
[INFO DRT-0024]   Complete via4.
[INFO DRT-0024]   Complete met5.
[INFO DRT-0033] FR_MASTERSLICE shape region query size = 0.
[INFO DRT-0033] licon shape region query size = 0.
[INFO DRT-0033] li1 shape region query size = 119524.
[INFO DRT-0033] mcon shape region query size = 0.
[INFO DRT-0033] met1 shape region query size = 12596.
[INFO DRT-0033] via shape region query size = 1180.
[INFO DRT-0033] met2 shape region query size = 774.
[INFO DRT-0033] via2 shape region query size = 944.
[INFO DRT-0033] met3 shape region query size = 750.
[INFO DRT-0033] via3 shape region query size = 944.
[INFO DRT-0033] met4 shape region query size = 252.
[INFO DRT-0033] via4 shape region query size = 8.
[INFO DRT-0033] met5 shape region query size = 16.
[INFO DRT-0165] Start pin access.
[INFO DRT-0076]   Complete 1000 pins.
[INFO DRT-0078]   Complete 1308 pins.
[INFO DRT-0079]   Complete 100 unique inst patterns.
[INFO DRT-0079]   Complete 200 unique inst patterns.
[INFO DRT-0079]   Complete 300 unique inst patterns.
[INFO DRT-0081]   Complete 321 unique inst patterns.
[INFO DRT-0084]   Complete 2596 groups.
#scanned instances     = 5684
#unique  instances     = 327
#stdCellGenAp          = 9844
#stdCellValidPlanarAp  = 49
#stdCellValidViaAp     = 7718
#stdCellPinNoAp        = 0
#stdCellPinCnt         = 14763
#instTermValidViaApCnt = 0
#macroGenAp            = 0
#macroValidPlanarAp    = 0
#macroValidViaAp       = 0
#macroNoAp             = 0
[INFO DRT-0166] Complete pin access.
[INFO DRT-0267] cpu time = 00:00:47, elapsed time = 00:00:55, memory = 165.15 (MB), peak = 165.09 (MB)

[INFO DRT-0157] Number of guides:     30678

[INFO DRT-0169] Post process guides.
[INFO DRT-0176] GCELLGRID X 0 DO 57 STEP 6900 ;
[INFO DRT-0177] GCELLGRID Y 0 DO 57 STEP 6900 ;
[INFO DRT-0028]   Complete FR_MASTERSLICE.
[INFO DRT-0028]   Complete licon.
[INFO DRT-0028]   Complete li1.
[INFO DRT-0028]   Complete mcon.
[INFO DRT-0028]   Complete met1.
[INFO DRT-0028]   Complete via.
[INFO DRT-0028]   Complete met2.
[INFO DRT-0028]   Complete via2.
[INFO DRT-0028]   Complete met3.
[INFO DRT-0028]   Complete via3.
[INFO DRT-0028]   Complete met4.
[INFO DRT-0028]   Complete via4.
[INFO DRT-0028]   Complete met5.
[INFO DRT-0178] Init guide query.
[INFO DRT-0035]   Complete FR_MASTERSLICE (guide).
[INFO DRT-0035]   Complete licon (guide).
[INFO DRT-0035]   Complete li1 (guide).
[INFO DRT-0035]   Complete mcon (guide).
[INFO DRT-0035]   Complete met1 (guide).
[INFO DRT-0035]   Complete via (guide).
[INFO DRT-0035]   Complete met2 (guide).
[INFO DRT-0035]   Complete via2 (guide).
[INFO DRT-0035]   Complete met3 (guide).
[INFO DRT-0035]   Complete via3 (guide).
[INFO DRT-0035]   Complete met4 (guide).
[INFO DRT-0035]   Complete via4 (guide).
[INFO DRT-0035]   Complete met5 (guide).
[INFO DRT-0036] FR_MASTERSLICE guide region query size = 0.
[INFO DRT-0036] licon guide region query size = 0.
[INFO DRT-0036] li1 guide region query size = 11034.
[INFO DRT-0036] mcon guide region query size = 0.
[INFO DRT-0036] met1 guide region query size = 8623.
[INFO DRT-0036] via guide region query size = 0.
[INFO DRT-0036] met2 guide region query size = 4492.
[INFO DRT-0036] via2 guide region query size = 0.
[INFO DRT-0036] met3 guide region query size = 276.
[INFO DRT-0036] via3 guide region query size = 0.
[INFO DRT-0036] met4 guide region query size = 77.
[INFO DRT-0036] via4 guide region query size = 0.
[INFO DRT-0036] met5 guide region query size = 0.
[INFO DRT-0179] Init gr pin query.
[INFO DRT-0245] skipped writing guide updates to database.
[INFO DRT-0185] Post process initialize RPin region query.
[INFO DRT-0181] Start track assignment.
[INFO DRT-0184] Done with 15603 vertical wires in 2 frboxes and 8899 horizontal wires in 2 frboxes.
[INFO DRT-0186] Done with 1404 vertical wires in 2 frboxes and 2862 horizontal wires in 2 frboxes.
[INFO DRT-0182] Complete track assignment.
[INFO DRT-0267] cpu time = 00:00:01, elapsed time = 00:00:01, memory = 205.96 (MB), peak = 205.87 (MB)
[INFO DRT-0187] Start routing data preparation.
[INFO DRT-0267] cpu time = 00:00:00, elapsed time = 00:00:00, memory = 205.96 (MB), peak = 205.87 (MB)
[INFO DRT-0194] Start detail routing.
[INFO DRT-0195] Start 0th optimization iteration.
    Completing 10% with 0 violations.
    elapsed time = 00:00:07, memory = 215.99 (MB).
    Completing 20% with 0 violations.
    elapsed time = 00:00:13, memory = 273.64 (MB).
    Completing 30% with 0 violations.
    elapsed time = 00:00:15, memory = 274.73 (MB).
    Completing 40% with 443 violations.
    elapsed time = 00:00:22, memory = 297.35 (MB).
    Completing 50% with 443 violations.
    elapsed time = 00:00:30, memory = 298.87 (MB).
    Completing 60% with 897 violations.
    elapsed time = 00:00:35, memory = 303.01 (MB).
    Completing 70% with 897 violations.
    elapsed time = 00:00:46, memory = 311.00 (MB).
    Completing 80% with 897 violations.
    elapsed time = 00:00:49, memory = 311.00 (MB).
    Completing 90% with 1380 violations.
    elapsed time = 00:01:06, memory = 317.72 (MB).
    Completing 100% with 1829 violations.
    elapsed time = 00:01:11, memory = 317.72 (MB).
[INFO DRT-0199]   Number of violations = 2029.
Viol/Layer         li1   met1   met2   met3   met4
Metal Spacing       19    346     73      1      0
Recheck              0    138     47      0     15
Short                0   1304     86      0      0
[INFO DRT-0267] cpu time = 00:01:06, elapsed time = 00:01:12, memory = 570.28 (MB), peak = 570.18 (MB)
Total wire length = 144735 um.
Total wire length on LAYER li1 = 0 um.
Total wire length on LAYER met1 = 66797 um.
Total wire length on LAYER met2 = 65053 um.
Total wire length on LAYER met3 = 8564 um.
Total wire length on LAYER met4 = 4319 um.
Total wire length on LAYER met5 = 0 um.
Total number of vias = 30485.
Up-via summary (total 30485):

------------------------
 FR_MASTERSLICE        0
            li1    14805
           met1    15082
           met2      453
           met3      145
           met4        0
------------------------
                   30485


[INFO DRT-0195] Start 1st optimization iteration.
    Completing 10% with 2029 violations.
    elapsed time = 00:00:05, memory = 570.28 (MB).
    Completing 20% with 2029 violations.
    elapsed time = 00:00:11, memory = 570.28 (MB).
    Completing 30% with 2029 violations.
    elapsed time = 00:00:13, memory = 570.28 (MB).
    Completing 40% with 1734 violations.
    elapsed time = 00:00:22, memory = 570.28 (MB).
    Completing 50% with 1734 violations.
    elapsed time = 00:00:32, memory = 570.28 (MB).
    Completing 60% with 1525 violations.
    elapsed time = 00:00:35, memory = 570.28 (MB).
    Completing 70% with 1525 violations.
    elapsed time = 00:00:44, memory = 570.28 (MB).
    Completing 80% with 1525 violations.
    elapsed time = 00:00:47, memory = 570.28 (MB).
    Completing 90% with 1374 violations.
    elapsed time = 00:00:59, memory = 570.28 (MB).
    Completing 100% with 1265 violations.
    elapsed time = 00:01:03, memory = 570.28 (MB).
[INFO DRT-0199]   Number of violations = 1265.
Viol/Layer        mcon   met1   met2   met3
Cut Spacing          5      0      0      0
Metal Spacing        0    250     37      1
Short                0    948     24      0
[INFO DRT-0267] cpu time = 00:00:58, elapsed time = 00:01:03, memory = 570.74 (MB), peak = 570.68 (MB)
Total wire length = 144051 um.
Total wire length on LAYER li1 = 0 um.
Total wire length on LAYER met1 = 66534 um.
Total wire length on LAYER met2 = 64751 um.
Total wire length on LAYER met3 = 8491 um.
Total wire length on LAYER met4 = 4274 um.
Total wire length on LAYER met5 = 0 um.
Total number of vias = 30389.
Up-via summary (total 30389):

------------------------
 FR_MASTERSLICE        0
            li1    14787
           met1    15019
           met2      442
           met3      141
           met4        0
------------------------
                   30389


[INFO DRT-0195] Start 2nd optimization iteration.
    Completing 10% with 1265 violations.
    elapsed time = 00:00:06, memory = 570.74 (MB).
    Completing 20% with 1265 violations.
    elapsed time = 00:00:13, memory = 570.74 (MB).
    Completing 30% with 1265 violations.
    elapsed time = 00:00:16, memory = 570.74 (MB).
    Completing 40% with 1201 violations.
    elapsed time = 00:00:22, memory = 570.74 (MB).
    Completing 50% with 1201 violations.
    elapsed time = 00:00:33, memory = 570.74 (MB).
    Completing 60% with 1157 violations.
    elapsed time = 00:00:34, memory = 570.74 (MB).
    Completing 70% with 1157 violations.
    elapsed time = 00:00:43, memory = 570.74 (MB).
    Completing 80% with 1157 violations.
    elapsed time = 00:00:46, memory = 570.74 (MB).
    Completing 90% with 1061 violations.
    elapsed time = 00:00:55, memory = 570.74 (MB).
    Completing 100% with 1046 violations.
    elapsed time = 00:01:03, memory = 570.74 (MB).
[INFO DRT-0199]   Number of violations = 1046.
Viol/Layer        mcon   met1   met2
Cut Spacing          1      0      0
Metal Spacing        0    172     31
Short                0    808     34
[INFO DRT-0267] cpu time = 00:00:57, elapsed time = 00:01:03, memory = 571.42 (MB), peak = 571.30 (MB)
Total wire length = 143794 um.
Total wire length on LAYER li1 = 0 um.
Total wire length on LAYER met1 = 66452 um.
Total wire length on LAYER met2 = 64579 um.
Total wire length on LAYER met3 = 8502 um.
Total wire length on LAYER met4 = 4260 um.
Total wire length on LAYER met5 = 0 um.
Total number of vias = 30228.
Up-via summary (total 30228):

------------------------
 FR_MASTERSLICE        0
            li1    14787
           met1    14849
           met2      450
           met3      142
           met4        0
------------------------
                   30228


[INFO DRT-0195] Start 3rd optimization iteration.
    Completing 10% with 1046 violations.
    elapsed time = 00:00:04, memory = 571.42 (MB).
    Completing 20% with 1046 violations.
    elapsed time = 00:00:09, memory = 571.42 (MB).
    Completing 30% with 1046 violations.
    elapsed time = 00:00:11, memory = 571.42 (MB).
    Completing 40% with 825 violations.
    elapsed time = 00:00:14, memory = 571.42 (MB).
    Completing 50% with 825 violations.
    elapsed time = 00:00:19, memory = 571.42 (MB).
    Completing 60% with 578 violations.
    elapsed time = 00:00:21, memory = 571.42 (MB).
    Completing 70% with 578 violations.
    elapsed time = 00:00:28, memory = 571.42 (MB).
    Completing 80% with 578 violations.
    elapsed time = 00:00:31, memory = 571.42 (MB).
    Completing 90% with 313 violations.
    elapsed time = 00:00:37, memory = 571.42 (MB).
    Completing 100% with 82 violations.
    elapsed time = 00:00:43, memory = 571.42 (MB).
[INFO DRT-0199]   Number of violations = 82.
Viol/Layer        met1   met2
Metal Spacing       25      4
Short               51      2
[INFO DRT-0267] cpu time = 00:00:40, elapsed time = 00:00:44, memory = 571.42 (MB), peak = 571.30 (MB)
Total wire length = 143634 um.
Total wire length on LAYER li1 = 0 um.
Total wire length on LAYER met1 = 63480 um.
Total wire length on LAYER met2 = 64635 um.
Total wire length on LAYER met3 = 11181 um.
Total wire length on LAYER met4 = 4336 um.
Total wire length on LAYER met5 = 0 um.
Total number of vias = 30890.
Up-via summary (total 30890):

------------------------
 FR_MASTERSLICE        0
            li1    14787
           met1    15111
           met2      845
           met3      147
           met4        0
------------------------
                   30890


[INFO DRT-0195] Start 4th optimization iteration.
    Completing 10% with 82 violations.
    elapsed time = 00:00:00, memory = 571.42 (MB).
    Completing 20% with 82 violations.
    elapsed time = 00:00:00, memory = 571.42 (MB).
    Completing 30% with 82 violations.
    elapsed time = 00:00:01, memory = 571.42 (MB).
    Completing 40% with 61 violations.
    elapsed time = 00:00:01, memory = 571.42 (MB).
    Completing 50% with 61 violations.
    elapsed time = 00:00:02, memory = 571.42 (MB).
    Completing 60% with 40 violations.
    elapsed time = 00:00:02, memory = 571.42 (MB).
    Completing 70% with 40 violations.
    elapsed time = 00:00:04, memory = 571.42 (MB).
    Completing 80% with 40 violations.
    elapsed time = 00:00:04, memory = 571.42 (MB).
    Completing 90% with 16 violations.
    elapsed time = 00:00:05, memory = 571.42 (MB).
    Completing 100% with 0 violations.
    elapsed time = 00:00:05, memory = 571.42 (MB).
[INFO DRT-0199]   Number of violations = 0.
[INFO DRT-0267] cpu time = 00:00:05, elapsed time = 00:00:05, memory = 571.42 (MB), peak = 571.30 (MB)
Total wire length = 143610 um.
Total wire length on LAYER li1 = 0 um.
Total wire length on LAYER met1 = 63457 um.
Total wire length on LAYER met2 = 64703 um.
Total wire length on LAYER met3 = 11162 um.
Total wire length on LAYER met4 = 4286 um.
Total wire length on LAYER met5 = 0 um.
Total number of vias = 30903.
Up-via summary (total 30903):

------------------------
 FR_MASTERSLICE        0
            li1    14787
           met1    15126
           met2      848
           met3      142
           met4        0
------------------------
                   30903


[INFO DRT-0198] Complete detail routing.
Total wire length = 143610 um.
Total wire length on LAYER li1 = 0 um.
Total wire length on LAYER met1 = 63457 um.
Total wire length on LAYER met2 = 64703 um.
Total wire length on LAYER met3 = 11162 um.
Total wire length on LAYER met4 = 4286 um.
Total wire length on LAYER met5 = 0 um.
Total number of vias = 30903.
Up-via summary (total 30903):

------------------------
 FR_MASTERSLICE        0
            li1    14787
           met1    15126
           met2      848
           met3      142
           met4        0
------------------------
                   30903


[INFO DRT-0267] cpu time = 00:03:48, elapsed time = 00:04:09, memory = 571.42 (MB), peak = 571.30 (MB)

[INFO DRT-0180] Post processing.
Setting global connections for newly added cells…
[INFO] Setting global connections...
Updating metrics…
Cell type report:                       Count       Area
  Fill cell                               234     878.34
  Tap cell                               1428    1786.71
  Antenna cell                             42     105.10
  Timing Repair Buffer                    475    2961.59
  Inverter                                 83     311.55
  Sequential cell                          36     720.69
  Multi-Input combinational cell         3386   26434.10
  Total                                  5684   33198.09
Writing OpenROAD database to '/home/asiclab/Desktop/Lab2/runs/RUN_2026-02-22_21-45-16/43-openroad-detailedrouting/alu.odb'…
Writing netlist to '/home/asiclab/Desktop/Lab2/runs/RUN_2026-02-22_21-45-16/43-openroad-detailedrouting/alu.nl.v'…
Writing powered netlist to '/home/asiclab/Desktop/Lab2/runs/RUN_2026-02-22_21-45-16/43-openroad-detailedrouting/alu.pnl.v'…
Writing layout to '/home/asiclab/Desktop/Lab2/runs/RUN_2026-02-22_21-45-16/43-openroad-detailedrouting/alu.def'…
Writing timing constraints to '/home/asiclab/Desktop/Lab2/runs/RUN_2026-02-22_21-45-16/43-openroad-detailedrouting/alu.sdc'…
