Startpoint: shift_amt[1] (input port clocked by clk)
Endpoint: _4_ (rising edge-triggered flip-flop clocked by clk)
Path Group: clk
Path Type: min

  Delay    Time   Description
---------------------------------------------------------
   0.00    0.00   clock clk (rise edge)
   0.00    0.00   clock network delay (propagated)
   2.00    2.00 ^ input external delay
   0.02    2.02 ^ shift_amt[1] (in)
   0.06    2.07 v _2_/X (sky130_fd_sc_hd__xor2_1)
   0.00    2.07 v _4_/D (sky130_fd_sc_hd__dfrtp_1)
           2.07   data arrival time

   0.00    0.00   clock clk (rise edge)
   0.00    0.00   clock network delay (propagated)
   0.20    0.20   clock uncertainty
   0.00    0.20   clock reconvergence pessimism
           0.20 ^ _4_/CLK (sky130_fd_sc_hd__dfrtp_1)
  -0.05    0.15   library hold time
           0.15   data required time
---------------------------------------------------------
           0.15   data required time
          -2.07   data arrival time
---------------------------------------------------------
           1.93   slack (MET)


