Startpoint: _4_ (rising edge-triggered flip-flop clocked by clk)
Endpoint: y (output port clocked by clk)
Path Group: clk
Path Type: max

  Delay    Time   Description
---------------------------------------------------------
   0.00    0.00   clock clk (rise edge)
   0.00    0.00   clock network delay (propagated)
   0.00    0.00 ^ _4_/CLK (sky130_fd_sc_hd__dfrtp_1)
   0.33    0.33 v _4_/Q (sky130_fd_sc_hd__dfrtp_1)
   0.49    0.82 v _3_/X (sky130_fd_sc_hd__mux2_1)
   0.00    0.82 v y (out)
           0.82   data arrival time

   6.00    6.00   clock clk (rise edge)
   0.00    6.00   clock network delay (propagated)
  -0.20    5.80   clock uncertainty
   0.00    5.80   clock reconvergence pessimism
  -2.00    3.80   output external delay
           3.80   data required time
---------------------------------------------------------
           3.80   data required time
          -0.82   data arrival time
---------------------------------------------------------
           2.98   slack (MET)


