
 /----------------------------------------------------------------------------\
 |  yosys -- Yosys Open SYnthesis Suite                                       |
 |  Copyright (C) 2012 - 2026  Claire Xenia Wolf <claire@yosyshq.com>         |
 |  Distributed under an ISC-like license, type "license" to see terms        |
 \----------------------------------------------------------------------------/
 Yosys 0.63+87 (git sha1 2f1cdc2df, clang++ 18.1.8 -fPIC -O3)

-- Executing script file `design_smt2.ys' --

1. Executing RTLIL frontend.
Input filename: design_prep.il

2. Executing HIERARCHY pass (managing design hierarchy).
Attribute `top' found on module `riscv_top'. Setting top module to riscv_top.

2.1. Analyzing design hierarchy..
Top module:  \riscv_top

2.2. Analyzing design hierarchy..
Top module:  \riscv_top
Removed 0 unused modules.

3. Executing FORMALFF pass.

4. Executing DFFUNMAP pass (unmap clock enable and synchronous reset from FFs).

5. Printing statistics.

=== riscv_top ===

        +----------Local Count, excluding submodules.
        | 
        2 wires
        2 wire bits
        2 public wires
        2 public wire bits
        2 ports
        2 port bits

6. Executing SMT2 backend.

6.1. Executing BMUXMAP pass.

6.2. Executing DEMUXMAP pass.
Creating SMT-LIBv2 representation of module riscv_top.

End of script. Logfile hash: b1652c5bbe, CPU: user 0.01s system 0.01s, MEM: 14.72 MB peak
Yosys 0.63+87 (git sha1 2f1cdc2df, clang++ 18.1.8 -fPIC -O3)
Time spent: 36% 2x write_smt2 (0 sec), 29% 2x read_rtlil (0 sec), ...
