Reading OpenROAD database at '/home/asiclab/Desktop/Lab2/runs/RUN_2026-02-22_21-45-16/20-openroad-generatepdn/alu.odb'…
Reading library file at '/home/asiclab/.ciel/ciel/sky130/versions/0fe599b2afb6708d281543108caf8310912f54af/sky130A/libs.ref/sky130_fd_sc_hd/lib/sky130_fd_sc_hd__tt_025C_1v80.lib'…
Reading design constraints file at '/nix/store/7g0vizqj28nnagzfcf4gm732zlaywx9g-python3-3.11.9-env/lib/python3.11/site-packages/librelane/scripts/base.sdc'…
[WARNING STA-0366] port 'clk' not found.
[INFO] Using clock clk…
[INFO] Setting output delay to: 10
[INFO] Setting input delay to: 10
[WARNING STA-0366] port 'clk' not found.
[INFO] Setting load to: 0.033442
[INFO] Setting clock uncertainty to: 0.25
[INFO] Setting clock transition to: 0.1499999999999999944488848768742172978818416595458984375
[WARNING STA-0419] transition time can not be specified for virtual clocks.
[INFO] Setting timing derate to: 5%
[WARNING STA-0450] virtual clock clk can not be propagated.
+ global_placement -density 0.45628100000000005 -skip_io -pad_right 0 -pad_left 0 -init_wirelength_coef 0.25
[INFO GPL-0002] DBU: 1000
[INFO GPL-0003] SiteSize: (  0.460  2.720 ) um
[INFO GPL-0004] CoreBBox: ( 40.020 40.800 ) ( 359.720 359.040 ) um
[INFO GPL-0006] NumInstances:              5167
[INFO GPL-0007] NumPlaceInstances:         3505
[INFO GPL-0008] NumFixedInstances:         1662
[INFO GPL-0009] NumDummyInstances:            0
[INFO GPL-0010] NumNets:                   3580
[INFO GPL-0011] NumPins:                  13813
[INFO GPL-0012] DieBBox:  (  0.000  0.000 ) ( 400.000 400.000 ) um
[INFO GPL-0013] CoreBBox: ( 40.020 40.800 ) ( 359.720 359.040 ) um
[INFO GPL-0016] CoreArea:            101741.328 um^2
[INFO GPL-0017] NonPlaceInstsArea:     2665.056 um^2
[INFO GPL-0018] PlaceInstsArea:       34461.802 um^2
[INFO GPL-0019] Util:                    34.783 %
[INFO GPL-0020] StdInstsArea:         34461.802 um^2
[INFO GPL-0021] MacroInstsArea:           0.000 um^2
[INFO GPL-0031] FillerInit:NumGCells:      4622
[INFO GPL-0032] FillerInit:NumGNets:       3580
[INFO GPL-0033] FillerInit:NumGPins:      13813
[INFO GPL-0023] TargetDensity:            0.456
[INFO GPL-0024] AvrgPlaceInstArea:        9.832 um^2
[INFO GPL-0025] IdealBinArea:            21.549 um^2
[INFO GPL-0026] IdealBinCnt:               4721
[INFO GPL-0027] TotalBinArea:        101741.328 um^2
[INFO GPL-0028] BinCnt:        64     64
[INFO GPL-0029] BinSize: (  4.996  4.973 )
[INFO GPL-0030] NumBins: 4096
[NesterovSolve] Iter:    1 overflow: 0.998 HPWL: 8999840
[NesterovSolve] Iter:   10 overflow: 0.997 HPWL: 6100943
[NesterovSolve] Iter:   20 overflow: 0.997 HPWL: 6001352
[NesterovSolve] Iter:   30 overflow: 0.997 HPWL: 5984714
[NesterovSolve] Iter:   40 overflow: 0.997 HPWL: 5983410
[NesterovSolve] Iter:   50 overflow: 0.997 HPWL: 5983683
[NesterovSolve] Iter:   60 overflow: 0.997 HPWL: 5982972
[NesterovSolve] Iter:   70 overflow: 0.997 HPWL: 5982864
[NesterovSolve] Iter:   80 overflow: 0.997 HPWL: 5983968
[NesterovSolve] Iter:   90 overflow: 0.997 HPWL: 5988348
[NesterovSolve] Iter:  100 overflow: 0.997 HPWL: 6003693
[NesterovSolve] Iter:  110 overflow: 0.997 HPWL: 6055340
[NesterovSolve] Iter:  120 overflow: 0.996 HPWL: 6227954
[NesterovSolve] Iter:  130 overflow: 0.994 HPWL: 6802045
[NesterovSolve] Iter:  140 overflow: 0.992 HPWL: 8366070
[NesterovSolve] Iter:  150 overflow: 0.986 HPWL: 11372167
[NesterovSolve] Iter:  160 overflow: 0.979 HPWL: 14437694
[NesterovSolve] Iter:  170 overflow: 0.970 HPWL: 16801232
[NesterovSolve] Iter:  180 overflow: 0.957 HPWL: 19612875
[NesterovSolve] Iter:  190 overflow: 0.934 HPWL: 23577754
[NesterovSolve] Iter:  200 overflow: 0.904 HPWL: 27747573
[NesterovSolve] Iter:  210 overflow: 0.874 HPWL: 31640639
[NesterovSolve] Iter:  220 overflow: 0.843 HPWL: 35628023
[NesterovSolve] Iter:  230 overflow: 0.807 HPWL: 39934563
[NesterovSolve] Iter:  240 overflow: 0.762 HPWL: 44393055
[NesterovSolve] Iter:  250 overflow: 0.715 HPWL: 48622833
[NesterovSolve] Iter:  260 overflow: 0.669 HPWL: 52294767
[NesterovSolve] Iter:  270 overflow: 0.614 HPWL: 55953629
[NesterovSolve] Iter:  280 overflow: 0.560 HPWL: 59265533
[NesterovSolve] Iter:  290 overflow: 0.499 HPWL: 62352227
[NesterovSolve] Iter:  300 overflow: 0.452 HPWL: 64591704
[NesterovSolve] Iter:  310 overflow: 0.419 HPWL: 66684364
[NesterovSolve] Iter:  320 overflow: 0.382 HPWL: 68520055
[NesterovSolve] Iter:  330 overflow: 0.337 HPWL: 69661296
[NesterovSolve] Iter:  340 overflow: 0.318 HPWL: 70302019
[NesterovSolve] Iter:  350 overflow: 0.291 HPWL: 70876554
[NesterovSolve] Iter:  360 overflow: 0.265 HPWL: 71418293
[NesterovSolve] Iter:  370 overflow: 0.244 HPWL: 71827364
[NesterovSolve] Iter:  380 overflow: 0.223 HPWL: 72208810
[NesterovSolve] Iter:  390 overflow: 0.206 HPWL: 72580150
[NesterovSolve] Iter:  400 overflow: 0.186 HPWL: 72926135
[NesterovSolve] Iter:  410 overflow: 0.166 HPWL: 73238855
[NesterovSolve] Iter:  420 overflow: 0.146 HPWL: 73566061
[NesterovSolve] Iter:  430 overflow: 0.128 HPWL: 73928783
[NesterovSolve] Iter:  440 overflow: 0.110 HPWL: 74147876
[NesterovSolve] Finished with Overflow: 0.098320
[INFO] Setting RC values…
Setting global connections for newly added cells…
[INFO] Setting global connections...
Updating metrics…
Cell type report:                       Count       Area
  Fill cell                               234     878.34
  Tap cell                               1428    1786.71
  Inverter                                 83     311.55
  Sequential cell                          36     765.73
  Multi-Input combinational cell         3386   33384.52
  Total                                  5167   37126.86
Writing OpenROAD database to '/home/asiclab/Desktop/Lab2/runs/RUN_2026-02-22_21-45-16/23-openroad-globalplacementskipio/alu.odb'…
Writing netlist to '/home/asiclab/Desktop/Lab2/runs/RUN_2026-02-22_21-45-16/23-openroad-globalplacementskipio/alu.nl.v'…
Writing powered netlist to '/home/asiclab/Desktop/Lab2/runs/RUN_2026-02-22_21-45-16/23-openroad-globalplacementskipio/alu.pnl.v'…
Writing layout to '/home/asiclab/Desktop/Lab2/runs/RUN_2026-02-22_21-45-16/23-openroad-globalplacementskipio/alu.def'…
Writing timing constraints to '/home/asiclab/Desktop/Lab2/runs/RUN_2026-02-22_21-45-16/23-openroad-globalplacementskipio/alu.sdc'…
