Clock: clk
Sources: 
Generated: no
Virtual: yes
Propagated: no
Period: 50.000000

===========================================================================
report_clock_properties
============================================================================
Clock                   Period          Waveform
----------------------------------------------------
clk                  50.000000    0.000000 25.000000

===========================================================================
report_clock_latency
============================================================================
Clock clk
rise -> rise
    min     max
0.000000 0.000000 source latency
10.637335         network latency _6881_/CLK
        11.568995 network latency _6888_/CLK
---------------
10.637335 11.568995 latency
        0.931660 skew

rise -> fall
    min     max
0.000000 0.000000 source latency
10.564219         network latency _6881_/CLK
        11.373721 network latency _6888_/CLK
---------------
10.564219 11.373721 latency
        0.809502 skew



===========================================================================
report_clock_min_period
============================================================================
clk period_min = 0.00 fmax = inf
